<?xml version="1.0" encoding="UTF-8"?>
<coverage generated="1780902975669" clover="3.2.0">
  <project timestamp="1780902975669" name="All files">
    <metrics statements="380" coveredstatements="338" conditionals="247" coveredconditionals="209" methods="161" coveredmethods="124" elements="788" coveredelements="671" complexity="0" loc="380" ncloc="380" packages="9" files="20" classes="20"/>
    <package name="components.application.v2">
      <metrics statements="72" coveredstatements="41" conditionals="9" coveredconditionals="8" methods="37" coveredmethods="6"/>
      <file name="ScreenHeader.jsx" path="/Users/rickyfelix/GitHub/Arisan-Digital/frontend/src/components/application/v2/ScreenHeader.jsx">
        <metrics statements="1" coveredstatements="1" conditionals="4" coveredconditionals="4" methods="1" coveredmethods="1"/>
        <line num="20" count="11" type="stmt"/>
      </file>
      <file name="icons.jsx" path="/Users/rickyfelix/GitHub/Arisan-Digital/frontend/src/components/application/v2/icons.jsx">
        <metrics statements="71" coveredstatements="40" conditionals="5" coveredconditionals="4" methods="36" coveredmethods="5"/>
        <line num="12" count="27" type="stmt"/>
        <line num="30" count="3" type="stmt"/>
        <line num="31" count="0" type="stmt"/>
        <line num="39" count="3" type="stmt"/>
        <line num="40" count="0" type="stmt"/>
        <line num="47" count="3" type="stmt"/>
        <line num="48" count="0" type="stmt"/>
        <line num="54" count="3" type="stmt"/>
        <line num="55" count="0" type="stmt"/>
        <line num="62" count="3" type="cond" truecount="0" falsecount="1"/>
        <line num="63" count="0" type="stmt"/>
        <line num="70" count="3" type="stmt"/>
        <line num="71" count="0" type="stmt"/>
        <line num="77" count="3" type="stmt"/>
        <line num="78" count="0" type="stmt"/>
        <line num="85" count="3" type="stmt"/>
        <line num="86" count="0" type="stmt"/>
        <line num="91" count="3" type="stmt"/>
        <line num="92" count="0" type="stmt"/>
        <line num="99" count="3" type="stmt"/>
        <line num="100" count="0" type="stmt"/>
        <line num="107" count="3" type="stmt"/>
        <line num="108" count="0" type="stmt"/>
        <line num="115" count="3" type="stmt"/>
        <line num="116" count="0" type="stmt"/>
        <line num="123" count="3" type="stmt"/>
        <line num="124" count="0" type="stmt"/>
        <line num="130" count="3" type="stmt"/>
        <line num="131" count="0" type="stmt"/>
        <line num="140" count="3" type="stmt"/>
        <line num="141" count="0" type="stmt"/>
        <line num="148" count="3" type="stmt"/>
        <line num="149" count="4" type="stmt"/>
        <line num="154" count="3" type="stmt"/>
        <line num="155" count="9" type="stmt"/>
        <line num="160" count="3" type="stmt"/>
        <line num="161" count="0" type="stmt"/>
        <line num="166" count="3" type="stmt"/>
        <line num="167" count="0" type="stmt"/>
        <line num="178" count="3" type="stmt"/>
        <line num="179" count="7" type="stmt"/>
        <line num="185" count="3" type="stmt"/>
        <line num="186" count="0" type="stmt"/>
        <line num="192" count="3" type="stmt"/>
        <line num="193" count="7" type="stmt"/>
        <line num="198" count="3" type="stmt"/>
        <line num="199" count="0" type="stmt"/>
        <line num="207" count="3" type="stmt"/>
        <line num="208" count="0" type="stmt"/>
        <line num="215" count="3" type="stmt"/>
        <line num="216" count="0" type="stmt"/>
        <line num="222" count="3" type="stmt"/>
        <line num="223" count="0" type="stmt"/>
        <line num="231" count="3" type="stmt"/>
        <line num="232" count="0" type="stmt"/>
        <line num="238" count="3" type="stmt"/>
        <line num="239" count="0" type="stmt"/>
        <line num="247" count="3" type="stmt"/>
        <line num="248" count="0" type="stmt"/>
        <line num="261" count="3" type="stmt"/>
        <line num="262" count="0" type="stmt"/>
        <line num="268" count="3" type="stmt"/>
        <line num="269" count="0" type="stmt"/>
        <line num="275" count="3" type="stmt"/>
        <line num="276" count="0" type="stmt"/>
        <line num="282" count="3" type="stmt"/>
        <line num="283" count="0" type="stmt"/>
        <line num="292" count="3" type="stmt"/>
        <line num="293" count="0" type="stmt"/>
        <line num="304" count="3" type="stmt"/>
        <line num="305" count="0" type="stmt"/>
      </file>
    </package>
    <package name="components.application.v2.bukti">
      <metrics statements="1" coveredstatements="1" conditionals="6" coveredconditionals="6" methods="1" coveredmethods="1"/>
      <file name="DetailRow.jsx" path="/Users/rickyfelix/GitHub/Arisan-Digital/frontend/src/components/application/v2/bukti/DetailRow.jsx">
        <metrics statements="1" coveredstatements="1" conditionals="6" coveredconditionals="6" methods="1" coveredmethods="1"/>
        <line num="12" count="8" type="stmt"/>
      </file>
    </package>
    <package name="components.application.v2.home">
      <metrics statements="6" coveredstatements="6" conditionals="2" coveredconditionals="2" methods="6" coveredmethods="6"/>
      <file name="CardBlobs.jsx" path="/Users/rickyfelix/GitHub/Arisan-Digital/frontend/src/components/application/v2/home/CardBlobs.jsx">
        <metrics statements="5" coveredstatements="5" conditionals="2" coveredconditionals="2" methods="5" coveredmethods="5"/>
        <line num="5" count="7" type="stmt"/>
        <line num="6" count="30" type="stmt"/>
        <line num="24" count="7" type="stmt"/>
        <line num="25" count="7" type="stmt"/>
        <line num="26" count="30" type="stmt"/>
      </file>
      <file name="EmptyCard.jsx" path="/Users/rickyfelix/GitHub/Arisan-Digital/frontend/src/components/application/v2/home/EmptyCard.jsx">
        <metrics statements="1" coveredstatements="1" conditionals="0" coveredconditionals="0" methods="1" coveredmethods="1"/>
        <line num="14" count="7" type="stmt"/>
      </file>
    </package>
    <package name="components.application.v2.profil">
      <metrics statements="3" coveredstatements="3" conditionals="12" coveredconditionals="11" methods="1" coveredmethods="1"/>
      <file name="MenuRow.jsx" path="/Users/rickyfelix/GitHub/Arisan-Digital/frontend/src/components/application/v2/profil/MenuRow.jsx">
        <metrics statements="3" coveredstatements="3" conditionals="12" coveredconditionals="11" methods="1" coveredmethods="1"/>
        <line num="14" count="1" type="stmt"/>
        <line num="23" count="11" type="cond" truecount="3" falsecount="1"/>
        <line num="25" count="11" type="stmt"/>
      </file>
    </package>
    <package name="context">
      <metrics statements="59" coveredstatements="50" conditionals="53" coveredconditionals="42" methods="25" coveredmethods="19"/>
      <file name="AccountPromptContext.jsx" path="/Users/rickyfelix/GitHub/Arisan-Digital/frontend/src/context/AccountPromptContext.jsx">
        <metrics statements="4" coveredstatements="4" conditionals="2" coveredconditionals="2" methods="4" coveredmethods="3"/>
        <line num="21" count="1" type="stmt"/>
        <line num="25" count="4" type="stmt"/>
        <line num="29" count="4" type="stmt"/>
        <line num="37" count="4" type="cond" truecount="2" falsecount="0"/>
      </file>
      <file name="AuthContext.jsx" path="/Users/rickyfelix/GitHub/Arisan-Digital/frontend/src/context/AuthContext.jsx">
        <metrics statements="46" coveredstatements="37" conditionals="34" coveredconditionals="23" methods="13" coveredmethods="8"/>
        <line num="50" count="1" type="stmt"/>
        <line num="53" count="18" type="stmt"/>
        <line num="54" count="18" type="stmt"/>
        <line num="55" count="18" type="stmt"/>
        <line num="58" count="18" type="stmt"/>
        <line num="60" count="9" type="stmt"/>
        <line num="61" count="9" type="cond" truecount="2" falsecount="0"/>
        <line num="62" count="9" type="cond" truecount="2" falsecount="0"/>
        <line num="63" count="1" type="stmt"/>
        <line num="67" count="9" type="stmt"/>
        <line num="72" count="9" type="stmt"/>
        <line num="73" count="0" type="cond" truecount="0" falsecount="2"/>
        <line num="74" count="0" type="cond" truecount="0" falsecount="2"/>
        <line num="75" count="0" type="stmt"/>
        <line num="77" count="0" type="stmt"/>
        <line num="81" count="9" type="stmt"/>
        <line num="92" count="2" type="stmt"/>
        <line num="93" count="2" type="cond" truecount="1" falsecount="1"/>
        <line num="94" count="0" type="stmt"/>
        <line num="98" count="2" type="cond" truecount="2" falsecount="0"/>
        <line num="99" count="1" type="stmt"/>
        <line num="110" count="1" type="stmt"/>
        <line num="117" count="2" type="stmt"/>
        <line num="118" count="2" type="cond" truecount="1" falsecount="1"/>
        <line num="124" count="2" type="cond" truecount="4" falsecount="0"/>
        <line num="128" count="1" type="stmt"/>
        <line num="143" count="3" type="stmt"/>
        <line num="144" count="3" type="cond" truecount="2" falsecount="0"/>
        <line num="145" count="1" type="stmt"/>
        <line num="149" count="2" type="cond" truecount="1" falsecount="1"/>
        <line num="150" count="2" type="stmt"/>
        <line num="152" count="0" type="stmt"/>
        <line num="155" count="2" type="stmt"/>
        <line num="156" count="2" type="cond" truecount="2" falsecount="0"/>
        <line num="164" count="1" type="stmt"/>
        <line num="165" count="1" type="cond" truecount="1" falsecount="1"/>
        <line num="171" count="0" type="cond" truecount="0" falsecount="2"/>
        <line num="172" count="0" type="stmt"/>
        <line num="173" count="0" type="stmt"/>
        <line num="177" count="18" type="cond" truecount="2" falsecount="0"/>
        <line num="178" count="18" type="stmt"/>
        <line num="185" count="18" type="stmt"/>
        <line num="187" count="18" type="stmt"/>
        <line num="209" count="22" type="stmt"/>
        <line num="210" count="22" type="cond" truecount="2" falsecount="0"/>
        <line num="211" count="17" type="stmt"/>
      </file>
      <file name="ToastContext.jsx" path="/Users/rickyfelix/GitHub/Arisan-Digital/frontend/src/context/ToastContext.jsx">
        <metrics statements="9" coveredstatements="9" conditionals="17" coveredconditionals="17" methods="8" coveredmethods="8"/>
        <line num="5" count="1" type="stmt"/>
        <line num="8" count="20" type="stmt"/>
        <line num="10" count="20" type="cond" truecount="1" falsecount="0"/>
        <line num="11" count="10" type="stmt"/>
        <line num="12" count="10" type="stmt"/>
        <line num="13" count="10" type="stmt"/>
        <line num="16" count="20" type="stmt"/>
        <line num="22" count="10" type="stmt"/>
        <line num="50" count="11" type="stmt"/>
      </file>
    </package>
    <package name="hooks">
      <metrics statements="75" coveredstatements="73" conditionals="109" coveredconditionals="87" methods="19" coveredmethods="19"/>
      <file name="useGroups.js" path="/Users/rickyfelix/GitHub/Arisan-Digital/frontend/src/hooks/useGroups.js">
        <metrics statements="42" coveredstatements="42" conditionals="97" coveredconditionals="78" methods="8" coveredmethods="8"/>
        <line num="10" count="5" type="cond" truecount="2" falsecount="0"/>
        <line num="14" count="5" type="cond" truecount="4" falsecount="0"/>
        <line num="18" count="5" type="cond" truecount="4" falsecount="0"/>
        <line num="20" count="5" type="cond" truecount="2" falsecount="0"/>
        <line num="21" count="5" type="cond" truecount="1" falsecount="2"/>
        <line num="22" count="5" type="cond" truecount="1" falsecount="1"/>
        <line num="24" count="5" type="cond" truecount="2" falsecount="0"/>
        <line num="28" count="5" type="cond" truecount="2" falsecount="0"/>
        <line num="29" count="5" type="cond" truecount="2" falsecount="0"/>
        <line num="31" count="5" type="stmt"/>
        <line num="63" count="2" type="cond" truecount="1" falsecount="1"/>
        <line num="64" count="2" type="cond" truecount="1" falsecount="1"/>
        <line num="65" count="2" type="cond" truecount="1" falsecount="1"/>
        <line num="69" count="2" type="stmt"/>
        <line num="71" count="2" type="cond" truecount="1" falsecount="1"/>
        <line num="72" count="2" type="cond" truecount="3" falsecount="1"/>
        <line num="76" count="2" type="cond" truecount="2" falsecount="2"/>
        <line num="78" count="2" type="stmt"/>
        <line num="121" count="17" type="stmt"/>
        <line num="122" count="17" type="stmt"/>
        <line num="123" count="17" type="stmt"/>
        <line num="125" count="17" type="stmt"/>
        <line num="126" count="9" type="stmt"/>
        <line num="129" count="9" type="stmt"/>
        <line num="130" count="9" type="stmt"/>
        <line num="131" count="9" type="stmt"/>
        <line num="137" count="9" type="stmt"/>
        <line num="142" count="8" type="cond" truecount="1" falsecount="1"/>
        <line num="144" count="8" type="cond" truecount="1" falsecount="1"/>
        <line num="145" count="9" type="cond" truecount="1" falsecount="1"/>
        <line num="148" count="9" type="stmt"/>
        <line num="149" count="9" type="stmt"/>
        <line num="150" count="9" type="stmt"/>
        <line num="152" count="9" type="cond" truecount="2" falsecount="0"/>
        <line num="154" count="1" type="cond" truecount="1" falsecount="1"/>
        <line num="155" count="1" type="stmt"/>
        <line num="156" count="1" type="stmt"/>
        <line num="158" count="1" type="stmt"/>
        <line num="160" count="9" type="cond" truecount="1" falsecount="1"/>
        <line num="164" count="9" type="stmt"/>
        <line num="165" count="9" type="stmt"/>
        <line num="168" count="17" type="stmt"/>
      </file>
      <file name="useNotifications.js" path="/Users/rickyfelix/GitHub/Arisan-Digital/frontend/src/hooks/useNotifications.js">
        <metrics statements="33" coveredstatements="31" conditionals="12" coveredconditionals="9" methods="11" coveredmethods="11"/>
        <line num="15" count="27" type="stmt"/>
        <line num="16" count="27" type="stmt"/>
        <line num="17" count="27" type="stmt"/>
        <line num="18" count="27" type="stmt"/>
        <line num="20" count="27" type="stmt"/>
        <line num="21" count="11" type="stmt"/>
        <line num="24" count="11" type="stmt"/>
        <line num="25" count="11" type="stmt"/>
        <line num="26" count="11" type="stmt"/>
        <line num="28" count="11" type="stmt"/>
        <line num="33" count="10" type="cond" truecount="1" falsecount="1"/>
        <line num="34" count="10" type="cond" truecount="2" falsecount="0"/>
        <line num="35" count="11" type="cond" truecount="2" falsecount="0"/>
        <line num="37" count="1" type="cond" truecount="1" falsecount="1"/>
        <line num="38" count="1" type="stmt"/>
        <line num="39" count="1" type="stmt"/>
        <line num="42" count="11" type="cond" truecount="1" falsecount="1"/>
        <line num="46" count="11" type="stmt"/>
        <line num="47" count="11" type="stmt"/>
        <line num="50" count="27" type="stmt"/>
        <line num="52" count="3" type="stmt"/>
        <line num="53" count="6" type="cond" truecount="2" falsecount="0"/>
        <line num="55" count="3" type="stmt"/>
        <line num="56" count="3" type="stmt"/>
        <line num="57" count="3" type="stmt"/>
        <line num="59" count="0" type="stmt"/>
        <line num="64" count="27" type="stmt"/>
        <line num="66" count="6" type="stmt"/>
        <line num="67" count="3" type="stmt"/>
        <line num="68" count="3" type="stmt"/>
        <line num="69" count="3" type="stmt"/>
        <line num="71" count="0" type="stmt"/>
        <line num="75" count="27" type="stmt"/>
      </file>
    </package>
    <package name="lib">
      <metrics statements="19" coveredstatements="19" conditionals="11" coveredconditionals="10" methods="9" coveredmethods="9"/>
      <file name="api.js" path="/Users/rickyfelix/GitHub/Arisan-Digital/frontend/src/lib/api.js">
        <metrics statements="19" coveredstatements="19" conditionals="11" coveredconditionals="10" methods="9" coveredmethods="9"/>
        <line num="9" count="1" type="stmt"/>
        <line num="13" count="11" type="stmt"/>
        <line num="14" count="11" type="stmt"/>
        <line num="15" count="11" type="stmt"/>
        <line num="22" count="11" type="stmt"/>
        <line num="23" count="11" type="stmt"/>
        <line num="25" count="11" type="stmt"/>
        <line num="33" count="11" type="cond" truecount="2" falsecount="0"/>
        <line num="34" count="2" type="stmt"/>
        <line num="35" count="2" type="cond" truecount="1" falsecount="1"/>
        <line num="39" count="9" type="cond" truecount="2" falsecount="0"/>
        <line num="40" count="2" type="stmt"/>
        <line num="43" count="7" type="stmt"/>
        <line num="47" count="6" type="stmt"/>
        <line num="51" count="1" type="stmt"/>
        <line num="58" count="1" type="stmt"/>
        <line num="65" count="1" type="stmt"/>
        <line num="72" count="2" type="stmt"/>
        <line num="79" count="1" type="stmt"/>
      </file>
    </package>
    <package name="services">
      <metrics statements="69" coveredstatements="69" conditionals="12" coveredconditionals="10" methods="54" coveredmethods="54"/>
      <file name="bills.service.js" path="/Users/rickyfelix/GitHub/Arisan-Digital/frontend/src/services/bills.service.js">
        <metrics statements="30" coveredstatements="30" conditionals="0" coveredconditionals="0" methods="24" coveredmethods="24"/>
        <line num="6" count="1" type="stmt"/>
        <line num="11" count="1" type="stmt"/>
        <line num="18" count="1" type="stmt"/>
        <line num="25" count="1" type="stmt"/>
        <line num="33" count="1" type="stmt"/>
        <line num="40" count="1" type="stmt"/>
        <line num="47" count="1" type="stmt"/>
        <line num="53" count="1" type="stmt"/>
        <line num="60" count="1" type="stmt"/>
        <line num="68" count="1" type="stmt"/>
        <line num="74" count="1" type="stmt"/>
        <line num="80" count="1" type="stmt"/>
        <line num="86" count="1" type="stmt"/>
        <line num="93" count="1" type="stmt"/>
        <line num="100" count="1" type="stmt"/>
        <line num="108" count="1" type="stmt"/>
        <line num="114" count="1" type="stmt"/>
        <line num="120" count="1" type="stmt"/>
        <line num="128" count="1" type="stmt"/>
        <line num="137" count="1" type="stmt"/>
        <line num="145" count="1" type="stmt"/>
        <line num="151" count="1" type="stmt"/>
        <line num="156" count="1" type="stmt"/>
        <line num="163" count="1" type="stmt"/>
        <line num="170" count="1" type="stmt"/>
        <line num="178" count="1" type="stmt"/>
        <line num="185" count="1" type="stmt"/>
        <line num="191" count="1" type="stmt"/>
        <line num="197" count="1" type="stmt"/>
        <line num="204" count="1" type="stmt"/>
      </file>
      <file name="groups.service.js" path="/Users/rickyfelix/GitHub/Arisan-Digital/frontend/src/services/groups.service.js">
        <metrics statements="26" coveredstatements="26" conditionals="6" coveredconditionals="6" methods="21" coveredmethods="21"/>
        <line num="6" count="1" type="stmt"/>
        <line num="11" count="1" type="stmt"/>
        <line num="18" count="2" type="stmt"/>
        <line num="25" count="1" type="stmt"/>
        <line num="33" count="1" type="stmt"/>
        <line num="40" count="1" type="stmt"/>
        <line num="46" count="1" type="stmt"/>
        <line num="52" count="1" type="stmt"/>
        <line num="60" count="1" type="stmt"/>
        <line num="68" count="1" type="stmt"/>
        <line num="82" count="1" type="stmt"/>
        <line num="92" count="1" type="stmt"/>
        <line num="98" count="1" type="stmt"/>
        <line num="108" count="5" type="stmt"/>
        <line num="120" count="4" type="stmt"/>
        <line num="121" count="4" type="cond" truecount="4" falsecount="0"/>
        <line num="122" count="4" type="cond" truecount="2" falsecount="0"/>
        <line num="132" count="1" type="stmt"/>
        <line num="143" count="1" type="stmt"/>
        <line num="152" count="1" type="stmt"/>
        <line num="161" count="1" type="stmt"/>
        <line num="174" count="1" type="stmt"/>
        <line num="186" count="1" type="stmt"/>
        <line num="195" count="1" type="stmt"/>
        <line num="204" count="1" type="stmt"/>
        <line num="220" count="1" type="stmt"/>
      </file>
      <file name="notifications.service.js" path="/Users/rickyfelix/GitHub/Arisan-Digital/frontend/src/services/notifications.service.js">
        <metrics statements="5" coveredstatements="5" conditionals="0" coveredconditionals="0" methods="4" coveredmethods="4"/>
        <line num="6" count="1" type="stmt"/>
        <line num="11" count="1" type="stmt"/>
        <line num="17" count="1" type="stmt"/>
        <line num="24" count="1" type="stmt"/>
        <line num="30" count="1" type="stmt"/>
      </file>
      <file name="paymentMethods.service.js" path="/Users/rickyfelix/GitHub/Arisan-Digital/frontend/src/services/paymentMethods.service.js">
        <metrics statements="8" coveredstatements="8" conditionals="6" coveredconditionals="4" methods="5" coveredmethods="5"/>
        <line num="23" count="1" type="stmt"/>
        <line num="31" count="4" type="stmt"/>
        <line num="34" count="4" type="cond" truecount="3" falsecount="0"/>
        <line num="50" count="1" type="stmt"/>
        <line num="59" count="1" type="stmt"/>
        <line num="67" count="1" type="stmt"/>
        <line num="77" count="2" type="stmt"/>
        <line num="79" count="2" type="cond" truecount="1" falsecount="2"/>
      </file>
    </package>
    <package name="utils">
      <metrics statements="76" coveredstatements="76" conditionals="33" coveredconditionals="33" methods="9" coveredmethods="9"/>
      <file name="animations.js" path="/Users/rickyfelix/GitHub/Arisan-Digital/frontend/src/utils/animations.js">
        <metrics statements="31" coveredstatements="31" conditionals="1" coveredconditionals="1" methods="2" coveredmethods="2"/>
        <line num="10" count="1" type="stmt"/>
        <line num="17" count="1" type="stmt"/>
        <line num="25" count="1" type="stmt"/>
        <line num="32" count="1" type="stmt"/>
        <line num="39" count="1" type="stmt"/>
        <line num="46" count="1" type="stmt"/>
        <line num="53" count="1" type="stmt"/>
        <line num="60" count="1" type="stmt"/>
        <line num="67" count="1" type="stmt"/>
        <line num="74" count="1" type="stmt"/>
        <line num="79" count="1" type="stmt"/>
        <line num="84" count="1" type="stmt"/>
        <line num="89" count="1" type="stmt"/>
        <line num="95" count="1" type="stmt"/>
        <line num="100" count="1" type="stmt"/>
        <line num="110" count="1" type="stmt"/>
        <line num="126" count="1" type="stmt"/>
        <line num="135" count="1" type="stmt"/>
        <line num="144" count="1" type="stmt"/>
        <line num="164" count="1" type="stmt"/>
        <line num="171" count="1" type="stmt"/>
        <line num="178" count="1" type="stmt"/>
        <line num="185" count="1" type="stmt"/>
        <line num="192" count="1" type="stmt"/>
        <line num="200" count="1" type="stmt"/>
        <line num="207" count="1" type="stmt"/>
        <line num="214" count="1" type="stmt"/>
        <line num="221" count="1" type="stmt"/>
        <line num="228" count="1" type="stmt"/>
        <line num="235" count="5" type="cond" truecount="1" falsecount="0"/>
        <line num="244" count="3" type="stmt"/>
      </file>
      <file name="formatRupiah.js" path="/Users/rickyfelix/GitHub/Arisan-Digital/frontend/src/utils/formatRupiah.js">
        <metrics statements="1" coveredstatements="1" conditionals="0" coveredconditionals="0" methods="1" coveredmethods="1"/>
        <line num="2" count="8" type="stmt"/>
      </file>
      <file name="identifier.js" path="/Users/rickyfelix/GitHub/Arisan-Digital/frontend/src/utils/identifier.js">
        <metrics statements="27" coveredstatements="27" conditionals="24" coveredconditionals="24" methods="3" coveredmethods="3"/>
        <line num="19" count="2" type="stmt"/>
        <line num="23" count="2" type="stmt"/>
        <line num="24" count="2" type="stmt"/>
        <line num="32" count="15" type="stmt"/>
        <line num="33" count="15" type="stmt"/>
        <line num="34" count="15" type="cond" truecount="2" falsecount="0"/>
        <line num="42" count="15" type="stmt"/>
        <line num="45" count="15" type="cond" truecount="2" falsecount="0"/>
        <line num="47" count="5" type="stmt"/>
        <line num="48" count="10" type="cond" truecount="2" falsecount="0"/>
        <line num="50" count="1" type="stmt"/>
        <line num="51" count="9" type="cond" truecount="2" falsecount="0"/>
        <line num="53" count="6" type="stmt"/>
        <line num="56" count="3" type="stmt"/>
        <line num="60" count="12" type="stmt"/>
        <line num="61" count="12" type="cond" truecount="4" falsecount="0"/>
        <line num="62" count="2" type="stmt"/>
        <line num="65" count="10" type="stmt"/>
        <line num="77" count="31" type="cond" truecount="4" falsecount="0"/>
        <line num="79" count="26" type="stmt"/>
        <line num="80" count="26" type="cond" truecount="2" falsecount="0"/>
        <line num="83" count="25" type="cond" truecount="2" falsecount="0"/>
        <line num="84" count="10" type="cond" truecount="2" falsecount="0"/>
        <line num="85" count="7" type="stmt"/>
        <line num="89" count="15" type="stmt"/>
        <line num="90" count="15" type="cond" truecount="2" falsecount="0"/>
        <line num="91" count="10" type="stmt"/>
      </file>
      <file name="smoothScroll.js" path="/Users/rickyfelix/GitHub/Arisan-Digital/frontend/src/utils/smoothScroll.js">
        <metrics statements="17" coveredstatements="17" conditionals="8" coveredconditionals="8" methods="3" coveredmethods="3"/>
        <line num="7" count="1" type="stmt"/>
        <line num="8" count="6" type="stmt"/>
        <line num="9" count="6" type="stmt"/>
        <line num="10" count="6" type="cond" truecount="2" falsecount="0"/>
        <line num="11" count="5" type="stmt"/>
        <line num="12" count="5" type="stmt"/>
        <line num="13" count="5" type="stmt"/>
        <line num="15" count="5" type="stmt"/>
        <line num="21" count="5" type="cond" truecount="2" falsecount="0"/>
        <line num="22" count="1" type="stmt"/>
        <line num="32" count="1" type="stmt"/>
        <line num="33" count="5" type="stmt"/>
        <line num="35" count="5" type="stmt"/>
        <line num="36" count="9" type="stmt"/>
        <line num="37" count="9" type="cond" truecount="4" falsecount="0"/>
        <line num="38" count="4" type="stmt"/>
        <line num="42" count="1" type="stmt"/>
      </file>
    </package>
  </project>
</coverage>
