{"/Users/rickyfelix/GitHub/Arisan-Digital/frontend/src/components/application/v2/ScreenHeader.jsx": {"path":"/Users/rickyfelix/GitHub/Arisan-Digital/frontend/src/components/application/v2/ScreenHeader.jsx","statementMap":{"0":{"start":{"line":20,"column":2},"end":{"line":41,"column":null}}},"fnMap":{"0":{"name":"ScreenHeader","decl":{"start":{"line":19,"column":24},"end":{"line":19,"column":37}},"loc":{"start":{"line":19,"column":71},"end":{"line":43,"column":null}},"line":19}},"branchMap":{"0":{"loc":{"start":{"line":23,"column":9},"end":{"line":31,"column":null}},"type":"binary-expr","locations":[{"start":{"line":23,"column":9},"end":{"line":23,"column":null}},{"start":{"line":24,"column":10},"end":{"line":31,"column":null}}],"line":23},"1":{"loc":{"start":{"line":37,"column":11},"end":{"line":37,"column":null}},"type":"binary-expr","locations":[{"start":{"line":37,"column":11},"end":{"line":37,"column":18}},{"start":{"line":37,"column":18},"end":{"line":37,"column":null}}],"line":37}},"s":{"0":11},"f":{"0":11},"b":{"0":[11,4],"1":[11,1]},"meta":{"lastBranch":2,"lastFunction":1,"lastStatement":1,"seen":{"f:19:24:19:37":0,"s:20:2:41:Infinity":0,"b:23:9:23:Infinity:24:10:31:Infinity":0,"b:37:11:37:18:37:18:37:Infinity":1}}}
,"/Users/rickyfelix/GitHub/Arisan-Digital/frontend/src/components/application/v2/icons.jsx": {"path":"/Users/rickyfelix/GitHub/Arisan-Digital/frontend/src/components/application/v2/icons.jsx","statementMap":{"0":{"start":{"line":12,"column":2},"end":{"line":25,"column":null}},"1":{"start":{"line":30,"column":21},"end":{"line":36,"column":null}},"2":{"start":{"line":31,"column":2},"end":{"line":36,"column":null}},"3":{"start":{"line":39,"column":26},"end":{"line":43,"column":null}},"4":{"start":{"line":40,"column":2},"end":{"line":43,"column":null}},"5":{"start":{"line":47,"column":21},"end":{"line":51,"column":null}},"6":{"start":{"line":48,"column":2},"end":{"line":51,"column":null}},"7":{"start":{"line":54,"column":20},"end":{"line":58,"column":null}},"8":{"start":{"line":55,"column":2},"end":{"line":58,"column":null}},"9":{"start":{"line":62,"column":22},"end":{"line":67,"column":null}},"10":{"start":{"line":63,"column":2},"end":{"line":67,"column":null}},"11":{"start":{"line":70,"column":29},"end":{"line":74,"column":null}},"12":{"start":{"line":71,"column":2},"end":{"line":74,"column":null}},"13":{"start":{"line":77,"column":20},"end":{"line":81,"column":null}},"14":{"start":{"line":78,"column":2},"end":{"line":81,"column":null}},"15":{"start":{"line":85,"column":21},"end":{"line":88,"column":null}},"16":{"start":{"line":86,"column":2},"end":{"line":88,"column":null}},"17":{"start":{"line":91,"column":29},"end":{"line":96,"column":null}},"18":{"start":{"line":92,"column":2},"end":{"line":96,"column":null}},"19":{"start":{"line":99,"column":27},"end":{"line":104,"column":null}},"20":{"start":{"line":100,"column":2},"end":{"line":104,"column":null}},"21":{"start":{"line":107,"column":21},"end":{"line":111,"column":null}},"22":{"start":{"line":108,"column":2},"end":{"line":111,"column":null}},"23":{"start":{"line":115,"column":26},"end":{"line":120,"column":null}},"24":{"start":{"line":116,"column":2},"end":{"line":120,"column":null}},"25":{"start":{"line":123,"column":20},"end":{"line":127,"column":null}},"26":{"start":{"line":124,"column":2},"end":{"line":127,"column":null}},"27":{"start":{"line":130,"column":21},"end":{"line":137,"column":null}},"28":{"start":{"line":131,"column":2},"end":{"line":137,"column":null}},"29":{"start":{"line":140,"column":20},"end":{"line":144,"column":null}},"30":{"start":{"line":141,"column":2},"end":{"line":144,"column":null}},"31":{"start":{"line":148,"column":27},"end":{"line":151,"column":null}},"32":{"start":{"line":149,"column":2},"end":{"line":151,"column":null}},"33":{"start":{"line":154,"column":28},"end":{"line":157,"column":null}},"34":{"start":{"line":155,"column":2},"end":{"line":157,"column":null}},"35":{"start":{"line":160,"column":27},"end":{"line":163,"column":null}},"36":{"start":{"line":161,"column":2},"end":{"line":163,"column":null}},"37":{"start":{"line":166,"column":24},"end":{"line":174,"column":null}},"38":{"start":{"line":167,"column":2},"end":{"line":174,"column":null}},"39":{"start":{"line":178,"column":20},"end":{"line":182,"column":null}},"40":{"start":{"line":179,"column":2},"end":{"line":182,"column":null}},"41":{"start":{"line":185,"column":17},"end":{"line":189,"column":null}},"42":{"start":{"line":186,"column":2},"end":{"line":189,"column":null}},"43":{"start":{"line":192,"column":23},"end":{"line":195,"column":null}},"44":{"start":{"line":193,"column":2},"end":{"line":195,"column":null}},"45":{"start":{"line":198,"column":24},"end":{"line":204,"column":null}},"46":{"start":{"line":199,"column":2},"end":{"line":204,"column":null}},"47":{"start":{"line":207,"column":21},"end":{"line":212,"column":null}},"48":{"start":{"line":208,"column":2},"end":{"line":212,"column":null}},"49":{"start":{"line":215,"column":20},"end":{"line":219,"column":null}},"50":{"start":{"line":216,"column":2},"end":{"line":219,"column":null}},"51":{"start":{"line":222,"column":26},"end":{"line":227,"column":null}},"52":{"start":{"line":223,"column":2},"end":{"line":227,"column":null}},"53":{"start":{"line":231,"column":22},"end":{"line":235,"column":null}},"54":{"start":{"line":232,"column":2},"end":{"line":235,"column":null}},"55":{"start":{"line":238,"column":22},"end":{"line":243,"column":null}},"56":{"start":{"line":239,"column":2},"end":{"line":243,"column":null}},"57":{"start":{"line":247,"column":22},"end":{"line":258,"column":null}},"58":{"start":{"line":248,"column":2},"end":{"line":258,"column":null}},"59":{"start":{"line":261,"column":22},"end":{"line":265,"column":null}},"60":{"start":{"line":262,"column":2},"end":{"line":265,"column":null}},"61":{"start":{"line":268,"column":20},"end":{"line":272,"column":null}},"62":{"start":{"line":269,"column":2},"end":{"line":272,"column":null}},"63":{"start":{"line":275,"column":20},"end":{"line":279,"column":null}},"64":{"start":{"line":276,"column":2},"end":{"line":279,"column":null}},"65":{"start":{"line":282,"column":22},"end":{"line":287,"column":null}},"66":{"start":{"line":283,"column":2},"end":{"line":287,"column":null}},"67":{"start":{"line":292,"column":24},"end":{"line":300,"column":null}},"68":{"start":{"line":293,"column":2},"end":{"line":300,"column":null}},"69":{"start":{"line":304,"column":26},"end":{"line":308,"column":null}},"70":{"start":{"line":305,"column":2},"end":{"line":308,"column":null}}},"fnMap":{"0":{"name":"Svg","decl":{"start":{"line":11,"column":9},"end":{"line":11,"column":13}},"loc":{"start":{"line":11,"column":106},"end":{"line":27,"column":null}},"line":11},"1":{"name":"(anonymous_1)","decl":{"start":{"line":30,"column":21},"end":{"line":30,"column":22}},"loc":{"start":{"line":31,"column":2},"end":{"line":36,"column":null}},"line":31},"2":{"name":"(anonymous_2)","decl":{"start":{"line":39,"column":26},"end":{"line":39,"column":27}},"loc":{"start":{"line":40,"column":2},"end":{"line":43,"column":null}},"line":40},"3":{"name":"(anonymous_3)","decl":{"start":{"line":47,"column":21},"end":{"line":47,"column":22}},"loc":{"start":{"line":48,"column":2},"end":{"line":51,"column":null}},"line":48},"4":{"name":"(anonymous_4)","decl":{"start":{"line":54,"column":20},"end":{"line":54,"column":21}},"loc":{"start":{"line":55,"column":2},"end":{"line":58,"column":null}},"line":55},"5":{"name":"(anonymous_5)","decl":{"start":{"line":62,"column":22},"end":{"line":62,"column":23}},"loc":{"start":{"line":63,"column":2},"end":{"line":67,"column":null}},"line":63},"6":{"name":"(anonymous_6)","decl":{"start":{"line":70,"column":29},"end":{"line":70,"column":30}},"loc":{"start":{"line":71,"column":2},"end":{"line":74,"column":null}},"line":71},"7":{"name":"(anonymous_7)","decl":{"start":{"line":77,"column":20},"end":{"line":77,"column":21}},"loc":{"start":{"line":78,"column":2},"end":{"line":81,"column":null}},"line":78},"8":{"name":"(anonymous_8)","decl":{"start":{"line":85,"column":21},"end":{"line":85,"column":22}},"loc":{"start":{"line":86,"column":2},"end":{"line":88,"column":null}},"line":86},"9":{"name":"(anonymous_9)","decl":{"start":{"line":91,"column":29},"end":{"line":91,"column":30}},"loc":{"start":{"line":92,"column":2},"end":{"line":96,"column":null}},"line":92},"10":{"name":"(anonymous_10)","decl":{"start":{"line":99,"column":27},"end":{"line":99,"column":28}},"loc":{"start":{"line":100,"column":2},"end":{"line":104,"column":null}},"line":100},"11":{"name":"(anonymous_11)","decl":{"start":{"line":107,"column":21},"end":{"line":107,"column":22}},"loc":{"start":{"line":108,"column":2},"end":{"line":111,"column":null}},"line":108},"12":{"name":"(anonymous_12)","decl":{"start":{"line":115,"column":26},"end":{"line":115,"column":27}},"loc":{"start":{"line":116,"column":2},"end":{"line":120,"column":null}},"line":116},"13":{"name":"(anonymous_13)","decl":{"start":{"line":123,"column":20},"end":{"line":123,"column":21}},"loc":{"start":{"line":124,"column":2},"end":{"line":127,"column":null}},"line":124},"14":{"name":"(anonymous_14)","decl":{"start":{"line":130,"column":21},"end":{"line":130,"column":22}},"loc":{"start":{"line":131,"column":2},"end":{"line":137,"column":null}},"line":131},"15":{"name":"(anonymous_15)","decl":{"start":{"line":140,"column":20},"end":{"line":140,"column":21}},"loc":{"start":{"line":141,"column":2},"end":{"line":144,"column":null}},"line":141},"16":{"name":"(anonymous_16)","decl":{"start":{"line":148,"column":27},"end":{"line":148,"column":28}},"loc":{"start":{"line":149,"column":2},"end":{"line":151,"column":null}},"line":149},"17":{"name":"(anonymous_17)","decl":{"start":{"line":154,"column":28},"end":{"line":154,"column":29}},"loc":{"start":{"line":155,"column":2},"end":{"line":157,"column":null}},"line":155},"18":{"name":"(anonymous_18)","decl":{"start":{"line":160,"column":27},"end":{"line":160,"column":28}},"loc":{"start":{"line":161,"column":2},"end":{"line":163,"column":null}},"line":161},"19":{"name":"(anonymous_19)","decl":{"start":{"line":166,"column":24},"end":{"line":166,"column":25}},"loc":{"start":{"line":167,"column":2},"end":{"line":174,"column":null}},"line":167},"20":{"name":"(anonymous_20)","decl":{"start":{"line":178,"column":20},"end":{"line":178,"column":21}},"loc":{"start":{"line":179,"column":2},"end":{"line":182,"column":null}},"line":179},"21":{"name":"(anonymous_21)","decl":{"start":{"line":185,"column":17},"end":{"line":185,"column":18}},"loc":{"start":{"line":186,"column":2},"end":{"line":189,"column":null}},"line":186},"22":{"name":"(anonymous_22)","decl":{"start":{"line":192,"column":23},"end":{"line":192,"column":24}},"loc":{"start":{"line":193,"column":2},"end":{"line":195,"column":null}},"line":193},"23":{"name":"(anonymous_23)","decl":{"start":{"line":198,"column":24},"end":{"line":198,"column":25}},"loc":{"start":{"line":199,"column":2},"end":{"line":204,"column":null}},"line":199},"24":{"name":"(anonymous_24)","decl":{"start":{"line":207,"column":21},"end":{"line":207,"column":22}},"loc":{"start":{"line":208,"column":2},"end":{"line":212,"column":null}},"line":208},"25":{"name":"(anonymous_25)","decl":{"start":{"line":215,"column":20},"end":{"line":215,"column":21}},"loc":{"start":{"line":216,"column":2},"end":{"line":219,"column":null}},"line":216},"26":{"name":"(anonymous_26)","decl":{"start":{"line":222,"column":26},"end":{"line":222,"column":27}},"loc":{"start":{"line":223,"column":2},"end":{"line":227,"column":null}},"line":223},"27":{"name":"(anonymous_27)","decl":{"start":{"line":231,"column":22},"end":{"line":231,"column":23}},"loc":{"start":{"line":232,"column":2},"end":{"line":235,"column":null}},"line":232},"28":{"name":"(anonymous_28)","decl":{"start":{"line":238,"column":22},"end":{"line":238,"column":23}},"loc":{"start":{"line":239,"column":2},"end":{"line":243,"column":null}},"line":239},"29":{"name":"(anonymous_29)","decl":{"start":{"line":247,"column":22},"end":{"line":247,"column":23}},"loc":{"start":{"line":248,"column":2},"end":{"line":258,"column":null}},"line":248},"30":{"name":"(anonymous_30)","decl":{"start":{"line":261,"column":22},"end":{"line":261,"column":23}},"loc":{"start":{"line":262,"column":2},"end":{"line":265,"column":null}},"line":262},"31":{"name":"(anonymous_31)","decl":{"start":{"line":268,"column":20},"end":{"line":268,"column":21}},"loc":{"start":{"line":269,"column":2},"end":{"line":272,"column":null}},"line":269},"32":{"name":"(anonymous_32)","decl":{"start":{"line":275,"column":20},"end":{"line":275,"column":21}},"loc":{"start":{"line":276,"column":2},"end":{"line":279,"column":null}},"line":276},"33":{"name":"(anonymous_33)","decl":{"start":{"line":282,"column":22},"end":{"line":282,"column":23}},"loc":{"start":{"line":283,"column":2},"end":{"line":287,"column":null}},"line":283},"34":{"name":"(anonymous_34)","decl":{"start":{"line":292,"column":24},"end":{"line":292,"column":25}},"loc":{"start":{"line":293,"column":2},"end":{"line":300,"column":null}},"line":293},"35":{"name":"(anonymous_35)","decl":{"start":{"line":304,"column":26},"end":{"line":304,"column":27}},"loc":{"start":{"line":305,"column":2},"end":{"line":308,"column":null}},"line":305}},"branchMap":{"0":{"loc":{"start":{"line":11,"column":15},"end":{"line":11,"column":26}},"type":"default-arg","locations":[{"start":{"line":11,"column":22},"end":{"line":11,"column":26}}],"line":11},"1":{"loc":{"start":{"line":11,"column":26},"end":{"line":11,"column":51}},"type":"default-arg","locations":[{"start":{"line":11,"column":35},"end":{"line":11,"column":51}}],"line":11},"2":{"loc":{"start":{"line":11,"column":51},"end":{"line":11,"column":70}},"type":"default-arg","locations":[{"start":{"line":11,"column":65},"end":{"line":11,"column":70}}],"line":11},"3":{"loc":{"start":{"line":11,"column":70},"end":{"line":11,"column":85}},"type":"default-arg","locations":[{"start":{"line":11,"column":77},"end":{"line":11,"column":85}}],"line":11},"4":{"loc":{"start":{"line":62,"column":25},"end":{"line":62,"column":50}},"type":"default-arg","locations":[{"start":{"line":62,"column":34},"end":{"line":62,"column":50}}],"line":62}},"s":{"0":27,"1":3,"2":0,"3":3,"4":0,"5":3,"6":0,"7":3,"8":0,"9":3,"10":0,"11":3,"12":0,"13":3,"14":0,"15":3,"16":0,"17":3,"18":0,"19":3,"20":0,"21":3,"22":0,"23":3,"24":0,"25":3,"26":0,"27":3,"28":0,"29":3,"30":0,"31":3,"32":4,"33":3,"34":9,"35":3,"36":0,"37":3,"38":0,"39":3,"40":7,"41":3,"42":0,"43":3,"44":7,"45":3,"46":0,"47":3,"48":0,"49":3,"50":0,"51":3,"52":0,"53":3,"54":0,"55":3,"56":0,"57":3,"58":0,"59":3,"60":0,"61":3,"62":0,"63":3,"64":0,"65":3,"66":0,"67":3,"68":0,"69":3,"70":0},"f":{"0":27,"1":0,"2":0,"3":0,"4":0,"5":0,"6":0,"7":0,"8":0,"9":0,"10":0,"11":0,"12":0,"13":0,"14":0,"15":0,"16":4,"17":9,"18":0,"19":0,"20":7,"21":0,"22":7,"23":0,"24":0,"25":0,"26":0,"27":0,"28":0,"29":0,"30":0,"31":0,"32":0,"33":0,"34":0,"35":0},"b":{"0":[27],"1":[27],"2":[27],"3":[27],"4":[0]},"meta":{"lastBranch":5,"lastFunction":36,"lastStatement":71,"seen":{"f:11:9:11:13":0,"b:11:22:11:26":0,"b:11:35:11:51":1,"b:11:65:11:70":2,"b:11:77:11:85":3,"s:12:2:25:Infinity":0,"s:30:21:36:Infinity":1,"f:30:21:30:22":1,"s:31:2:36:Infinity":2,"s:39:26:43:Infinity":3,"f:39:26:39:27":2,"s:40:2:43:Infinity":4,"s:47:21:51:Infinity":5,"f:47:21:47:22":3,"s:48:2:51:Infinity":6,"s:54:20:58:Infinity":7,"f:54:20:54:21":4,"s:55:2:58:Infinity":8,"s:62:22:67:Infinity":9,"f:62:22:62:23":5,"s:63:2:67:Infinity":10,"b:62:34:62:50":4,"s:70:29:74:Infinity":11,"f:70:29:70:30":6,"s:71:2:74:Infinity":12,"s:77:20:81:Infinity":13,"f:77:20:77:21":7,"s:78:2:81:Infinity":14,"s:85:21:88:Infinity":15,"f:85:21:85:22":8,"s:86:2:88:Infinity":16,"s:91:29:96:Infinity":17,"f:91:29:91:30":9,"s:92:2:96:Infinity":18,"s:99:27:104:Infinity":19,"f:99:27:99:28":10,"s:100:2:104:Infinity":20,"s:107:21:111:Infinity":21,"f:107:21:107:22":11,"s:108:2:111:Infinity":22,"s:115:26:120:Infinity":23,"f:115:26:115:27":12,"s:116:2:120:Infinity":24,"s:123:20:127:Infinity":25,"f:123:20:123:21":13,"s:124:2:127:Infinity":26,"s:130:21:137:Infinity":27,"f:130:21:130:22":14,"s:131:2:137:Infinity":28,"s:140:20:144:Infinity":29,"f:140:20:140:21":15,"s:141:2:144:Infinity":30,"s:148:27:151:Infinity":31,"f:148:27:148:28":16,"s:149:2:151:Infinity":32,"s:154:28:157:Infinity":33,"f:154:28:154:29":17,"s:155:2:157:Infinity":34,"s:160:27:163:Infinity":35,"f:160:27:160:28":18,"s:161:2:163:Infinity":36,"s:166:24:174:Infinity":37,"f:166:24:166:25":19,"s:167:2:174:Infinity":38,"s:178:20:182:Infinity":39,"f:178:20:178:21":20,"s:179:2:182:Infinity":40,"s:185:17:189:Infinity":41,"f:185:17:185:18":21,"s:186:2:189:Infinity":42,"s:192:23:195:Infinity":43,"f:192:23:192:24":22,"s:193:2:195:Infinity":44,"s:198:24:204:Infinity":45,"f:198:24:198:25":23,"s:199:2:204:Infinity":46,"s:207:21:212:Infinity":47,"f:207:21:207:22":24,"s:208:2:212:Infinity":48,"s:215:20:219:Infinity":49,"f:215:20:215:21":25,"s:216:2:219:Infinity":50,"s:222:26:227:Infinity":51,"f:222:26:222:27":26,"s:223:2:227:Infinity":52,"s:231:22:235:Infinity":53,"f:231:22:231:23":27,"s:232:2:235:Infinity":54,"s:238:22:243:Infinity":55,"f:238:22:238:23":28,"s:239:2:243:Infinity":56,"s:247:22:258:Infinity":57,"f:247:22:247:23":29,"s:248:2:258:Infinity":58,"s:261:22:265:Infinity":59,"f:261:22:261:23":30,"s:262:2:265:Infinity":60,"s:268:20:272:Infinity":61,"f:268:20:268:21":31,"s:269:2:272:Infinity":62,"s:275:20:279:Infinity":63,"f:275:20:275:21":32,"s:276:2:279:Infinity":64,"s:282:22:287:Infinity":65,"f:282:22:282:23":33,"s:283:2:287:Infinity":66,"s:292:24:300:Infinity":67,"f:292:24:292:25":34,"s:293:2:300:Infinity":68,"s:304:26:308:Infinity":69,"f:304:26:304:27":35,"s:305:2:308:Infinity":70}}}
,"/Users/rickyfelix/GitHub/Arisan-Digital/frontend/src/components/application/v2/bukti/DetailRow.jsx": {"path":"/Users/rickyfelix/GitHub/Arisan-Digital/frontend/src/components/application/v2/bukti/DetailRow.jsx","statementMap":{"0":{"start":{"line":12,"column":2},"end":{"line":29,"column":null}}},"fnMap":{"0":{"name":"DetailRow","decl":{"start":{"line":11,"column":24},"end":{"line":11,"column":34}},"loc":{"start":{"line":11,"column":98},"end":{"line":31,"column":null}},"line":11}},"branchMap":{"0":{"loc":{"start":{"line":11,"column":53},"end":{"line":11,"column":67}},"type":"default-arg","locations":[{"start":{"line":11,"column":60},"end":{"line":11,"column":67}}],"line":11},"1":{"loc":{"start":{"line":11,"column":67},"end":{"line":11,"column":84}},"type":"default-arg","locations":[{"start":{"line":11,"column":80},"end":{"line":11,"column":84}}],"line":11},"2":{"loc":{"start":{"line":15,"column":8},"end":{"line":15,"column":null}},"type":"cond-expr","locations":[{"start":{"line":15,"column":15},"end":{"line":15,"column":20}},{"start":{"line":15,"column":20},"end":{"line":15,"column":null}}],"line":15},"3":{"loc":{"start":{"line":23,"column":10},"end":{"line":23,"column":null}},"type":"cond-expr","locations":[{"start":{"line":23,"column":23},"end":{"line":23,"column":42}},{"start":{"line":23,"column":42},"end":{"line":23,"column":null}}],"line":23}},"s":{"0":8},"f":{"0":8},"b":{"0":[8],"1":[8],"2":[1,7],"3":[1,7]},"meta":{"lastBranch":4,"lastFunction":1,"lastStatement":1,"seen":{"f:11:24:11:34":0,"b:11:60:11:67":0,"b:11:80:11:84":1,"s:12:2:29:Infinity":0,"b:15:15:15:20:15:20:15:Infinity":2,"b:23:23:23:42:23:42:23:Infinity":3}}}
,"/Users/rickyfelix/GitHub/Arisan-Digital/frontend/src/components/application/v2/home/CardBlobs.jsx": {"path":"/Users/rickyfelix/GitHub/Arisan-Digital/frontend/src/components/application/v2/home/CardBlobs.jsx","statementMap":{"0":{"start":{"line":5,"column":16},"end":{"line":5,"column":null}},"1":{"start":{"line":6,"column":2},"end":{"line":15,"column":null}},"2":{"start":{"line":6,"column":50},"end":{"line":15,"column":4}},"3":{"start":{"line":24,"column":8},"end":{"line":24,"column":null}},"4":{"start":{"line":24,"column":30},"end":{"line":24,"column":43}},"5":{"start":{"line":25,"column":2},"end":{"line":38,"column":null}},"6":{"start":{"line":26,"column":4},"end":{"line":37,"column":null}}},"fnMap":{"0":{"name":"makeBlobs","decl":{"start":{"line":4,"column":9},"end":{"line":4,"column":21}},"loc":{"start":{"line":4,"column":21},"end":{"line":16,"column":null}},"line":4},"1":{"name":"(anonymous_1)","decl":{"start":{"line":6,"column":39},"end":{"line":6,"column":40}},"loc":{"start":{"line":6,"column":50},"end":{"line":15,"column":4}},"line":6},"2":{"name":"CardBlobs","decl":{"start":{"line":23,"column":24},"end":{"line":23,"column":36}},"loc":{"start":{"line":23,"column":36},"end":{"line":39,"column":null}},"line":23},"3":{"name":"(anonymous_3)","decl":{"start":{"line":24,"column":24},"end":{"line":24,"column":30}},"loc":{"start":{"line":24,"column":30},"end":{"line":24,"column":43}},"line":24},"4":{"name":"(anonymous_4)","decl":{"start":{"line":25,"column":19},"end":{"line":25,"column":20}},"loc":{"start":{"line":26,"column":4},"end":{"line":37,"column":null}},"line":26}},"branchMap":{"0":{"loc":{"start":{"line":14,"column":10},"end":{"line":14,"column":null}},"type":"cond-expr","locations":[{"start":{"line":14,"column":24},"end":{"line":14,"column":41}},{"start":{"line":14,"column":41},"end":{"line":14,"column":null}}],"line":14}},"s":{"0":7,"1":7,"2":30,"3":7,"4":7,"5":7,"6":30},"f":{"0":7,"1":30,"2":7,"3":7,"4":30},"b":{"0":[16,14]},"meta":{"lastBranch":1,"lastFunction":5,"lastStatement":7,"seen":{"f:4:9:4:21":0,"s:5:16:5:Infinity":0,"s:6:2:15:Infinity":1,"f:6:39:6:40":1,"s:6:50:15:4":2,"b:14:24:14:41:14:41:14:Infinity":0,"f:23:24:23:36":2,"s:24:8:24:Infinity":3,"f:24:24:24:30":3,"s:24:30:24:43":4,"s:25:2:38:Infinity":5,"f:25:19:25:20":4,"s:26:4:37:Infinity":6}}}
,"/Users/rickyfelix/GitHub/Arisan-Digital/frontend/src/components/application/v2/home/EmptyCard.jsx": {"path":"/Users/rickyfelix/GitHub/Arisan-Digital/frontend/src/components/application/v2/home/EmptyCard.jsx","statementMap":{"0":{"start":{"line":14,"column":2},"end":{"line":35,"column":null}}},"fnMap":{"0":{"name":"EmptyCard","decl":{"start":{"line":13,"column":24},"end":{"line":13,"column":34}},"loc":{"start":{"line":13,"column":45},"end":{"line":37,"column":null}},"line":13}},"branchMap":{},"s":{"0":7},"f":{"0":7},"b":{},"meta":{"lastBranch":0,"lastFunction":1,"lastStatement":1,"seen":{"f:13:24:13:34":0,"s:14:2:35:Infinity":0}}}
,"/Users/rickyfelix/GitHub/Arisan-Digital/frontend/src/components/application/v2/profil/MenuRow.jsx": {"path":"/Users/rickyfelix/GitHub/Arisan-Digital/frontend/src/components/application/v2/profil/MenuRow.jsx","statementMap":{"0":{"start":{"line":14,"column":13},"end":{"line":20,"column":null}},"1":{"start":{"line":23,"column":15},"end":{"line":23,"column":null}},"2":{"start":{"line":25,"column":2},"end":{"line":41,"column":null}}},"fnMap":{"0":{"name":"MenuRow","decl":{"start":{"line":22,"column":24},"end":{"line":22,"column":32}},"loc":{"start":{"line":22,"column":95},"end":{"line":43,"column":null}},"line":22}},"branchMap":{"0":{"loc":{"start":{"line":22,"column":40},"end":{"line":22,"column":56}},"type":"default-arg","locations":[{"start":{"line":22,"column":52},"end":{"line":22,"column":56}}],"line":22},"1":{"loc":{"start":{"line":22,"column":68},"end":{"line":22,"column":84}},"type":"default-arg","locations":[{"start":{"line":22,"column":77},"end":{"line":22,"column":84}}],"line":22},"2":{"loc":{"start":{"line":23,"column":15},"end":{"line":23,"column":null}},"type":"cond-expr","locations":[{"start":{"line":23,"column":24},"end":{"line":23,"column":54}},{"start":{"line":23,"column":54},"end":{"line":23,"column":null}}],"line":23},"3":{"loc":{"start":{"line":23,"column":54},"end":{"line":23,"column":null}},"type":"binary-expr","locations":[{"start":{"line":23,"column":54},"end":{"line":23,"column":73}},{"start":{"line":23,"column":73},"end":{"line":23,"column":null}}],"line":23},"4":{"loc":{"start":{"line":35,"column":63},"end":{"line":35,"column":99}},"type":"cond-expr","locations":[{"start":{"line":35,"column":72},"end":{"line":35,"column":87}},{"start":{"line":35,"column":87},"end":{"line":35,"column":99}}],"line":35},"5":{"loc":{"start":{"line":38,"column":9},"end":{"line":38,"column":null}},"type":"binary-expr","locations":[{"start":{"line":38,"column":9},"end":{"line":38,"column":16}},{"start":{"line":38,"column":16},"end":{"line":38,"column":null}}],"line":38},"6":{"loc":{"start":{"line":40,"column":7},"end":{"line":40,"column":null}},"type":"binary-expr","locations":[{"start":{"line":40,"column":7},"end":{"line":40,"column":18}},{"start":{"line":40,"column":18},"end":{"line":40,"column":null}}],"line":40}},"s":{"0":1,"1":11,"2":11},"f":{"0":11},"b":{"0":[11],"1":[11],"2":[2,9],"3":[9,0],"4":[2,9],"5":[11,1],"6":[11,9]},"meta":{"lastBranch":7,"lastFunction":1,"lastStatement":3,"seen":{"s:14:13:20:Infinity":0,"f:22:24:22:32":0,"b:22:52:22:56":0,"b:22:77:22:84":1,"s:23:15:23:Infinity":1,"b:23:24:23:54:23:54:23:Infinity":2,"b:23:54:23:73:23:73:23:Infinity":3,"s:25:2:41:Infinity":2,"b:35:72:35:87:35:87:35:99":4,"b:38:9:38:16:38:16:38:Infinity":5,"b:40:7:40:18:40:18:40:Infinity":6}}}
,"/Users/rickyfelix/GitHub/Arisan-Digital/frontend/src/context/AccountPromptContext.jsx": {"path":"/Users/rickyfelix/GitHub/Arisan-Digital/frontend/src/context/AccountPromptContext.jsx","statementMap":{"0":{"start":{"line":21,"column":6},"end":{"line":21,"column":null}},"1":{"start":{"line":25,"column":8},"end":{"line":27,"column":null}},"2":{"start":{"line":29,"column":2},"end":{"line":32,"column":null}},"3":{"start":{"line":37,"column":2},"end":{"line":37,"column":null}}},"fnMap":{"0":{"name":"AccountPromptProvider","decl":{"start":{"line":23,"column":16},"end":{"line":23,"column":38}},"loc":{"start":{"line":23,"column":52},"end":{"line":34,"column":null}},"line":23},"1":{"name":"(anonymous_1)","decl":{"start":{"line":25,"column":37},"end":{"line":25,"column":43}},"loc":{"start":{"line":25,"column":43},"end":{"line":27,"column":5}},"line":25},"2":{"name":"useAccountPrompt","decl":{"start":{"line":36,"column":16},"end":{"line":36,"column":35}},"loc":{"start":{"line":36,"column":35},"end":{"line":38,"column":null}},"line":36},"3":{"name":"(anonymous_3)","decl":{"start":{"line":37,"column":63},"end":{"line":37,"column":69}},"loc":{"start":{"line":37,"column":69},"end":{"line":37,"column":72}},"line":37}},"branchMap":{"0":{"loc":{"start":{"line":37,"column":2},"end":{"line":37,"column":null}},"type":"binary-expr","locations":[{"start":{"line":37,"column":2},"end":{"line":37,"column":45}},{"start":{"line":37,"column":45},"end":{"line":37,"column":null}}],"line":37}},"s":{"0":1,"1":4,"2":4,"3":4},"f":{"0":4,"1":2,"2":4,"3":0},"b":{"0":[4,1]},"meta":{"lastBranch":1,"lastFunction":4,"lastStatement":4,"seen":{"s:21:6:21:Infinity":0,"f:23:16:23:38":0,"s:25:8:27:Infinity":1,"f:25:37:25:43":1,"s:29:2:32:Infinity":2,"f:36:16:36:35":2,"s:37:2:37:Infinity":3,"b:37:2:37:45:37:45:37:Infinity":0,"f:37:63:37:69":3}}}
,"/Users/rickyfelix/GitHub/Arisan-Digital/frontend/src/context/AuthContext.jsx": {"path":"/Users/rickyfelix/GitHub/Arisan-Digital/frontend/src/context/AuthContext.jsx","statementMap":{"0":{"start":{"line":50,"column":6},"end":{"line":50,"column":null}},"1":{"start":{"line":53,"column":28},"end":{"line":53,"column":null}},"2":{"start":{"line":54,"column":28},"end":{"line":54,"column":null}},"3":{"start":{"line":55,"column":28},"end":{"line":55,"column":null}},"4":{"start":{"line":58,"column":2},"end":{"line":82,"column":null}},"5":{"start":{"line":60,"column":4},"end":{"line":68,"column":null}},"6":{"start":{"line":61,"column":6},"end":{"line":61,"column":null}},"7":{"start":{"line":62,"column":6},"end":{"line":66,"column":null}},"8":{"start":{"line":63,"column":8},"end":{"line":65,"column":null}},"9":{"start":{"line":67,"column":6},"end":{"line":67,"column":null}},"10":{"start":{"line":72,"column":39},"end":{"line":79,"column":null}},"11":{"start":{"line":73,"column":6},"end":{"line":73,"column":null}},"12":{"start":{"line":74,"column":6},"end":{"line":78,"column":null}},"13":{"start":{"line":75,"column":8},"end":{"line":75,"column":null}},"14":{"start":{"line":77,"column":8},"end":{"line":77,"column":null}},"15":{"start":{"line":81,"column":4},"end":{"line":81,"column":null}},"16":{"start":{"line":81,"column":17},"end":{"line":81,"column":null}},"17":{"start":{"line":92,"column":10},"end":{"line":92,"column":null}},"18":{"start":{"line":93,"column":4},"end":{"line":95,"column":null}},"19":{"start":{"line":94,"column":6},"end":{"line":94,"column":null}},"20":{"start":{"line":98,"column":4},"end":{"line":115,"column":null}},"21":{"start":{"line":99,"column":6},"end":{"line":103,"column":null}},"22":{"start":{"line":110,"column":6},"end":{"line":114,"column":null}},"23":{"start":{"line":117,"column":28},"end":{"line":117,"column":null}},"24":{"start":{"line":118,"column":4},"end":{"line":118,"column":null}},"25":{"start":{"line":118,"column":15},"end":{"line":118,"column":null}},"26":{"start":{"line":124,"column":4},"end":{"line":132,"column":null}},"27":{"start":{"line":128,"column":6},"end":{"line":131,"column":null}},"28":{"start":{"line":143,"column":10},"end":{"line":143,"column":null}},"29":{"start":{"line":144,"column":4},"end":{"line":146,"column":null}},"30":{"start":{"line":145,"column":6},"end":{"line":145,"column":null}},"31":{"start":{"line":149,"column":4},"end":{"line":153,"column":null}},"32":{"start":{"line":150,"column":6},"end":{"line":150,"column":null}},"33":{"start":{"line":152,"column":6},"end":{"line":152,"column":null}},"34":{"start":{"line":155,"column":22},"end":{"line":155,"column":null}},"35":{"start":{"line":156,"column":4},"end":{"line":156,"column":null}},"36":{"start":{"line":156,"column":15},"end":{"line":156,"column":null}},"37":{"start":{"line":164,"column":22},"end":{"line":164,"column":null}},"38":{"start":{"line":165,"column":4},"end":{"line":165,"column":null}},"39":{"start":{"line":165,"column":15},"end":{"line":165,"column":null}},"40":{"start":{"line":171,"column":4},"end":{"line":171,"column":null}},"41":{"start":{"line":171,"column":24},"end":{"line":171,"column":null}},"42":{"start":{"line":172,"column":4},"end":{"line":172,"column":null}},"43":{"start":{"line":173,"column":4},"end":{"line":173,"column":null}},"44":{"start":{"line":173,"column":26},"end":{"line":173,"column":50}},"45":{"start":{"line":177,"column":15},"end":{"line":177,"column":null}},"46":{"start":{"line":178,"column":26},"end":{"line":178,"column":null}},"47":{"start":{"line":185,"column":22},"end":{"line":185,"column":null}},"48":{"start":{"line":187,"column":2},"end":{"line":204,"column":null}},"49":{"start":{"line":209,"column":8},"end":{"line":209,"column":null}},"50":{"start":{"line":210,"column":2},"end":{"line":210,"column":null}},"51":{"start":{"line":210,"column":12},"end":{"line":210,"column":null}},"52":{"start":{"line":211,"column":2},"end":{"line":211,"column":null}}},"fnMap":{"0":{"name":"AuthProvider","decl":{"start":{"line":52,"column":16},"end":{"line":52,"column":29}},"loc":{"start":{"line":52,"column":43},"end":{"line":206,"column":null}},"line":52},"1":{"name":"(anonymous_1)","decl":{"start":{"line":58,"column":12},"end":{"line":58,"column":18}},"loc":{"start":{"line":58,"column":18},"end":{"line":82,"column":5}},"line":58},"2":{"name":"(anonymous_2)","decl":{"start":{"line":60,"column":36},"end":{"line":60,"column":37}},"loc":{"start":{"line":60,"column":50},"end":{"line":68,"column":5}},"line":60},"3":{"name":"(anonymous_3)","decl":{"start":{"line":65,"column":17},"end":{"line":65,"column":23}},"loc":{"start":{"line":65,"column":23},"end":{"line":65,"column":25}},"line":65},"4":{"name":"(anonymous_4)","decl":{"start":{"line":72,"column":71},"end":{"line":72,"column":72}},"loc":{"start":{"line":72,"column":86},"end":{"line":79,"column":5}},"line":72},"5":{"name":"(anonymous_5)","decl":{"start":{"line":75,"column":56},"end":{"line":75,"column":62}},"loc":{"start":{"line":75,"column":62},"end":{"line":75,"column":64}},"line":75},"6":{"name":"(anonymous_6)","decl":{"start":{"line":81,"column":11},"end":{"line":81,"column":17}},"loc":{"start":{"line":81,"column":17},"end":{"line":81,"column":null}},"line":81},"7":{"name":"register","decl":{"start":{"line":91,"column":17},"end":{"line":91,"column":26}},"loc":{"start":{"line":91,"column":58},"end":{"line":133,"column":null}},"line":91},"8":{"name":"login","decl":{"start":{"line":142,"column":17},"end":{"line":142,"column":23}},"loc":{"start":{"line":142,"column":49},"end":{"line":157,"column":null}},"line":142},"9":{"name":"logout","decl":{"start":{"line":163,"column":17},"end":{"line":163,"column":26}},"loc":{"start":{"line":163,"column":26},"end":{"line":167,"column":null}},"line":163},"10":{"name":"updateProfile","decl":{"start":{"line":170,"column":17},"end":{"line":170,"column":31}},"loc":{"start":{"line":170,"column":40},"end":{"line":174,"column":null}},"line":170},"11":{"name":"(anonymous_11)","decl":{"start":{"line":173,"column":15},"end":{"line":173,"column":16}},"loc":{"start":{"line":173,"column":26},"end":{"line":173,"column":50}},"line":173},"12":{"name":"useAuth","decl":{"start":{"line":208,"column":16},"end":{"line":208,"column":26}},"loc":{"start":{"line":208,"column":26},"end":{"line":212,"column":null}},"line":208}},"branchMap":{"0":{"loc":{"start":{"line":61,"column":17},"end":{"line":61,"column":37}},"type":"binary-expr","locations":[{"start":{"line":61,"column":17},"end":{"line":61,"column":33}},{"start":{"line":61,"column":33},"end":{"line":61,"column":37}}],"line":61},"1":{"loc":{"start":{"line":62,"column":6},"end":{"line":66,"column":null}},"type":"if","locations":[{"start":{"line":62,"column":6},"end":{"line":66,"column":null}},{"start":{},"end":{}}],"line":62},"2":{"loc":{"start":{"line":73,"column":17},"end":{"line":73,"column":26}},"type":"binary-expr","locations":[{"start":{"line":73,"column":17},"end":{"line":73,"column":22}},{"start":{"line":73,"column":22},"end":{"line":73,"column":26}}],"line":73},"3":{"loc":{"start":{"line":74,"column":6},"end":{"line":78,"column":null}},"type":"if","locations":[{"start":{"line":74,"column":6},"end":{"line":78,"column":null}},{"start":{"line":76,"column":13},"end":{"line":78,"column":null}}],"line":74},"4":{"loc":{"start":{"line":93,"column":4},"end":{"line":95,"column":null}},"type":"if","locations":[{"start":{"line":93,"column":4},"end":{"line":95,"column":null}},{"start":{},"end":{}}],"line":93},"5":{"loc":{"start":{"line":98,"column":4},"end":{"line":115,"column":null}},"type":"if","locations":[{"start":{"line":98,"column":4},"end":{"line":115,"column":null}},{"start":{"line":104,"column":11},"end":{"line":115,"column":null}}],"line":98},"6":{"loc":{"start":{"line":118,"column":4},"end":{"line":118,"column":null}},"type":"if","locations":[{"start":{"line":118,"column":4},"end":{"line":118,"column":null}},{"start":{},"end":{}}],"line":118},"7":{"loc":{"start":{"line":124,"column":4},"end":{"line":132,"column":null}},"type":"if","locations":[{"start":{"line":124,"column":4},"end":{"line":132,"column":null}},{"start":{},"end":{}}],"line":124},"8":{"loc":{"start":{"line":124,"column":8},"end":{"line":124,"column":36}},"type":"binary-expr","locations":[{"start":{"line":124,"column":8},"end":{"line":124,"column":21}},{"start":{"line":124,"column":21},"end":{"line":124,"column":36}}],"line":124},"9":{"loc":{"start":{"line":130,"column":9},"end":{"line":130,"column":66}},"type":"cond-expr","locations":[{"start":{"line":130,"column":35},"end":{"line":130,"column":50}},{"start":{"line":130,"column":50},"end":{"line":130,"column":66}}],"line":130},"10":{"loc":{"start":{"line":144,"column":4},"end":{"line":146,"column":null}},"type":"if","locations":[{"start":{"line":144,"column":4},"end":{"line":146,"column":null}},{"start":{},"end":{}}],"line":144},"11":{"loc":{"start":{"line":149,"column":4},"end":{"line":153,"column":null}},"type":"if","locations":[{"start":{"line":149,"column":4},"end":{"line":153,"column":null}},{"start":{"line":151,"column":11},"end":{"line":153,"column":null}}],"line":149},"12":{"loc":{"start":{"line":156,"column":4},"end":{"line":156,"column":null}},"type":"if","locations":[{"start":{"line":156,"column":4},"end":{"line":156,"column":null}},{"start":{},"end":{}}],"line":156},"13":{"loc":{"start":{"line":165,"column":4},"end":{"line":165,"column":null}},"type":"if","locations":[{"start":{"line":165,"column":4},"end":{"line":165,"column":null}},{"start":{},"end":{}}],"line":165},"14":{"loc":{"start":{"line":171,"column":4},"end":{"line":171,"column":null}},"type":"if","locations":[{"start":{"line":171,"column":4},"end":{"line":171,"column":null}},{"start":{},"end":{}}],"line":171},"15":{"loc":{"start":{"line":177,"column":15},"end":{"line":177,"column":null}},"type":"binary-expr","locations":[{"start":{"line":177,"column":15},"end":{"line":177,"column":32}},{"start":{"line":177,"column":32},"end":{"line":177,"column":null}}],"line":177},"16":{"loc":{"start":{"line":210,"column":2},"end":{"line":210,"column":null}},"type":"if","locations":[{"start":{"line":210,"column":2},"end":{"line":210,"column":null}},{"start":{},"end":{}}],"line":210}},"s":{"0":1,"1":18,"2":18,"3":18,"4":18,"5":9,"6":9,"7":9,"8":1,"9":9,"10":9,"11":0,"12":0,"13":0,"14":0,"15":9,"16":9,"17":2,"18":2,"19":0,"20":2,"21":1,"22":1,"23":2,"24":2,"25":0,"26":2,"27":1,"28":3,"29":3,"30":1,"31":2,"32":2,"33":0,"34":2,"35":2,"36":1,"37":1,"38":1,"39":0,"40":0,"41":0,"42":0,"43":0,"44":0,"45":18,"46":18,"47":18,"48":18,"49":22,"50":22,"51":4,"52":17},"f":{"0":18,"1":9,"2":9,"3":0,"4":0,"5":0,"6":9,"7":2,"8":3,"9":1,"10":0,"11":0,"12":22},"b":{"0":[9,8],"1":[1,8],"2":[0,0],"3":[0,0],"4":[0,2],"5":[1,1],"6":[0,2],"7":[1,1],"8":[2,2],"9":[1,0],"10":[1,2],"11":[2,0],"12":[1,1],"13":[0,1],"14":[0,0],"15":[18,16],"16":[4,18]},"meta":{"lastBranch":17,"lastFunction":13,"lastStatement":53,"seen":{"s:50:6:50:Infinity":0,"f:52:16:52:29":0,"s:53:28:53:Infinity":1,"s:54:28:54:Infinity":2,"s:55:28:55:Infinity":3,"s:58:2:82:Infinity":4,"f:58:12:58:18":1,"s:60:4:68:Infinity":5,"f:60:36:60:37":2,"s:61:6:61:Infinity":6,"b:61:17:61:33:61:33:61:37":0,"b:62:6:66:Infinity:undefined:undefined:undefined:undefined":1,"s:62:6:66:Infinity":7,"s:63:8:65:Infinity":8,"f:65:17:65:23":3,"s:67:6:67:Infinity":9,"s:72:39:79:Infinity":10,"f:72:71:72:72":4,"s:73:6:73:Infinity":11,"b:73:17:73:22:73:22:73:26":2,"b:74:6:78:Infinity:76:13:78:Infinity":3,"s:74:6:78:Infinity":12,"s:75:8:75:Infinity":13,"f:75:56:75:62":5,"s:77:8:77:Infinity":14,"s:81:4:81:Infinity":15,"f:81:11:81:17":6,"s:81:17:81:Infinity":16,"f:91:17:91:26":7,"s:92:10:92:Infinity":17,"b:93:4:95:Infinity:undefined:undefined:undefined:undefined":4,"s:93:4:95:Infinity":18,"s:94:6:94:Infinity":19,"b:98:4:115:Infinity:104:11:115:Infinity":5,"s:98:4:115:Infinity":20,"s:99:6:103:Infinity":21,"s:110:6:114:Infinity":22,"s:117:28:117:Infinity":23,"b:118:4:118:Infinity:undefined:undefined:undefined:undefined":6,"s:118:4:118:Infinity":24,"s:118:15:118:Infinity":25,"b:124:4:132:Infinity:undefined:undefined:undefined:undefined":7,"s:124:4:132:Infinity":26,"b:124:8:124:21:124:21:124:36":8,"s:128:6:131:Infinity":27,"b:130:35:130:50:130:50:130:66":9,"f:142:17:142:23":8,"s:143:10:143:Infinity":28,"b:144:4:146:Infinity:undefined:undefined:undefined:undefined":10,"s:144:4:146:Infinity":29,"s:145:6:145:Infinity":30,"b:149:4:153:Infinity:151:11:153:Infinity":11,"s:149:4:153:Infinity":31,"s:150:6:150:Infinity":32,"s:152:6:152:Infinity":33,"s:155:22:155:Infinity":34,"b:156:4:156:Infinity:undefined:undefined:undefined:undefined":12,"s:156:4:156:Infinity":35,"s:156:15:156:Infinity":36,"f:163:17:163:26":9,"s:164:22:164:Infinity":37,"b:165:4:165:Infinity:undefined:undefined:undefined:undefined":13,"s:165:4:165:Infinity":38,"s:165:15:165:Infinity":39,"f:170:17:170:31":10,"b:171:4:171:Infinity:undefined:undefined:undefined:undefined":14,"s:171:4:171:Infinity":40,"s:171:24:171:Infinity":41,"s:172:4:172:Infinity":42,"s:173:4:173:Infinity":43,"f:173:15:173:16":11,"s:173:26:173:50":44,"s:177:15:177:Infinity":45,"b:177:15:177:32:177:32:177:Infinity":15,"s:178:26:178:Infinity":46,"s:185:22:185:Infinity":47,"s:187:2:204:Infinity":48,"f:208:16:208:26":12,"s:209:8:209:Infinity":49,"b:210:2:210:Infinity:undefined:undefined:undefined:undefined":16,"s:210:2:210:Infinity":50,"s:210:12:210:Infinity":51,"s:211:2:211:Infinity":52}}}
,"/Users/rickyfelix/GitHub/Arisan-Digital/frontend/src/context/ToastContext.jsx": {"path":"/Users/rickyfelix/GitHub/Arisan-Digital/frontend/src/context/ToastContext.jsx","statementMap":{"0":{"start":{"line":5,"column":6},"end":{"line":5,"column":null}},"1":{"start":{"line":8,"column":26},"end":{"line":8,"column":null}},"2":{"start":{"line":10,"column":8},"end":{"line":14,"column":null}},"3":{"start":{"line":11,"column":15},"end":{"line":11,"column":null}},"4":{"start":{"line":12,"column":4},"end":{"line":12,"column":null}},"5":{"start":{"line":12,"column":19},"end":{"line":12,"column":44}},"6":{"start":{"line":13,"column":4},"end":{"line":13,"column":null}},"7":{"start":{"line":13,"column":21},"end":{"line":13,"column":65}},"8":{"start":{"line":13,"column":36},"end":{"line":13,"column":62}},"9":{"start":{"line":13,"column":50},"end":{"line":13,"column":61}},"10":{"start":{"line":16,"column":2},"end":{"line":45,"column":null}},"11":{"start":{"line":22,"column":12},"end":{"line":41,"column":null}},"12":{"start":{"line":50,"column":2},"end":{"line":50,"column":null}}},"fnMap":{"0":{"name":"ToastProvider","decl":{"start":{"line":7,"column":16},"end":{"line":7,"column":30}},"loc":{"start":{"line":7,"column":44},"end":{"line":47,"column":null}},"line":7},"1":{"name":"(anonymous_1)","decl":{"start":{"line":10,"column":27},"end":{"line":10,"column":28}},"loc":{"start":{"line":10,"column":54},"end":{"line":14,"column":5}},"line":10},"2":{"name":"(anonymous_2)","decl":{"start":{"line":12,"column":14},"end":{"line":12,"column":19}},"loc":{"start":{"line":12,"column":19},"end":{"line":12,"column":44}},"line":12},"3":{"name":"(anonymous_3)","decl":{"start":{"line":13,"column":15},"end":{"line":13,"column":21}},"loc":{"start":{"line":13,"column":21},"end":{"line":13,"column":65}},"line":13},"4":{"name":"(anonymous_4)","decl":{"start":{"line":13,"column":31},"end":{"line":13,"column":36}},"loc":{"start":{"line":13,"column":36},"end":{"line":13,"column":62}},"line":13},"5":{"name":"(anonymous_5)","decl":{"start":{"line":13,"column":45},"end":{"line":13,"column":50}},"loc":{"start":{"line":13,"column":50},"end":{"line":13,"column":61}},"line":13},"6":{"name":"(anonymous_6)","decl":{"start":{"line":21,"column":22},"end":{"line":21,"column":null}},"loc":{"start":{"line":22,"column":12},"end":{"line":41,"column":null}},"line":22},"7":{"name":"useToast","decl":{"start":{"line":49,"column":16},"end":{"line":49,"column":27}},"loc":{"start":{"line":49,"column":27},"end":{"line":51,"column":null}},"line":49}},"branchMap":{"0":{"loc":{"start":{"line":10,"column":33},"end":{"line":10,"column":54}},"type":"default-arg","locations":[{"start":{"line":10,"column":40},"end":{"line":10,"column":54}}],"line":10},"1":{"loc":{"start":{"line":29,"column":38},"end":{"line":29,"column":100}},"type":"cond-expr","locations":[{"start":{"line":29,"column":59},"end":{"line":29,"column":69}},{"start":{"line":29,"column":69},"end":{"line":29,"column":100}}],"line":29},"2":{"loc":{"start":{"line":29,"column":69},"end":{"line":29,"column":100}},"type":"cond-expr","locations":[{"start":{"line":29,"column":89},"end":{"line":29,"column":98}},{"start":{"line":29,"column":98},"end":{"line":29,"column":100}}],"line":29},"3":{"loc":{"start":{"line":34,"column":28},"end":{"line":34,"column":null}},"type":"cond-expr","locations":[{"start":{"line":34,"column":49},"end":{"line":34,"column":72}},{"start":{"line":34,"column":72},"end":{"line":34,"column":null}}],"line":34},"4":{"loc":{"start":{"line":34,"column":72},"end":{"line":34,"column":null}},"type":"cond-expr","locations":[{"start":{"line":34,"column":92},"end":{"line":34,"column":113}},{"start":{"line":34,"column":113},"end":{"line":34,"column":null}}],"line":34},"5":{"loc":{"start":{"line":35,"column":23},"end":{"line":35,"column":null}},"type":"cond-expr","locations":[{"start":{"line":35,"column":44},"end":{"line":35,"column":56}},{"start":{"line":35,"column":56},"end":{"line":35,"column":null}}],"line":35},"6":{"loc":{"start":{"line":35,"column":56},"end":{"line":35,"column":null}},"type":"cond-expr","locations":[{"start":{"line":35,"column":76},"end":{"line":35,"column":88}},{"start":{"line":35,"column":88},"end":{"line":35,"column":null}}],"line":35},"7":{"loc":{"start":{"line":38,"column":28},"end":{"line":38,"column":98}},"type":"cond-expr","locations":[{"start":{"line":38,"column":49},"end":{"line":38,"column":59}},{"start":{"line":38,"column":59},"end":{"line":38,"column":98}}],"line":38},"8":{"loc":{"start":{"line":38,"column":59},"end":{"line":38,"column":98}},"type":"cond-expr","locations":[{"start":{"line":38,"column":79},"end":{"line":38,"column":89}},{"start":{"line":38,"column":89},"end":{"line":38,"column":98}}],"line":38}},"s":{"0":1,"1":20,"2":20,"3":10,"4":10,"5":10,"6":10,"7":1,"8":1,"9":1,"10":20,"11":10,"12":11},"f":{"0":20,"1":10,"2":10,"3":1,"4":1,"5":1,"6":10,"7":11},"b":{"0":[10],"1":[3,7],"2":[2,5],"3":[3,7],"4":[2,5],"5":[3,7],"6":[2,5],"7":[3,7],"8":[2,5]},"meta":{"lastBranch":9,"lastFunction":8,"lastStatement":13,"seen":{"s:5:6:5:Infinity":0,"f:7:16:7:30":0,"s:8:26:8:Infinity":1,"s:10:8:14:Infinity":2,"f:10:27:10:28":1,"b:10:40:10:54":0,"s:11:15:11:Infinity":3,"s:12:4:12:Infinity":4,"f:12:14:12:19":2,"s:12:19:12:44":5,"s:13:4:13:Infinity":6,"f:13:15:13:21":3,"s:13:21:13:65":7,"f:13:31:13:36":4,"s:13:36:13:62":8,"f:13:45:13:50":5,"s:13:50:13:61":9,"s:16:2:45:Infinity":10,"f:21:22:21:Infinity":6,"s:22:12:41:Infinity":11,"b:29:59:29:69:29:69:29:100":1,"b:29:89:29:98:29:98:29:100":2,"b:34:49:34:72:34:72:34:Infinity":3,"b:34:92:34:113:34:113:34:Infinity":4,"b:35:44:35:56:35:56:35:Infinity":5,"b:35:76:35:88:35:88:35:Infinity":6,"b:38:49:38:59:38:59:38:98":7,"b:38:79:38:89:38:89:38:98":8,"f:49:16:49:27":7,"s:50:2:50:Infinity":12}}}
,"/Users/rickyfelix/GitHub/Arisan-Digital/frontend/src/hooks/useGroups.js": {"path":"/Users/rickyfelix/GitHub/Arisan-Digital/frontend/src/hooks/useGroups.js","statementMap":{"0":{"start":{"line":10,"column":20},"end":{"line":12,"column":11}},"1":{"start":{"line":14,"column":17},"end":{"line":16,"column":11}},"2":{"start":{"line":18,"column":17},"end":{"line":18,"column":69}},"3":{"start":{"line":20,"column":20},"end":{"line":20,"column":56}},"4":{"start":{"line":21,"column":23},"end":{"line":21,"column":67}},"5":{"start":{"line":22,"column":19},"end":{"line":22,"column":86}},"6":{"start":{"line":24,"column":18},"end":{"line":26,"column":10}},"7":{"start":{"line":28,"column":24},"end":{"line":28,"column":67}},"8":{"start":{"line":29,"column":19},"end":{"line":29,"column":57}},"9":{"start":{"line":31,"column":2},"end":{"line":56,"column":null}},"10":{"start":{"line":63,"column":28},"end":{"line":63,"column":55}},"11":{"start":{"line":64,"column":27},"end":{"line":64,"column":50}},"12":{"start":{"line":65,"column":19},"end":{"line":67,"column":7}},"13":{"start":{"line":69,"column":22},"end":{"line":69,"column":58}},"14":{"start":{"line":71,"column":20},"end":{"line":71,"column":80}},"15":{"start":{"line":72,"column":17},"end":{"line":74,"column":11}},"16":{"start":{"line":76,"column":17},"end":{"line":76,"column":69}},"17":{"start":{"line":78,"column":2},"end":{"line":113,"column":null}},"18":{"start":{"line":121,"column":27},"end":{"line":121,"column":47}},"19":{"start":{"line":122,"column":31},"end":{"line":122,"column":46}},"20":{"start":{"line":123,"column":27},"end":{"line":123,"column":42}},"21":{"start":{"line":125,"column":1},"end":{"line":166,"column":null}},"22":{"start":{"line":126,"column":20},"end":{"line":126,"column":25}},"23":{"start":{"line":129,"column":6},"end":{"line":129,"column":null}},"24":{"start":{"line":130,"column":6},"end":{"line":130,"column":null}},"25":{"start":{"line":131,"column":6},"end":{"line":161,"column":null}},"26":{"start":{"line":137,"column":32},"end":{"line":140,"column":10}},"27":{"start":{"line":142,"column":8},"end":{"line":142,"column":null}},"28":{"start":{"line":142,"column":23},"end":{"line":142,"column":null}},"29":{"start":{"line":144,"column":27},"end":{"line":144,"column":84}},"30":{"start":{"line":145,"column":26},"end":{"line":145,"column":80}},"31":{"start":{"line":148,"column":23},"end":{"line":148,"column":76}},"32":{"start":{"line":148,"column":65},"end":{"line":148,"column":75}},"33":{"start":{"line":149,"column":24},"end":{"line":149,"column":76}},"34":{"start":{"line":149,"column":66},"end":{"line":149,"column":75}},"35":{"start":{"line":150,"column":23},"end":{"line":150,"column":46}},"36":{"start":{"line":152,"column":8},"end":{"line":152,"column":null}},"37":{"start":{"line":154,"column":8},"end":{"line":154,"column":null}},"38":{"start":{"line":154,"column":23},"end":{"line":154,"column":null}},"39":{"start":{"line":155,"column":8},"end":{"line":155,"column":null}},"40":{"start":{"line":156,"column":8},"end":{"line":156,"column":null}},"41":{"start":{"line":158,"column":8},"end":{"line":158,"column":null}},"42":{"start":{"line":160,"column":8},"end":{"line":160,"column":null}},"43":{"start":{"line":160,"column":24},"end":{"line":160,"column":null}},"44":{"start":{"line":164,"column":4},"end":{"line":164,"column":null}},"45":{"start":{"line":165,"column":4},"end":{"line":165,"column":null}},"46":{"start":{"line":165,"column":19},"end":{"line":165,"column":36}},"47":{"start":{"line":168,"column":2},"end":{"line":168,"column":null}}},"fnMap":{"0":{"name":"mapGroupToCard","decl":{"start":{"line":9,"column":9},"end":{"line":9,"column":23}},"loc":{"start":{"line":9,"column":31},"end":{"line":57,"column":null}},"line":9},"1":{"name":"mapBillToCard","decl":{"start":{"line":62,"column":9},"end":{"line":62,"column":22}},"loc":{"start":{"line":62,"column":29},"end":{"line":114,"column":null}},"line":62},"2":{"name":"useHomeCards","decl":{"start":{"line":120,"column":16},"end":{"line":120,"column":28}},"loc":{"start":{"line":120,"column":31},"end":{"line":169,"column":null}},"line":120},"3":{"name":"(anonymous_3)","decl":{"start":{"line":125,"column":12},"end":{"line":125,"column":13}},"loc":{"start":{"line":125,"column":18},"end":{"line":166,"column":3}},"line":125},"4":{"name":"load","decl":{"start":{"line":128,"column":19},"end":{"line":128,"column":23}},"loc":{"start":{"line":128,"column":26},"end":{"line":162,"column":null}},"line":128},"5":{"name":"(anonymous_5)","decl":{"start":{"line":148,"column":60},"end":{"line":148,"column":61}},"loc":{"start":{"line":148,"column":65},"end":{"line":148,"column":75}},"line":148},"6":{"name":"(anonymous_6)","decl":{"start":{"line":149,"column":61},"end":{"line":149,"column":62}},"loc":{"start":{"line":149,"column":66},"end":{"line":149,"column":75}},"line":149},"7":{"name":"(anonymous_7)","decl":{"start":{"line":165,"column":11},"end":{"line":165,"column":12}},"loc":{"start":{"line":165,"column":17},"end":{"line":165,"column":38}},"line":165}},"branchMap":{"0":{"loc":{"start":{"line":10,"column":20},"end":{"line":12,"column":11}},"type":"cond-expr","locations":[{"start":{"line":11,"column":6},"end":{"line":11,"column":null}},{"start":{"line":12,"column":6},"end":{"line":12,"column":11}}],"line":10},"1":{"loc":{"start":{"line":14,"column":17},"end":{"line":16,"column":11}},"type":"cond-expr","locations":[{"start":{"line":15,"column":6},"end":{"line":15,"column":null}},{"start":{"line":16,"column":6},"end":{"line":16,"column":11}}],"line":14},"2":{"loc":{"start":{"line":14,"column":17},"end":{"line":14,"column":null}},"type":"binary-expr","locations":[{"start":{"line":14,"column":17},"end":{"line":14,"column":27}},{"start":{"line":14,"column":31},"end":{"line":14,"column":null}}],"line":14},"3":{"loc":{"start":{"line":18,"column":17},"end":{"line":18,"column":69}},"type":"cond-expr","locations":[{"start":{"line":18,"column":29},"end":{"line":18,"column":38}},{"start":{"line":18,"column":41},"end":{"line":18,"column":69}}],"line":18},"4":{"loc":{"start":{"line":18,"column":41},"end":{"line":18,"column":69}},"type":"cond-expr","locations":[{"start":{"line":18,"column":50},"end":{"line":18,"column":56}},{"start":{"line":18,"column":59},"end":{"line":18,"column":69}}],"line":18},"5":{"loc":{"start":{"line":20,"column":20},"end":{"line":20,"column":56}},"type":"binary-expr","locations":[{"start":{"line":20,"column":20},"end":{"line":20,"column":51}},{"start":{"line":20,"column":55},"end":{"line":20,"column":56}}],"line":20},"6":{"loc":{"start":{"line":21,"column":23},"end":{"line":21,"column":67}},"type":"binary-expr","locations":[{"start":{"line":21,"column":23},"end":{"line":21,"column":41}},{"start":{"line":21,"column":45},"end":{"line":21,"column":62}},{"start":{"line":21,"column":66},"end":{"line":21,"column":67}}],"line":21},"7":{"loc":{"start":{"line":22,"column":19},"end":{"line":22,"column":86}},"type":"cond-expr","locations":[{"start":{"line":22,"column":38},"end":{"line":22,"column":82}},{"start":{"line":22,"column":85},"end":{"line":22,"column":86}}],"line":22},"8":{"loc":{"start":{"line":24,"column":18},"end":{"line":26,"column":10}},"type":"cond-expr","locations":[{"start":{"line":25,"column":6},"end":{"line":25,"column":null}},{"start":{"line":26,"column":6},"end":{"line":26,"column":10}}],"line":24},"9":{"loc":{"start":{"line":28,"column":24},"end":{"line":28,"column":67}},"type":"binary-expr","locations":[{"start":{"line":28,"column":24},"end":{"line":28,"column":59}},{"start":{"line":28,"column":63},"end":{"line":28,"column":67}}],"line":28},"10":{"loc":{"start":{"line":29,"column":19},"end":{"line":29,"column":57}},"type":"binary-expr","locations":[{"start":{"line":29,"column":19},"end":{"line":29,"column":52}},{"start":{"line":29,"column":56},"end":{"line":29,"column":57}}],"line":29},"11":{"loc":{"start":{"line":36,"column":38},"end":{"line":36,"column":88}},"type":"cond-expr","locations":[{"start":{"line":36,"column":54},"end":{"line":36,"column":83}},{"start":{"line":36,"column":86},"end":{"line":36,"column":88}}],"line":36},"12":{"loc":{"start":{"line":37,"column":12},"end":{"line":39,"column":14}},"type":"cond-expr","locations":[{"start":{"line":38,"column":8},"end":{"line":38,"column":null}},{"start":{"line":39,"column":8},"end":{"line":39,"column":14}}],"line":37},"13":{"loc":{"start":{"line":40,"column":9},"end":{"line":40,"column":69}},"type":"cond-expr","locations":[{"start":{"line":40,"column":19},"end":{"line":40,"column":43}},{"start":{"line":40,"column":46},"end":{"line":40,"column":69}}],"line":40},"14":{"loc":{"start":{"line":44,"column":29},"end":{"line":44,"column":62}},"type":"binary-expr","locations":[{"start":{"line":44,"column":29},"end":{"line":44,"column":46}},{"start":{"line":44,"column":50},"end":{"line":44,"column":62}}],"line":44},"15":{"loc":{"start":{"line":46,"column":12},"end":{"line":46,"column":58}},"type":"cond-expr","locations":[{"start":{"line":46,"column":24},"end":{"line":46,"column":31}},{"start":{"line":46,"column":34},"end":{"line":46,"column":58}}],"line":46},"16":{"loc":{"start":{"line":46,"column":34},"end":{"line":46,"column":58}},"type":"cond-expr","locations":[{"start":{"line":46,"column":43},"end":{"line":46,"column":51}},{"start":{"line":46,"column":54},"end":{"line":46,"column":58}}],"line":46},"17":{"loc":{"start":{"line":47,"column":16},"end":{"line":47,"column":67}},"type":"cond-expr","locations":[{"start":{"line":47,"column":47},"end":{"line":47,"column":56}},{"start":{"line":47,"column":59},"end":{"line":47,"column":67}}],"line":47},"18":{"loc":{"start":{"line":48,"column":14},"end":{"line":48,"column":86}},"type":"cond-expr","locations":[{"start":{"line":48,"column":45},"end":{"line":48,"column":67}},{"start":{"line":48,"column":70},"end":{"line":48,"column":86}}],"line":48},"19":{"loc":{"start":{"line":49,"column":13},"end":{"line":49,"column":59}},"type":"cond-expr","locations":[{"start":{"line":49,"column":44},"end":{"line":49,"column":51}},{"start":{"line":49,"column":54},"end":{"line":49,"column":59}}],"line":49},"20":{"loc":{"start":{"line":50,"column":16},"end":{"line":50,"column":63}},"type":"cond-expr","locations":[{"start":{"line":50,"column":47},"end":{"line":50,"column":51}},{"start":{"line":50,"column":54},"end":{"line":50,"column":63}}],"line":50},"21":{"loc":{"start":{"line":51,"column":13},"end":{"line":51,"column":72}},"type":"cond-expr","locations":[{"start":{"line":51,"column":44},"end":{"line":51,"column":60}},{"start":{"line":51,"column":63},"end":{"line":51,"column":72}}],"line":51},"22":{"loc":{"start":{"line":63,"column":28},"end":{"line":63,"column":55}},"type":"binary-expr","locations":[{"start":{"line":63,"column":28},"end":{"line":63,"column":50}},{"start":{"line":63,"column":54},"end":{"line":63,"column":55}}],"line":63},"23":{"loc":{"start":{"line":64,"column":27},"end":{"line":64,"column":50}},"type":"binary-expr","locations":[{"start":{"line":64,"column":27},"end":{"line":64,"column":45}},{"start":{"line":64,"column":49},"end":{"line":64,"column":50}}],"line":64},"24":{"loc":{"start":{"line":65,"column":19},"end":{"line":67,"column":7}},"type":"cond-expr","locations":[{"start":{"line":66,"column":6},"end":{"line":66,"column":null}},{"start":{"line":67,"column":6},"end":{"line":67,"column":7}}],"line":65},"25":{"loc":{"start":{"line":71,"column":20},"end":{"line":71,"column":80}},"type":"cond-expr","locations":[{"start":{"line":71,"column":36},"end":{"line":71,"column":72}},{"start":{"line":71,"column":75},"end":{"line":71,"column":80}}],"line":71},"26":{"loc":{"start":{"line":72,"column":17},"end":{"line":74,"column":11}},"type":"cond-expr","locations":[{"start":{"line":73,"column":6},"end":{"line":73,"column":null}},{"start":{"line":74,"column":6},"end":{"line":74,"column":11}}],"line":72},"27":{"loc":{"start":{"line":72,"column":17},"end":{"line":72,"column":null}},"type":"binary-expr","locations":[{"start":{"line":72,"column":17},"end":{"line":72,"column":27}},{"start":{"line":72,"column":31},"end":{"line":72,"column":null}}],"line":72},"28":{"loc":{"start":{"line":76,"column":17},"end":{"line":76,"column":69}},"type":"cond-expr","locations":[{"start":{"line":76,"column":29},"end":{"line":76,"column":38}},{"start":{"line":76,"column":41},"end":{"line":76,"column":69}}],"line":76},"29":{"loc":{"start":{"line":76,"column":41},"end":{"line":76,"column":69}},"type":"cond-expr","locations":[{"start":{"line":76,"column":50},"end":{"line":76,"column":56}},{"start":{"line":76,"column":59},"end":{"line":76,"column":69}}],"line":76},"30":{"loc":{"start":{"line":83,"column":40},"end":{"line":83,"column":94}},"type":"cond-expr","locations":[{"start":{"line":83,"column":58},"end":{"line":83,"column":89}},{"start":{"line":83,"column":92},"end":{"line":83,"column":94}}],"line":83},"31":{"loc":{"start":{"line":84,"column":12},"end":{"line":86,"column":14}},"type":"cond-expr","locations":[{"start":{"line":85,"column":8},"end":{"line":85,"column":null}},{"start":{"line":86,"column":8},"end":{"line":86,"column":14}}],"line":84},"32":{"loc":{"start":{"line":87,"column":9},"end":{"line":89,"column":27}},"type":"cond-expr","locations":[{"start":{"line":88,"column":8},"end":{"line":88,"column":null}},{"start":{"line":89,"column":8},"end":{"line":89,"column":27}}],"line":87},"33":{"loc":{"start":{"line":95,"column":12},"end":{"line":95,"column":67}},"type":"cond-expr","locations":[{"start":{"line":95,"column":24},"end":{"line":95,"column":31}},{"start":{"line":95,"column":34},"end":{"line":95,"column":67}}],"line":95},"34":{"loc":{"start":{"line":95,"column":34},"end":{"line":95,"column":67}},"type":"cond-expr","locations":[{"start":{"line":95,"column":43},"end":{"line":95,"column":60}},{"start":{"line":95,"column":63},"end":{"line":95,"column":67}}],"line":95},"35":{"loc":{"start":{"line":96,"column":16},"end":{"line":96,"column":66}},"type":"cond-expr","locations":[{"start":{"line":96,"column":44},"end":{"line":96,"column":53}},{"start":{"line":96,"column":56},"end":{"line":96,"column":66}}],"line":96},"36":{"loc":{"start":{"line":97,"column":14},"end":{"line":101,"column":24}},"type":"cond-expr","locations":[{"start":{"line":98,"column":8},"end":{"line":98,"column":null}},{"start":{"line":99,"column":8},"end":{"line":101,"column":24}}],"line":97},"37":{"loc":{"start":{"line":99,"column":8},"end":{"line":101,"column":24}},"type":"cond-expr","locations":[{"start":{"line":100,"column":8},"end":{"line":100,"column":null}},{"start":{"line":101,"column":8},"end":{"line":101,"column":24}}],"line":99},"38":{"loc":{"start":{"line":102,"column":13},"end":{"line":106,"column":17}},"type":"cond-expr","locations":[{"start":{"line":103,"column":8},"end":{"line":103,"column":null}},{"start":{"line":104,"column":8},"end":{"line":106,"column":17}}],"line":102},"39":{"loc":{"start":{"line":104,"column":8},"end":{"line":106,"column":17}},"type":"cond-expr","locations":[{"start":{"line":105,"column":8},"end":{"line":105,"column":null}},{"start":{"line":106,"column":8},"end":{"line":106,"column":17}}],"line":104},"40":{"loc":{"start":{"line":107,"column":16},"end":{"line":107,"column":60}},"type":"cond-expr","locations":[{"start":{"line":107,"column":44},"end":{"line":107,"column":48}},{"start":{"line":107,"column":51},"end":{"line":107,"column":60}}],"line":107},"41":{"loc":{"start":{"line":108,"column":13},"end":{"line":108,"column":70}},"type":"cond-expr","locations":[{"start":{"line":108,"column":41},"end":{"line":108,"column":58}},{"start":{"line":108,"column":61},"end":{"line":108,"column":70}}],"line":108},"42":{"loc":{"start":{"line":142,"column":8},"end":{"line":142,"column":null}},"type":"if","locations":[{"start":{"line":142,"column":8},"end":{"line":142,"column":null}},{"start":{},"end":{}}],"line":142},"43":{"loc":{"start":{"line":144,"column":28},"end":{"line":144,"column":63}},"type":"cond-expr","locations":[{"start":{"line":144,"column":52},"end":{"line":144,"column":58}},{"start":{"line":144,"column":61},"end":{"line":144,"column":63}}],"line":144},"44":{"loc":{"start":{"line":145,"column":27},"end":{"line":145,"column":60}},"type":"cond-expr","locations":[{"start":{"line":145,"column":50},"end":{"line":145,"column":55}},{"start":{"line":145,"column":58},"end":{"line":145,"column":60}}],"line":145},"45":{"loc":{"start":{"line":152,"column":17},"end":{"line":152,"column":55}},"type":"cond-expr","locations":[{"start":{"line":152,"column":37},"end":{"line":152,"column":43}},{"start":{"line":152,"column":46},"end":{"line":152,"column":55}}],"line":152},"46":{"loc":{"start":{"line":154,"column":8},"end":{"line":154,"column":null}},"type":"if","locations":[{"start":{"line":154,"column":8},"end":{"line":154,"column":null}},{"start":{},"end":{}}],"line":154},"47":{"loc":{"start":{"line":160,"column":8},"end":{"line":160,"column":null}},"type":"if","locations":[{"start":{"line":160,"column":8},"end":{"line":160,"column":null}},{"start":{},"end":{}}],"line":160}},"s":{"0":5,"1":5,"2":5,"3":5,"4":5,"5":5,"6":5,"7":5,"8":5,"9":5,"10":2,"11":2,"12":2,"13":2,"14":2,"15":2,"16":2,"17":2,"18":17,"19":17,"20":17,"21":17,"22":9,"23":9,"24":9,"25":9,"26":9,"27":8,"28":0,"29":8,"30":9,"31":9,"32":7,"33":9,"34":7,"35":9,"36":9,"37":1,"38":0,"39":1,"40":1,"41":1,"42":9,"43":9,"44":9,"45":9,"46":9,"47":17},"f":{"0":5,"1":2,"2":17,"3":9,"4":9,"5":7,"6":7,"7":9},"b":{"0":[3,2],"1":[2,3],"2":[5,4],"3":[1,4],"4":[1,3],"5":[5,2],"6":[5,0,0],"7":[5,0],"8":[3,2],"9":[5,4],"10":[5,2],"11":[1,4],"12":[4,1],"13":[3,2],"14":[5,4],"15":[1,4],"16":[1,3],"17":[1,4],"18":[1,4],"19":[1,4],"20":[1,4],"21":[1,4],"22":[2,0],"23":[2,0],"24":[2,0],"25":[0,2],"26":[0,2],"27":[2,2],"28":[0,2],"29":[0,2],"30":[1,1],"31":[1,1],"32":[1,1],"33":[0,2],"34":[0,2],"35":[1,1],"36":[1,1],"37":[1,0],"38":[1,1],"39":[1,0],"40":[1,1],"41":[1,1],"42":[0,8],"43":[8,0],"44":[8,0],"45":[6,2],"46":[0,1],"47":[9,0]},"meta":{"lastBranch":48,"lastFunction":8,"lastStatement":48,"seen":{"f:9:9:9:23":0,"s:10:20:12:11":0,"b:11:6:11:Infinity:12:6:12:11":0,"s:14:17:16:11":1,"b:15:6:15:Infinity:16:6:16:11":1,"b:14:17:14:27:14:31:14:Infinity":2,"s:18:17:18:69":2,"b:18:29:18:38:18:41:18:69":3,"b:18:50:18:56:18:59:18:69":4,"s:20:20:20:56":3,"b:20:20:20:51:20:55:20:56":5,"s:21:23:21:67":4,"b:21:23:21:41:21:45:21:62:21:66:21:67":6,"s:22:19:22:86":5,"b:22:38:22:82:22:85:22:86":7,"s:24:18:26:10":6,"b:25:6:25:Infinity:26:6:26:10":8,"s:28:24:28:67":7,"b:28:24:28:59:28:63:28:67":9,"s:29:19:29:57":8,"b:29:19:29:52:29:56:29:57":10,"s:31:2:56:Infinity":9,"b:36:54:36:83:36:86:36:88":11,"b:38:8:38:Infinity:39:8:39:14":12,"b:40:19:40:43:40:46:40:69":13,"b:44:29:44:46:44:50:44:62":14,"b:46:24:46:31:46:34:46:58":15,"b:46:43:46:51:46:54:46:58":16,"b:47:47:47:56:47:59:47:67":17,"b:48:45:48:67:48:70:48:86":18,"b:49:44:49:51:49:54:49:59":19,"b:50:47:50:51:50:54:50:63":20,"b:51:44:51:60:51:63:51:72":21,"f:62:9:62:22":1,"s:63:28:63:55":10,"b:63:28:63:50:63:54:63:55":22,"s:64:27:64:50":11,"b:64:27:64:45:64:49:64:50":23,"s:65:19:67:7":12,"b:66:6:66:Infinity:67:6:67:7":24,"s:69:22:69:58":13,"s:71:20:71:80":14,"b:71:36:71:72:71:75:71:80":25,"s:72:17:74:11":15,"b:73:6:73:Infinity:74:6:74:11":26,"b:72:17:72:27:72:31:72:Infinity":27,"s:76:17:76:69":16,"b:76:29:76:38:76:41:76:69":28,"b:76:50:76:56:76:59:76:69":29,"s:78:2:113:Infinity":17,"b:83:58:83:89:83:92:83:94":30,"b:85:8:85:Infinity:86:8:86:14":31,"b:88:8:88:Infinity:89:8:89:27":32,"b:95:24:95:31:95:34:95:67":33,"b:95:43:95:60:95:63:95:67":34,"b:96:44:96:53:96:56:96:66":35,"b:98:8:98:Infinity:99:8:101:24":36,"b:100:8:100:Infinity:101:8:101:24":37,"b:103:8:103:Infinity:104:8:106:17":38,"b:105:8:105:Infinity:106:8:106:17":39,"b:107:44:107:48:107:51:107:60":40,"b:108:41:108:58:108:61:108:70":41,"f:120:16:120:28":2,"s:121:27:121:47":18,"s:122:31:122:46":19,"s:123:27:123:42":20,"s:125:1:166:Infinity":21,"f:125:12:125:13":3,"s:126:20:126:25":22,"f:128:19:128:23":4,"s:129:6:129:Infinity":23,"s:130:6:130:Infinity":24,"s:131:6:161:Infinity":25,"s:137:32:140:10":26,"b:142:8:142:Infinity:undefined:undefined:undefined:undefined":42,"s:142:8:142:Infinity":27,"s:142:23:142:Infinity":28,"s:144:27:144:84":29,"b:144:52:144:58:144:61:144:63":43,"s:145:26:145:80":30,"b:145:50:145:55:145:58:145:60":44,"s:148:23:148:76":31,"f:148:60:148:61":5,"s:148:65:148:75":32,"s:149:24:149:76":33,"f:149:61:149:62":6,"s:149:66:149:75":34,"s:150:23:150:46":35,"s:152:8:152:Infinity":36,"b:152:37:152:43:152:46:152:55":45,"b:154:8:154:Infinity:undefined:undefined:undefined:undefined":46,"s:154:8:154:Infinity":37,"s:154:23:154:Infinity":38,"s:155:8:155:Infinity":39,"s:156:8:156:Infinity":40,"s:158:8:158:Infinity":41,"b:160:8:160:Infinity:undefined:undefined:undefined:undefined":47,"s:160:8:160:Infinity":42,"s:160:24:160:Infinity":43,"s:164:4:164:Infinity":44,"s:165:4:165:Infinity":45,"f:165:11:165:12":7,"s:165:19:165:36":46,"s:168:2:168:Infinity":47}}}
,"/Users/rickyfelix/GitHub/Arisan-Digital/frontend/src/hooks/useNotifications.js": {"path":"/Users/rickyfelix/GitHub/Arisan-Digital/frontend/src/hooks/useNotifications.js","statementMap":{"0":{"start":{"line":15,"column":43},"end":{"line":15,"column":56}},"1":{"start":{"line":16,"column":39},"end":{"line":16,"column":51}},"2":{"start":{"line":17,"column":31},"end":{"line":17,"column":46}},"3":{"start":{"line":18,"column":27},"end":{"line":18,"column":42}},"4":{"start":{"line":20,"column":1},"end":{"line":48,"column":null}},"5":{"start":{"line":21,"column":20},"end":{"line":21,"column":25}},"6":{"start":{"line":24,"column":6},"end":{"line":24,"column":null}},"7":{"start":{"line":25,"column":6},"end":{"line":25,"column":null}},"8":{"start":{"line":26,"column":6},"end":{"line":43,"column":null}},"9":{"start":{"line":28,"column":33},"end":{"line":31,"column":10}},"10":{"start":{"line":33,"column":8},"end":{"line":33,"column":null}},"11":{"start":{"line":33,"column":23},"end":{"line":33,"column":null}},"12":{"start":{"line":34,"column":8},"end":{"line":34,"column":null}},"13":{"start":{"line":35,"column":8},"end":{"line":35,"column":null}},"14":{"start":{"line":37,"column":8},"end":{"line":37,"column":null}},"15":{"start":{"line":37,"column":23},"end":{"line":37,"column":null}},"16":{"start":{"line":38,"column":8},"end":{"line":38,"column":null}},"17":{"start":{"line":39,"column":8},"end":{"line":39,"column":null}},"18":{"start":{"line":42,"column":8},"end":{"line":42,"column":null}},"19":{"start":{"line":42,"column":24},"end":{"line":42,"column":null}},"20":{"start":{"line":46,"column":4},"end":{"line":46,"column":null}},"21":{"start":{"line":47,"column":4},"end":{"line":47,"column":null}},"22":{"start":{"line":47,"column":19},"end":{"line":47,"column":36}},"23":{"start":{"line":50,"column":18},"end":{"line":62,"column":8}},"24":{"start":{"line":52,"column":4},"end":{"line":54,"column":null}},"25":{"start":{"line":53,"column":6},"end":{"line":53,"column":null}},"26":{"start":{"line":53,"column":20},"end":{"line":53,"column":61}},"27":{"start":{"line":55,"column":4},"end":{"line":55,"column":null}},"28":{"start":{"line":55,"column":27},"end":{"line":55,"column":48}},"29":{"start":{"line":56,"column":4},"end":{"line":61,"column":null}},"30":{"start":{"line":57,"column":6},"end":{"line":57,"column":null}},"31":{"start":{"line":59,"column":6},"end":{"line":59,"column":null}},"32":{"start":{"line":64,"column":21},"end":{"line":73,"column":8}},"33":{"start":{"line":66,"column":4},"end":{"line":66,"column":null}},"34":{"start":{"line":66,"column":29},"end":{"line":66,"column":69}},"35":{"start":{"line":66,"column":44},"end":{"line":66,"column":67}},"36":{"start":{"line":67,"column":4},"end":{"line":67,"column":null}},"37":{"start":{"line":68,"column":4},"end":{"line":72,"column":null}},"38":{"start":{"line":69,"column":6},"end":{"line":69,"column":null}},"39":{"start":{"line":71,"column":6},"end":{"line":71,"column":null}},"40":{"start":{"line":75,"column":2},"end":{"line":75,"column":null}}},"fnMap":{"0":{"name":"useNotifications","decl":{"start":{"line":14,"column":16},"end":{"line":14,"column":32}},"loc":{"start":{"line":14,"column":35},"end":{"line":76,"column":null}},"line":14},"1":{"name":"(anonymous_1)","decl":{"start":{"line":20,"column":12},"end":{"line":20,"column":13}},"loc":{"start":{"line":20,"column":18},"end":{"line":48,"column":3}},"line":20},"2":{"name":"load","decl":{"start":{"line":23,"column":19},"end":{"line":23,"column":23}},"loc":{"start":{"line":23,"column":26},"end":{"line":44,"column":null}},"line":23},"3":{"name":"(anonymous_3)","decl":{"start":{"line":47,"column":11},"end":{"line":47,"column":12}},"loc":{"start":{"line":47,"column":17},"end":{"line":47,"column":38}},"line":47},"4":{"name":"(anonymous_4)","decl":{"start":{"line":50,"column":31},"end":{"line":50,"column":36}},"loc":{"start":{"line":50,"column":45},"end":{"line":62,"column":3}},"line":50},"5":{"name":"(anonymous_5)","decl":{"start":{"line":52,"column":21},"end":{"line":52,"column":25}},"loc":{"start":{"line":53,"column":6},"end":{"line":53,"column":null}},"line":53},"6":{"name":"(anonymous_6)","decl":{"start":{"line":53,"column":15},"end":{"line":53,"column":16}},"loc":{"start":{"line":53,"column":20},"end":{"line":53,"column":61}},"line":53},"7":{"name":"(anonymous_7)","decl":{"start":{"line":55,"column":19},"end":{"line":55,"column":23}},"loc":{"start":{"line":55,"column":27},"end":{"line":55,"column":48}},"line":55},"8":{"name":"(anonymous_8)","decl":{"start":{"line":64,"column":34},"end":{"line":64,"column":39}},"loc":{"start":{"line":64,"column":46},"end":{"line":73,"column":3}},"line":64},"9":{"name":"(anonymous_9)","decl":{"start":{"line":66,"column":21},"end":{"line":66,"column":25}},"loc":{"start":{"line":66,"column":29},"end":{"line":66,"column":69}},"line":66},"10":{"name":"(anonymous_10)","decl":{"start":{"line":66,"column":38},"end":{"line":66,"column":39}},"loc":{"start":{"line":66,"column":44},"end":{"line":66,"column":67}},"line":66}},"branchMap":{"0":{"loc":{"start":{"line":33,"column":8},"end":{"line":33,"column":null}},"type":"if","locations":[{"start":{"line":33,"column":8},"end":{"line":33,"column":null}},{"start":{},"end":{}}],"line":33},"1":{"loc":{"start":{"line":34,"column":25},"end":{"line":34,"column":56}},"type":"cond-expr","locations":[{"start":{"line":34,"column":47},"end":{"line":34,"column":51}},{"start":{"line":34,"column":54},"end":{"line":34,"column":56}}],"line":34},"2":{"loc":{"start":{"line":35,"column":23},"end":{"line":35,"column":79}},"type":"cond-expr","locations":[{"start":{"line":35,"column":61},"end":{"line":35,"column":75}},{"start":{"line":35,"column":78},"end":{"line":35,"column":79}}],"line":35},"3":{"loc":{"start":{"line":37,"column":8},"end":{"line":37,"column":null}},"type":"if","locations":[{"start":{"line":37,"column":8},"end":{"line":37,"column":null}},{"start":{},"end":{}}],"line":37},"4":{"loc":{"start":{"line":42,"column":8},"end":{"line":42,"column":null}},"type":"if","locations":[{"start":{"line":42,"column":8},"end":{"line":42,"column":null}},{"start":{},"end":{}}],"line":42},"5":{"loc":{"start":{"line":53,"column":20},"end":{"line":53,"column":61}},"type":"cond-expr","locations":[{"start":{"line":53,"column":34},"end":{"line":53,"column":57}},{"start":{"line":53,"column":60},"end":{"line":53,"column":61}}],"line":53}},"s":{"0":27,"1":27,"2":27,"3":27,"4":27,"5":11,"6":11,"7":11,"8":11,"9":11,"10":10,"11":0,"12":10,"13":11,"14":1,"15":0,"16":1,"17":1,"18":11,"19":11,"20":11,"21":11,"22":11,"23":27,"24":3,"25":3,"26":6,"27":3,"28":3,"29":3,"30":3,"31":0,"32":27,"33":3,"34":3,"35":6,"36":3,"37":3,"38":3,"39":0,"40":27},"f":{"0":27,"1":11,"2":11,"3":11,"4":3,"5":3,"6":6,"7":3,"8":3,"9":3,"10":6},"b":{"0":[0,10],"1":[9,1],"2":[9,1],"3":[0,1],"4":[11,0],"5":[3,3]},"meta":{"lastBranch":6,"lastFunction":11,"lastStatement":41,"seen":{"f:14:16:14:32":0,"s:15:43:15:56":0,"s:16:39:16:51":1,"s:17:31:17:46":2,"s:18:27:18:42":3,"s:20:1:48:Infinity":4,"f:20:12:20:13":1,"s:21:20:21:25":5,"f:23:19:23:23":2,"s:24:6:24:Infinity":6,"s:25:6:25:Infinity":7,"s:26:6:43:Infinity":8,"s:28:33:31:10":9,"b:33:8:33:Infinity:undefined:undefined:undefined:undefined":0,"s:33:8:33:Infinity":10,"s:33:23:33:Infinity":11,"s:34:8:34:Infinity":12,"b:34:47:34:51:34:54:34:56":1,"s:35:8:35:Infinity":13,"b:35:61:35:75:35:78:35:79":2,"b:37:8:37:Infinity:undefined:undefined:undefined:undefined":3,"s:37:8:37:Infinity":14,"s:37:23:37:Infinity":15,"s:38:8:38:Infinity":16,"s:39:8:39:Infinity":17,"b:42:8:42:Infinity:undefined:undefined:undefined:undefined":4,"s:42:8:42:Infinity":18,"s:42:24:42:Infinity":19,"s:46:4:46:Infinity":20,"s:47:4:47:Infinity":21,"f:47:11:47:12":3,"s:47:19:47:36":22,"s:50:18:62:8":23,"f:50:31:50:36":4,"s:52:4:54:Infinity":24,"f:52:21:52:25":5,"s:53:6:53:Infinity":25,"f:53:15:53:16":6,"s:53:20:53:61":26,"b:53:34:53:57:53:60:53:61":5,"s:55:4:55:Infinity":27,"f:55:19:55:23":7,"s:55:27:55:48":28,"s:56:4:61:Infinity":29,"s:57:6:57:Infinity":30,"s:59:6:59:Infinity":31,"s:64:21:73:8":32,"f:64:34:64:39":8,"s:66:4:66:Infinity":33,"f:66:21:66:25":9,"s:66:29:66:69":34,"f:66:38:66:39":10,"s:66:44:66:67":35,"s:67:4:67:Infinity":36,"s:68:4:72:Infinity":37,"s:69:6:69:Infinity":38,"s:71:6:71:Infinity":39,"s:75:2:75:Infinity":40}}}
,"/Users/rickyfelix/GitHub/Arisan-Digital/frontend/src/lib/api.js": {"path":"/Users/rickyfelix/GitHub/Arisan-Digital/frontend/src/lib/api.js","statementMap":{"0":{"start":{"line":9,"column":4},"end":{"line":9,"column":null}},"1":{"start":{"line":13,"column":34},"end":{"line":13,"column":66}},"2":{"start":{"line":14,"column":18},"end":{"line":14,"column":39}},"3":{"start":{"line":15,"column":4},"end":{"line":18,"column":null}},"4":{"start":{"line":22,"column":20},"end":{"line":22,"column":47}},"5":{"start":{"line":23,"column":16},"end":{"line":23,"column":44}},"6":{"start":{"line":25,"column":21},"end":{"line":31,"column":6}},"7":{"start":{"line":33,"column":4},"end":{"line":36,"column":null}},"8":{"start":{"line":34,"column":20},"end":{"line":34,"column":86}},"9":{"start":{"line":34,"column":55},"end":{"line":34,"column":84}},"10":{"start":{"line":35,"column":6},"end":{"line":35,"column":null}},"11":{"start":{"line":39,"column":4},"end":{"line":41,"column":null}},"12":{"start":{"line":40,"column":6},"end":{"line":40,"column":null}},"13":{"start":{"line":43,"column":4},"end":{"line":43,"column":null}},"14":{"start":{"line":47,"column":4},"end":{"line":47,"column":null}},"15":{"start":{"line":51,"column":4},"end":{"line":54,"column":null}},"16":{"start":{"line":58,"column":4},"end":{"line":61,"column":null}},"17":{"start":{"line":65,"column":4},"end":{"line":68,"column":null}},"18":{"start":{"line":72,"column":4},"end":{"line":75,"column":null}},"19":{"start":{"line":79,"column":19},"end":{"line":79,"column":47}}},"fnMap":{"0":{"name":"constructor","decl":{"start":{"line":8,"column":2},"end":{"line":8,"column":13}},"loc":{"start":{"line":8,"column":23},"end":{"line":10,"column":null}},"line":8},"1":{"name":"getAuthHeaders","decl":{"start":{"line":12,"column":8},"end":{"line":12,"column":22}},"loc":{"start":{"line":12,"column":25},"end":{"line":19,"column":null}},"line":12},"2":{"name":"request","decl":{"start":{"line":21,"column":8},"end":{"line":21,"column":15}},"loc":{"start":{"line":21,"column":40},"end":{"line":44,"column":null}},"line":21},"3":{"name":"(anonymous_3)","decl":{"start":{"line":34,"column":48},"end":{"line":34,"column":49}},"loc":{"start":{"line":34,"column":55},"end":{"line":34,"column":84}},"line":34},"4":{"name":"get","decl":{"start":{"line":46,"column":2},"end":{"line":46,"column":5}},"loc":{"start":{"line":46,"column":16},"end":{"line":48,"column":null}},"line":46},"5":{"name":"post","decl":{"start":{"line":50,"column":2},"end":{"line":50,"column":6}},"loc":{"start":{"line":50,"column":23},"end":{"line":55,"column":null}},"line":50},"6":{"name":"patch","decl":{"start":{"line":57,"column":2},"end":{"line":57,"column":7}},"loc":{"start":{"line":57,"column":24},"end":{"line":62,"column":null}},"line":57},"7":{"name":"put","decl":{"start":{"line":64,"column":2},"end":{"line":64,"column":5}},"loc":{"start":{"line":64,"column":22},"end":{"line":69,"column":null}},"line":64},"8":{"name":"delete","decl":{"start":{"line":71,"column":2},"end":{"line":71,"column":8}},"loc":{"start":{"line":71,"column":25},"end":{"line":76,"column":null}},"line":71}},"branchMap":{"0":{"loc":{"start":{"line":17,"column":10},"end":{"line":17,"column":57}},"type":"binary-expr","locations":[{"start":{"line":17,"column":10},"end":{"line":17,"column":15}},{"start":{"line":17,"column":19},"end":{"line":17,"column":57}}],"line":17},"1":{"loc":{"start":{"line":21,"column":26},"end":{"line":21,"column":38}},"type":"default-arg","locations":[{"start":{"line":21,"column":36},"end":{"line":21,"column":38}}],"line":21},"2":{"loc":{"start":{"line":33,"column":4},"end":{"line":36,"column":null}},"type":"if","locations":[{"start":{"line":33,"column":4},"end":{"line":36,"column":null}},{"start":{},"end":{}}],"line":33},"3":{"loc":{"start":{"line":35,"column":22},"end":{"line":35,"column":64}},"type":"binary-expr","locations":[{"start":{"line":35,"column":22},"end":{"line":35,"column":35}},{"start":{"line":35,"column":39},"end":{"line":35,"column":64}}],"line":35},"4":{"loc":{"start":{"line":39,"column":4},"end":{"line":41,"column":null}},"type":"if","locations":[{"start":{"line":39,"column":4},"end":{"line":41,"column":null}},{"start":{},"end":{}}],"line":39},"5":{"loc":{"start":{"line":74,"column":10},"end":{"line":74,"column":66}},"type":"cond-expr","locations":[{"start":{"line":74,"column":31},"end":{"line":74,"column":61}},{"start":{"line":74,"column":64},"end":{"line":74,"column":66}}],"line":74}},"s":{"0":1,"1":11,"2":11,"3":11,"4":11,"5":11,"6":11,"7":11,"8":2,"9":1,"10":2,"11":9,"12":2,"13":7,"14":6,"15":1,"16":1,"17":1,"18":2,"19":1},"f":{"0":1,"1":11,"2":11,"3":1,"4":6,"5":1,"6":1,"7":1,"8":2},"b":{"0":[11,1],"1":[11],"2":[2,9],"3":[2,0],"4":[2,7],"5":[1,1]},"meta":{"lastBranch":6,"lastFunction":9,"lastStatement":20,"seen":{"f:8:2:8:13":0,"s:9:4:9:Infinity":0,"f:12:8:12:
[...]
,"/Users/rickyfelix/GitHub/Arisan-Digital/frontend/src/services/paymentMethods.service.js": {"path":"/Users/rickyfelix/GitHub/Arisan-Digital/frontend/src/services/paymentMethods.service.js","statementMap":{"0":{"start":{"line":23,"column":37},"end":{"line":81,"column":1}},"1":{"start":{"line":31,"column":16},"end":{"line":31,"column":58}},"2":{"start":{"line":34,"column":4},"end":{"line":34,"column":null}},"3":{"start":{"line":50,"column":19},"end":{"line":50,"column":61}},"4":{"start":{"line":59,"column":23},"end":{"line":59,"column":70}},"5":{"start":{"line":67,"column":18},"end":{"line":67,"column":63}},"6":{"start":{"line":77,"column":16},"end":{"line":77,"column":65}},"7":{"start":{"line":79,"column":4},"end":{"line":79,"column":null}}},"fnMap":{"0":{"name":"(anonymous_0)","decl":{"start":{"line":30,"column":10},"end":{"line":30,"column":15}},"loc":{"start":{"line":30,"column":22},"end":{"line":35,"column":3}},"line":30},"1":{"name":"(anonymous_1)","decl":{"start":{"line":50,"column":10},"end":{"line":50,"column":11}},"loc":{"start":{"line":50,"column":19},"end":{"line":50,"column":61}},"line":50},"2":{"name":"(anonymous_2)","decl":{"start":{"line":59,"column":10},"end":{"line":59,"column":11}},"loc":{"start":{"line":59,"column":23},"end":{"line":59,"column":70}},"line":59},"3":{"name":"(anonymous_3)","decl":{"start":{"line":67,"column":10},"end":{"line":67,"column":11}},"loc":{"start":{"line":67,"column":18},"end":{"line":67,"column":63}},"line":67},"4":{"name":"(anonymous_4)","decl":{"start":{"line":76,"column":15},"end":{"line":76,"column":20}},"loc":{"start":{"line":76,"column":33},"end":{"line":80,"column":3}},"line":76}},"branchMap":{"0":{"loc":{"start":{"line":34,"column":11},"end":{"line":34,"column":33}},"type":"binary-expr","locations":[{"start":{"line":34,"column":11},"end":{"line":34,"column":20}},{"start":{"line":34,"column":24},"end":{"line":34,"column":27}},{"start":{"line":34,"column":31},"end":{"line":34,"column":33}}],"line":34},"1":{"loc":{"start":{"line":79,"column":11},"end":{"line":79,"column":33}},"type":"binary-expr","locations":[{"start":{"line":79,"column":11},"end":{"line":79,"column":20}},{"start":{"line":79,"column":24},"end":{"line":79,"column":27}},{"start":{"line":79,"column":31},"end":{"line":79,"column":33}}],"line":79}},"s":{"0":1,"1":4,"2":4,"3":1,"4":1,"5":1,"6":2,"7":2},"f":{"0":4,"1":1,"2":1,"3":1,"4":2},"b":{"0":[4,2,1],"1":[2,0,0]},"meta":{"lastBranch":2,"lastFunction":5,"lastStatement":8,"seen":{"s:23:37:81:1":0,"f:30:10:30:15":0,"s:31:16:31:58":1,"s:34:4:34:Infinity":2,"b:34:11:34:20:34:24:34:27:34:31:34:33":0,"f:50:10:50:11":1,"s:50:19:50:61":3,"f:59:10:59:11":2,"s:59:23:59:70":4,"f:67:10:67:11":3,"s:67:18:67:63":5,"f:76:15:76:20":4,"s:77:16:77:65":6,"s:79:4:79:Infinity":7,"b:79:11:79:20:79:24:79:27:79:31:79:33":1}}}
,"/Users/rickyfelix/GitHub/Arisan-Digital/frontend/src/utils/animations.js": {"path":"/Users/rickyfelix/GitHub/Arisan-Digital/frontend/src/utils/animations.js","statementMap":{"0":{"start":{"line":10,"column":24},"end":{"line":15,"column":1}},"1":{"start":{"line":17,"column":22},"end":{"line":23,"column":1}},"2":{"start":{"line":25,"column":22},"end":{"line":30,"column":1}},"3":{"start":{"line":32,"column":24},"end":{"line":37,"column":1}},"4":{"start":{"line":39,"column":26},"end":{"line":44,"column":1}},"5":{"start":{"line":46,"column":26},"end":{"line":51,"column":1}},"6":{"start":{"line":53,"column":27},"end":{"line":58,"column":1}},"7":{"start":{"line":60,"column":23},"end":{"line":65,"column":1}},"8":{"start":{"line":67,"column":29},"end":{"line":72,"column":1}},"9":{"start":{"line":74,"column":27},"end":{"line":77,"column":1}},"10":{"start":{"line":79,"column":25},"end":{"line":82,"column":1}},"11":{"start":{"line":84,"column":25},"end":{"line":87,"column":1}},"12":{"start":{"line":89,"column":25},"end":{"line":93,"column":1}},"13":{"start":{"line":95,"column":23},"end":{"line":98,"column":1}},"14":{"start":{"line":100,"column":32},"end":{"line":108,"column":1}},"15":{"start":{"line":110,"column":27},"end":{"line":117,"column":1}},"16":{"start":{"line":126,"column":31},"end":{"line":133,"column":1}},"17":{"start":{"line":135,"column":32},"end":{"line":142,"column":1}},"18":{"start":{"line":144,"column":32},"end":{"line":151,"column":1}},"19":{"start":{"line":164,"column":28},"end":{"line":169,"column":1}},"20":{"start":{"line":171,"column":32},"end":{"line":176,"column":1}},"21":{"start":{"line":178,"column":33},"end":{"line":183,"column":1}},"22":{"start":{"line":185,"column":33},"end":{"line":190,"column":1}},"23":{"start":{"line":192,"column":21},"end":{"line":198,"column":1}},"24":{"start":{"line":200,"column":20},"end":{"line":205,"column":1}},"25":{"start":{"line":207,"column":25},"end":{"line":212,"column":1}},"26":{"start":{"line":214,"column":23},"end":{"line":219,"column":1}},"27":{"start":{"line":221,"column":29},"end":{"line":226,"column":1}},"28":{"start":{"line":228,"column":28},"end":{"line":233,"column":1}},"29":{"start":{"line":235,"column":38},"end":{"line":256,"column":2}},"30":{"start":{"line":235,"column":71},"end":{"line":256,"column":1}},"31":{"start":{"line":244,"column":20},"end":{"line":255,"column":3}}},"fnMap":{"0":{"name":"(anonymous_0)","decl":{"start":{"line":235,"column":38},"end":{"line":235,"column":39}},"loc":{"start":{"line":235,"column":71},"end":{"line":256,"column":1}},"line":235},"1":{"name":"(anonymous_1)","decl":{"start":{"line":244,"column":8},"end":{"line":244,"column":9}},"loc":{"start":{"line":244,"column":20},"end":{"line":255,"column":3}},"line":244}},"branchMap":{"0":{"loc":{"start":{"line":235,"column":50},"end":{"line":235,"column":65}},"type":"default-arg","locations":[{"start":{"line":235,"column":62},"end":{"line":235,"column":65}}],"line":235}},"s":{"0":1,"1":1,"2":1,"3":1,"4":1,"5":1,"6":1,"7":1,"8":1,"9":1,"10":1,"11":1,"12":1,"13":1,"14":1,"15":1,"16":1,"17":1,"18":1,"19":1,"20":1,"21":1,"22":1,"23":1,"24":1,"25":1,"26":1,"27":1,"28":1,"29":1,"30":5,"31":3},"f":{"0":5,"1":3},"b":{"0":[5]},"meta":{"lastBranch":1,"lastFunction":2,"lastStatement":32,"seen":{"s:10:24:15:1":0,"s:17:22:23:1":1,"s:25:22:30:1":2,"s:32:24:37:1":3,"s:39:26:44:1":4,"s:46:26:51:1":5,"s:53:27:58:1":6,"s:60:23:65:1":7,"s:67:29:72:1":8,"s:74:27:77:1":9,"s:79:25:82:1":10,"s:84:25:87:1":11,"s:89:25:93:1":12,"s:95:23:98:1":13,"s:100:32:108:1":14,"s:110:27:117:1":15,"s:126:31:133:1":16,"s:135:32:142:1":17,"s:144:32:151:1":18,"s:164:28:169:1":19,"s:171:32:176:1":20,"s:178:33:183:1":21,"s:185:33:190:1":22,"s:192:21:198:1":23,"s:200:20:205:1":24,"s:207:25:212:1":25,"s:214:23:219:1":26,"s:221:29:226:1":27,"s:228:28:233:1":28,"s:235:38:256:2":29,"f:235:38:235:39":0,"s:235:71:256:1":30,"b:235:62:235:65":0,"f:244:8:244:9":1,"s:244:20:255:3":31}}}
,"/Users/rickyfelix/GitHub/Arisan-Digital/frontend/src/utils/formatRupiah.js": {"path":"/Users/rickyfelix/GitHub/Arisan-Digital/frontend/src/utils/formatRupiah.js","statementMap":{"0":{"start":{"line":2,"column":2},"end":{"line":6,"column":null}}},"fnMap":{"0":{"name":"formatRupiah","decl":{"start":{"line":1,"column":16},"end":{"line":1,"column":28}},"loc":{"start":{"line":1,"column":37},"end":{"line":7,"column":null}},"line":1}},"branchMap":{},"s":{"0":8},"f":{"0":8},"b":{},"meta":{"lastBranch":0,"lastFunction":1,"lastStatement":1,"seen":{"f:1:16:1:28":0,"s:2:2:6:Infinity":0}}}
,"/Users/rickyfelix/GitHub/Arisan-Digital/frontend/src/utils/identifier.js": {"path":"/Users/rickyfelix/GitHub/Arisan-Digital/frontend/src/utils/identifier.js","statementMap":{"0":{"start":{"line":19,"column":17},"end":{"line":19,"column":48}},"1":{"start":{"line":23,"column":25},"end":{"line":23,"column":26}},"2":{"start":{"line":24,"column":25},"end":{"line":24,"column":27}},"3":{"start":{"line":32,"column":18},"end":{"line":32,"column":37}},"4":{"start":{"line":33,"column":21},"end":{"line":33,"column":46}},"5":{"start":{"line":34,"column":2},"end":{"line":34,"column":null}},"6":{"start":{"line":42,"column":18},"end":{"line":42,"column":50}},"7":{"start":{"line":45,"column":2},"end":{"line":57,"column":null}},"8":{"start":{"line":47,"column":4},"end":{"line":47,"column":null}},"9":{"start":{"line":48,"column":9},"end":{"line":57,"column":null}},"10":{"start":{"line":50,"column":4},"end":{"line":50,"column":null}},"11":{"start":{"line":51,"column":9},"end":{"line":57,"column":null}},"12":{"start":{"line":53,"column":4},"end":{"line":53,"column":null}},"13":{"start":{"line":56,"column":4},"end":{"line":56,"column":null}},"14":{"start":{"line":60,"column":17},"end":{"line":60,"column":40}},"15":{"start":{"line":61,"column":2},"end":{"line":63,"column":null}},"16":{"start":{"line":62,"column":4},"end":{"line":62,"column":null}},"17":{"start":{"line":65,"column":2},"end":{"line":65,"column":null}},"18":{"start":{"line":77,"column":2},"end":{"line":77,"column":null}},"19":{"start":{"line":77,"column":43},"end":{"line":77,"column":null}},"20":{"start":{"line":79,"column":18},"end":{"line":79,"column":30}},"21":{"start":{"line":80,"column":2},"end":{"line":80,"column":null}},"22":{"start":{"line":80,"column":16},"end":{"line":80,"column":null}},"23":{"start":{"line":83,"column":2},"end":{"line":86,"column":null}},"24":{"start":{"line":84,"column":4},"end":{"line":84,"column":null}},"25":{"start":{"line":84,"column":33},"end":{"line":84,"column":null}},"26":{"start":{"line":85,"column":4},"end":{"line":85,"column":null}},"27":{"start":{"line":89,"column":16},"end":{"line":89,"column":39}},"28":{"start":{"line":90,"column":2},"end":{"line":90,"column":null}},"29":{"start":{"line":90,"column":14},"end":{"line":90,"column":null}},"30":{"start":{"line":91,"column":2},"end":{"line":91,"column":null}}},"fnMap":{"0":{"name":"stripPhoneFormatting","decl":{"start":{"line":30,"column":9},"end":{"line":30,"column":29}},"loc":{"start":{"line":30,"column":35},"end":{"line":35,"column":null}},"line":30},"1":{"name":"normalisePhone","decl":{"start":{"line":41,"column":9},"end":{"line":41,"column":23}},"loc":{"start":{"line":41,"column":29},"end":{"line":66,"column":null}},"line":41},"2":{"name":"parseIdentifier","decl":{"start":{"line":76,"column":16},"end":{"line":76,"column":31}},"loc":{"start":{"line":76,"column":39},"end":{"line":92,"column":null}},"line":76}},"branchMap":{"0":{"loc":{"start":{"line":34,"column":9},"end":{"line":34,"column":48}},"type":"cond-expr","locations":[{"start":{"line":34,"column":19},"end":{"line":34,"column":35}},{"start":{"line":34,"column":38},"end":{"line":34,"column":48}}],"line":34},"1":{"loc":{"start":{"line":45,"column":2},"end":{"line":57,"column":null}},"type":"if","locations":[{"start":{"line":45,"column":2},"end":{"line":57,"column":null}},{"start":{"line":48,"column":9},"end":{"line":57,"column":null}}],"line":45},"2":{"loc":{"start":{"line":48,"column":9},"end":{"line":57,"column":null}},"type":"if","locations":[{"start":{"line":48,"column":9},"end":{"line":57,"column":null}},{"start":{"line":51,"column":9},"end":{"line":57,"column":null}}],"line":48},"3":{"loc":{"start":{"line":51,"column":9},"end":{"line":57,"column":null}},"type":"if","locations":[{"start":{"line":51,"column":9},"end":{"line":57,"column":null}},{"start":{"line":54,"column":9},"end":{"line":57,"column":null}}],"line":51},"4":{"loc":{"start":{"line":61,"column":2},"end":{"line":63,"column":null}},"type":"if","locations":[{"start":{"line":61,"column":2},"end":{"line":63,"column":null}},{"start":{},"end":{}}],"line":61},"5":{"loc":{"start":{"line":61,"column":6},"end":{"line":61,"column":74}},"type":"binary-expr","locations":[{"start":{"line":61,"column":6},"end":{"line":61,"column":38}},{"start":{"line":61,"column":42},"end":{"line":61,"column":74}}],"line":61},"6":{"loc":{"start":{"line":77,"column":2},"end":{"line":77,"column":null}},"type":"if","locations":[{"start":{"line":77,"column":2},"end":{"line":77,"column":null}},{"start":{},"end":{}}],"line":77},"7":{"loc":{"start":{"line":77,"column":6},"end":{"line":77,"column":41}},"type":"binary-expr","locations":[{"start":{"line":77,"column":6},"end":{"line":77,"column":12}},{"start":{"line":77,"column":16},"end":{"line":77,"column":41}}],"line":77},"8":{"loc":{"start":{"line":80,"column":2},"end":{"line":80,"column":null}},"type":"if","locations":[{"start":{"line":80,"column":2},"end":{"line":80,"column":null}},{"start":{},"end":{}}],"line":80},"9":{"loc":{"start":{"line":83,"column":2},"end":{"line":86,"column":null}},"type":"if","locations":[{"start":{"line":83,"column":2},"end":{"line":86,"column":null}},{"start":{},"end":{}}],"line":83},"10":{"loc":{"start":{"line":84,"column":4},"end":{"line":84,"column":null}},"type":"if","locations":[{"start":{"line":84,"column":4},"end":{"line":84,"column":null}},{"start":{},"end":{}}],"line":84},"11":{"loc":{"start":{"line":90,"column":2},"end":{"line":90,"column":null}},"type":"if","locations":[{"start":{"line":90,"column":2},"end":{"line":90,"column":null}},{"start":{},"end":{}}],"line":90}},"s":{"0":2,"1":2,"2":2,"3":15,"4":15,"5":15,"6":15,"7":15,"8":5,"9":10,"10":1,"11":9,"12":6,"13":3,"14":12,"15":12,"16":2,"17":10,"18":31,"19":5,"20":26,"21":26,"22":1,"23":25,"24":10,"25":3,"26":7,"27":15,"28":15,"29":5,"30":10},"f":{"0":15,"1":15,"2":31},"b":{"0":[5,10],"1":[5,10],"2":[1,9],"3":[6,3],"4":[2,10],"5":[12,11],"6":[5,26],"7":[31,28],"8":[1,25],"9":[10,15],"10":[3,7],"11":[5,10]},"meta":{"lastBranch":12,"lastFunction":3,"lastStatement":31,"seen":{"s:19:17:19:48":0,"s:23:25:23:26":1,"s:24:25:24:27":2,"f:30:9:30:29":0,"s:32:18:32:37":3,"s:33:21:33:46":4,"s:34:2:34:Infinity":5,"b:34:19:34:35:34:38:34:48":0,"f:41:9:41:23":1,"s:42:18:42:50":6,"b:45:2:57:Infinity:48:9:57:Infinity":1,"s:45:2:57:Infinity":7,"s:47:4:47:Infinity":8,"b:48:9:57:Infinity:51:9:57:Infinity":2,"s:48:9:57:Infinity":9,"s:50:4:50:Infinity":10,"b:51:9:57:Infinity:54:9:57:Infinity":3,"s:51:9:57:Infinity":11,"s:53:4:53:Infinity":12,"s:56:4:56:Infinity":13,"s:60:17:60:40":14,"b:61:2:63:Infinity:undefined:undefined:undefined:undefined":4,"s:61:2:63:Infinity":15,"b:61:6:61:38:61:42:61:74":5,"s:62:4:62:Infinity":16,"s:65:2:65:Infinity":17,"f:76:16:76:31":2,"b:77:2:77:Infinity:undefined:undefined:undefined:undefined":6,"s:77:2:77:Infinity":18,"b:77:6:77:12:77:16:77:41":7,"s:77:43:77:Infinity":19,"s:79:18:79:30":20,"b:80:2:80:Infinity:undefined:undefined:undefined:undefined":8,"s:80:2:80:Infinity":21,"s:80:16:80:Infinity":22,"b:83:2:86:Infinity:undefined:undefined:undefined:undefined":9,"s:83:2:86:Infinity":23,"b:84:4:84:Infinity:undefined:undefined:undefined:undefined":10,"s:84:4:84:Infinity":24,"s:84:33:84:Infinity":25,"s:85:4:85:Infinity":26,"s:89:16:89:39":27,"b:90:2:90:Infinity:undefined:undefined:undefined:undefined":11,"s:90:2:90:Infinity":28,"s:90:14:90:Infinity":29,"s:91:2:91:Infinity":30}}}
,"/Users/rickyfelix/GitHub/Arisan-Digital/frontend/src/utils/smoothScroll.js": {"path":"/Users/rickyfelix/GitHub/Arisan-Digital/frontend/src/utils/smoothScroll.js","statementMap":{"0":{"start":{"line":7,"column":33},"end":{"line":25,"column":1}},"1":{"start":{"line":8,"column":2},"end":{"line":8,"column":null}},"2":{"start":{"line":9,"column":18},"end":{"line":9,"column":51}},"3":{"start":{"line":10,"column":2},"end":{"line":24,"column":null}},"4":{"start":{"line":11,"column":19},"end":{"line":11,"column":21}},"5":{"start":{"line":12,"column":28},"end":{"line":12,"column":63}},"6":{"start":{"line":13,"column":27},"end":{"line":13,"column":72}},"7":{"start":{"line":15,"column":4},"end":{"line":18,"column":null}},"8":{"start":{"line":21,"column":4},"end":{"line":23,"column":null}},"9":{"start":{"line":22,"column":6},"end":{"line":22,"column":null}},"10":{"start":{"line":22,"column":23},"end":{"line":22,"column":33}},"11":{"start":{"line":32,"column":32},"end":{"line":43,"column":1}},"12":{"start":{"line":33,"column":25},"end":{"line":33,"column":45}},"13":{"start":{"line":35,"column":2},"end":{"line":40,"column":null}},"14":{"start":{"line":35,"column":15},"end":{"line":35,"column":36}},"15":{"start":{"line":36,"column":20},"end":{"line":36,"column":58}},"16":{"start":{"line":37,"column":4},"end":{"line":39,"column":null}},"17":{"start":{"line":38,"column":6},"end":{"line":38,"column":null}},"18":{"start":{"line":42,"column":2},"end":{"line":42,"column":null}}},"fnMap":{"0":{"name":"(anonymous_0)","decl":{"start":{"line":7,"column":33},"end":{"line":7,"column":34}},"loc":{"start":{"line":7,"column":60},"end":{"line":25,"column":1}},"line":7},"1":{"name":"(anonymous_1)","decl":{"start":{"line":22,"column":17},"end":{"line":22,"column":18}},"loc":{"start":{"line":22,"column":23},"end":{"line":22,"column":33}},"line":22},"2":{"name":"(anonymous_2)","decl":{"start":{"line":32,"column":32},"end":{"line":32,"column":33}},"loc":{"start":{"line":32,"column":48},"end":{"line":43,"column":1}},"line":32}},"branchMap":{"0":{"loc":{"start":{"line":10,"column":2},"end":{"line":24,"column":null}},"type":"if","locations":[{"start":{"line":10,"column":2},"end":{"line":24,"column":null}},{"start":{},"end":{}}],"line":10},"1":{"loc":{"start":{"line":21,"column":4},"end":{"line":23,"column":null}},"type":"if","locations":[{"start":{"line":21,"column":4},"end":{"line":23,"column":null}},{"start":{},"end":{}}],"line":21},"2":{"loc":{"start":{"line":37,"column":4},"end":{"line":39,"column":null}},"type":"if","locations":[{"start":{"line":37,"column":4},"end":{"line":39,"column":null}},{"start":{},"end":{}}],"line":37},"3":{"loc":{"start":{"line":37,"column":8},"end":{"line":37,"column":54}},"type":"binary-expr","locations":[{"start":{"line":37,"column":8},"end":{"line":37,"column":15}},{"start":{"line":37,"column":19},"end":{"line":37,"column":54}}],"line":37}},"s":{"0":1,"1":6,"2":6,"3":6,"4":5,"5":5,"6":5,"7":5,"8":5,"9":1,"10":1,"11":1,"12":5,"13":5,"14":5,"15":9,"16":9,"17":4,"18":1},"f":{"0":6,"1":1,"2":5},"b":{"0":[5,1],"1":[1,4],"2":[4,5],"3":[9,7]},"meta":{"lastBranch":4,"lastFunction":3,"lastStatement":19,"seen":{"s:7:33:25:1":0,"f:7:33:7:34":0,"s:8:2:8:Infinity":1,"s:9:18:9:51":2,"b:10:2:24:Infinity:undefined:undefined:undefined:undefined":0,"s:10:2:24:Infinity":3,"s:11:19:11:21":4,"s:12:28:12:63":5,"s:13:27:13:72":6,"s:15:4:18:Infinity":7,"b:21:4:23:Infinity:undefined:undefined:undefined:undefined":1,"s:21:4:23:Infinity":8,"s:22:6:22:Infinity":9,"f:22:17:22:18":1,"s:22:23:22:33":10,"s:32:32:43:1":11,"f:32:32:32:33":2,"s:33:25:33:45":12,"s:35:2:40:Infinity":13,"s:35:15:35:36":14,"s:36:20:36:58":15,"b:37:4:39:Infinity:undefined:undefined:undefined:undefined":2,"s:37:4:39:Infinity":16,"b:37:8:37:15:37:19:37:54":3,"s:38:6:38:Infinity":17,"s:42:2:42:Infinity":18}}}
}
