{"/Users/rickyfelix/GitHub/Arisan-Digital/backend/src/app.controller.ts": {"path":"/Users/rickyfelix/GitHub/Arisan-Digital/backend/src/app.controller.ts","statementMap":{"0":{"start":{"line":1,"column":0},"end":{"line":1,"column":49}},"1":{"start":{"line":2,"column":0},"end":{"line":2,"column":43}},"2":{"start":{"line":5,"column":7},"end":{"line":12,"column":null}},"3":{"start":{"line":6,"column":31},"end":{"line":6,"column":43}},"4":{"start":{"line":10,"column":4},"end":{"line":10,"column":36}},"5":{"start":{"line":5,"column":13},"end":{"line":5,"column":26}},"6":{"start":{"line":9,"column":2},"end":{"line":11,"column":null}},"7":{"start":{"line":5,"column":13},"end":{"line":12,"column":null}}},"fnMap":{"0":{"name":"(anonymous_2)","decl":{"start":{"line":6,"column":2},"end":{"line":6,"column":31}},"loc":{"start":{"line":6,"column":53},"end":{"line":6,"column":57}}},"1":{"name":"(anonymous_3)","decl":{"start":{"line":9,"column":2},"end":{"line":9,"column":8}},"loc":{"start":{"line":9,"column":8},"end":{"line":11,"column":3}}}},"branchMap":{},"s":{"0":1,"1":1,"2":1,"3":1,"4":1,"5":1,"6":1,"7":1},"f":{"0":1,"1":1},"b":{}}
,"/Users/rickyfelix/GitHub/Arisan-Digital/backend/src/app.module.ts": {"path":"/Users/rickyfelix/GitHub/Arisan-Digital/backend/src/app.module.ts","statementMap":{"0":{"start":{"line":1,"column":0},"end":{"line":1,"column":40}},"1":{"start":{"line":2,"column":0},"end":{"line":2,"column":46}},"2":{"start":{"line":3,"column":0},"end":{"line":3,"column":50}},"3":{"start":{"line":4,"column":0},"end":{"line":4,"column":49}},"4":{"start":{"line":5,"column":0},"end":{"line":5,"column":43}},"5":{"start":{"line":7,"column":0},"end":{"line":7,"column":60}},"6":{"start":{"line":10,"column":0},"end":{"line":10,"column":51}},"7":{"start":{"line":13,"column":0},"end":{"line":13,"column":54}},"8":{"start":{"line":14,"column":0},"end":{"line":14,"column":74}},"9":{"start":{"line":15,"column":0},"end":{"line":15,"column":54}},"10":{"start":{"line":16,"column":0},"end":{"line":16,"column":60}},"11":{"start":{"line":17,"column":0},"end":{"line":17,"column":71}},"12":{"start":{"line":18,"column":0},"end":{"line":18,"column":75}},"13":{"start":{"line":21,"column":0},"end":{"line":21,"column":51}},"14":{"start":{"line":22,"column":0},"end":{"line":22,"column":86}},"15":{"start":{"line":23,"column":0},"end":{"line":23,"column":83}},"16":{"start":{"line":24,"column":0},"end":{"line":24,"column":74}},"17":{"start":{"line":25,"column":0},"end":{"line":25,"column":80}},"18":{"start":{"line":26,"column":0},"end":{"line":26,"column":95}},"19":{"start":{"line":29,"column":0},"end":{"line":29,"column":51}},"20":{"start":{"line":30,"column":0},"end":{"line":30,"column":75}},"21":{"start":{"line":31,"column":0},"end":{"line":31,"column":95}},"22":{"start":{"line":32,"column":0},"end":{"line":32,"column":57}},"23":{"start":{"line":33,"column":0},"end":{"line":33,"column":51}},"24":{"start":{"line":36,"column":0},"end":{"line":36,"column":60}},"25":{"start":{"line":37,"column":0},"end":{"line":37,"column":57}},"26":{"start":{"line":40,"column":0},"end":{"line":40,"column":63}},"27":{"start":{"line":78,"column":7},"end":{"line":78,"column":null}},"28":{"start":{"line":78,"column":13},"end":{"line":78,"column":22}},"29":{"start":{"line":78,"column":13},"end":{"line":78,"column":null}}},"fnMap":{},"branchMap":{},"s":{"0":0,"1":0,"2":0,"3":0,"4":0,"5":0,"6":0,"7":0,"8":0,"9":0,"10":0,"11":0,"12":0,"13":0,"14":0,"15":0,"16":0,"17":0,"18":0,"19":0,"20":0,"21":0,"22":0,"23":0,"24":0,"25":0,"26":0,"27":0,"28":0,"29":0},"f":{},"b":{}}
,"/Users/rickyfelix/GitHub/Arisan-Digital/backend/src/app.service.ts": {"path":"/Users/rickyfelix/GitHub/Arisan-Digital/backend/src/app.service.ts","statementMap":{"0":{"start":{"line":1,"column":0},"end":{"line":1,"column":44}},"1":{"start":{"line":4,"column":7},"end":{"line":8,"column":null}},"2":{"start":{"line":6,"column":4},"end":{"line":6,"column":65}},"3":{"start":{"line":4,"column":13},"end":{"line":4,"column":23}},"4":{"start":{"line":4,"column":13},"end":{"line":8,"column":null}}},"fnMap":{"0":{"name":"(anonymous_1)","decl":{"start":{"line":5,"column":2},"end":{"line":5,"column":8}},"loc":{"start":{"line":5,"column":8},"end":{"line":7,"column":3}}}},"branchMap":{},"s":{"0":1,"1":1,"2":1,"3":1,"4":1},"f":{"0":1},"b":{}}
,"/Users/rickyfelix/GitHub/Arisan-Digital/backend/src/main.ts": {"path":"/Users/rickyfelix/GitHub/Arisan-Digital/backend/src/main.ts","statementMap":{"0":{"start":{"line":1,"column":0},"end":{"line":1,"column":43}},"1":{"start":{"line":2,"column":0},"end":{"line":2,"column":41}},"2":{"start":{"line":3,"column":0},"end":{"line":3,"column":48}},"3":{"start":{"line":6,"column":14},"end":{"line":6,"column":49}},"4":{"start":{"line":8,"column":2},"end":{"line":11,"column":5}},"5":{"start":{"line":13,"column":2},"end":{"line":13,"column":79}},"6":{"start":{"line":14,"column":2},"end":{"line":14,"column":29}},"7":{"start":{"line":16,"column":15},"end":{"line":16,"column":39}},"8":{"start":{"line":17,"column":2},"end":{"line":17,"column":25}},"9":{"start":{"line":18,"column":2},"end":{"line":18,"column":65}},"10":{"start":{"line":20,"column":0},"end":{"line":20,"column":12}}},"fnMap":{"0":{"name":"bootstrap","decl":{"start":{"line":5,"column":15},"end":{"line":5,"column":24}},"loc":{"start":{"line":5,"column":24},"end":{"line":19,"column":1}}}},"branchMap":{"0":{"loc":{"start":{"line":9,"column":12},"end":{"line":9,"column":63}},"type":"binary-expr","locations":[{"start":{"line":9,"column":12},"end":{"line":9,"column":36}},{"start":{"line":9,"column":40},"end":{"line":9,"column":63}}]},"1":{"loc":{"start":{"line":16,"column":15},"end":{"line":16,"column":39}},"type":"binary-expr","locations":[{"start":{"line":16,"column":15},"end":{"line":16,"column":31}},{"start":{"line":16,"column":35},"end":{"line":16,"column":39}}]}},"s":{"0":0,"1":0,"2":0,"3":0,"4":0,"5":0,"6":0,"7":0,"8":0,"9":0,"10":0},"f":{"0":0},"b":{"0":[0,0],"1":[0,0]}}
,"/Users/rickyfelix/GitHub/Arisan-Digital/backend/src/bill-comments/bill-comments.controller.ts": {"path":"/Users/rickyfelix/GitHub/Arisan-Digital/backend/src/bill-comments/bill-comments.controller.ts","statementMap":{"0":{"start":{"line":1,"column":0},"end":{"line":1,"column":null}},"1":{"start":{"line":11,"column":0},"end":{"line":11,"column":56}},"2":{"start":{"line":12,"column":0},"end":{"line":12,"column":74}},"3":{"start":{"line":13,"column":0},"end":{"line":13,"column":62}},"4":{"start":{"line":14,"column":0},"end":{"line":14,"column":60}},"5":{"start":{"line":15,"column":0},"end":{"line":15,"column":60}},"6":{"start":{"line":20,"column":7},"end":{"line":46,"column":null}},"7":{"start":{"line":21,"column":31},"end":{"line":21,"column":40}},"8":{"start":{"line":25,"column":4},"end":{"line":25,"column":53}},"9":{"start":{"line":30,"column":4},"end":{"line":30,"column":45}},"10":{"start":{"line":39,"column":4},"end":{"line":39,"column":49}},"11":{"start":{"line":44,"column":4},"end":{"line":44,"column":48}},"12":{"start":{"line":20,"column":13},"end":{"line":20,"column":35}},"13":{"start":{"line":24,"column":2},"end":{"line":26,"column":null}},"14":{"start":{"line":29,"column":2},"end":{"line":31,"column":null}},"15":{"start":{"line":34,"column":2},"end":{"line":40,"column":null}},"16":{"start":{"line":43,"column":2},"end":{"line":45,"column":null}},"17":{"start":{"line":20,"column":13},"end":{"line":46,"column":null}}},"fnMap":{"0":{"name":"(anonymous_4)","decl":{"start":{"line":21,"column":2},"end":{"line":21,"column":31}},"loc":{"start":{"line":21,"column":59},"end":{"line":21,"column":63}}},"1":{"name":"(anonymous_5)","decl":{"start":{"line":24,"column":2},"end":{"line":24,"column":13}},"loc":{"start":{"line":24,"column":76},"end":{"line":26,"column":3}}},"2":{"name":"(anonymous_6)","decl":{"start":{"line":29,"column":2},"end":{"line":29,"column":8}},"loc":{"start":{"line":29,"column":69},"end":{"line":31,"column":3}}},"3":{"name":"(anonymous_7)","decl":{"start":{"line":34,"column":2},"end":{"line":34,"column":8}},"loc":{"start":{"line":37,"column":33},"end":{"line":40,"column":3}}},"4":{"name":"(anonymous_8)","decl":{"start":{"line":43,"column":2},"end":{"line":43,"column":12}},"loc":{"start":{"line":43,"column":67},"end":{"line":45,"column":3}}}},"branchMap":{},"s":{"0":1,"1":1,"2":1,"3":1,"4":1,"5":1,"6":1,"7":4,"8":1,"9":1,"10":1,"11":1,"12":1,"13":1,"14":1,"15":1,"16":1,"17":1},"f":{"0":4,"1":1,"2":1,"3":1,"4":1},"b":{}}
,"/Users/rickyfelix/GitHub/Arisan-Digital/backend/src/bill-comments/bill-comments.module.ts": {"path":"/Users/rickyfelix/GitHub/Arisan-Digital/backend/src/bill-comments/bill-comments.module.ts","statementMap":{"0":{"start":{"line":1,"column":0},"end":{"line":1,"column":40}},"1":{"start":{"line":2,"column":0},"end":{"line":2,"column":56}},"2":{"start":{"line":3,"column":0},"end":{"line":3,"column":68}},"3":{"start":{"line":4,"column":0},"end":{"line":4,"column":62}},"4":{"start":{"line":11,"column":7},"end":{"line":11,"column":null}},"5":{"start":{"line":11,"column":13},"end":{"line":11,"column":31}},"6":{"start":{"line":11,"column":13},"end":{"line":11,"column":null}}},"fnMap":{},"branchMap":{},"s":{"0":0,"1":0,"2":0,"3":0,"4":0,"5":0,"6":0},"f":{},"b":{}}
,"/Users/rickyfelix/GitHub/Arisan-Digital/backend/src/bill-comments/bill-comments.service.ts": {"path":"/Users/rickyfelix/GitHub/Arisan-Digital/backend/src/bill-comments/bill-comments.service.ts","statementMap":{"0":{"start":{"line":1,"column":0},"end":{"line":1,"column":null}},"1":{"start":{"line":7,"column":0},"end":{"line":7,"column":63}},"2":{"start":{"line":12,"column":7},"end":{"line":189,"column":null}},"3":{"start":{"line":13,"column":31},"end":{"line":13,"column":41}},"4":{"start":{"line":20,"column":4},"end":{"line":20,"column":49}},"5":{"start":{"line":22,"column":28},"end":{"line":27,"column":47}},"6":{"start":{"line":29,"column":4},"end":{"line":29,"column":60}},"7":{"start":{"line":29,"column":15},"end":{"line":29,"column":60}},"8":{"start":{"line":32,"column":4},"end":{"line":32,"column":42}},"9":{"start":{"line":40,"column":4},"end":{"line":40,"column":54}},"10":{"start":{"line":42,"column":4},"end":{"line":56,"column":5}},"11":{"start":{"line":44,"column":31},"end":{"line":48,"column":22}},"12":{"start":{"line":50,"column":6},"end":{"line":52,"column":7}},"13":{"start":{"line":51,"column":8},"end":{"line":51,"column":104}},"14":{"start":{"line":53,"column":6},"end":{"line":55,"column":7}},"15":{"start":{"line":54,"column":8},"end":{"line":54,"column":75}},"16":{"start":{"line":58,"column":28},"end":{"line":67,"column":15}},"17":{"start":{"line":69,"column":4},"end":{"line":69,"column":60}},"18":{"start":{"line":69,"column":15},"end":{"line":69,"column":60}},"19":{"start":{"line":70,"column":4},"end":{"line":70,"column":16}},"20":{"start":{"line":78,"column":20},"end":{"line":78,"column":49}},"21":{"start":{"line":80,"column":4},"end":{"line":82,"column":5}},"22":{"start":{"line":81,"column":6},"end":{"line":81,"column":74}},"23":{"start":{"line":84,"column":4},"end":{"line":86,"column":5}},"24":{"start":{"line":85,"column":6},"end":{"line":85,"column":69}},"25":{"start":{"line":88,"column":28},"end":{"line":93,"column":15}},"26":{"start":{"line":95,"column":4},"end":{"line":95,"column":60}},"27":{"start":{"line":95,"column":15},"end":{"line":95,"column":60}},"28":{"start":{"line":96,"column":4},"end":{"line":96,"column":16}},"29":{"start":{"line":104,"column":20},"end":{"line":104,"column":49}},"30":{"start":{"line":106,"column":4},"end":{"line":108,"column":5}},"31":{"start":{"line":107,"column":6},"end":{"line":107,"column":76}},"32":{"start":{"line":110,"column":4},"end":{"line":112,"column":5}},"33":{"start":{"line":111,"column":6},"end":{"line":111,"column":66}},"34":{"start":{"line":114,"column":28},"end":{"line":119,"column":15}},"35":{"start":{"line":121,"column":4},"end":{"line":121,"column":60}},"36":{"start":{"line":121,"column":15},"end":{"line":121,"column":60}},"37":{"start":{"line":122,"column":4},"end":{"line":122,"column":16}},"38":{"start":{"line":130,"column":27},"end":{"line":134,"column":20}},"39":{"start":{"line":136,"column":4},"end":{"line":136,"column":71}},"40":{"start":{"line":136,"column":15},"end":{"line":136,"column":71}},"41":{"start":{"line":137,"column":4},"end":{"line":137,"column":40}},"42":{"start":{"line":137,"column":33},"end":{"line":137,"column":40}},"43":{"start":{"line":139,"column":34},"end":{"line":144,"column":20}},"44":{"start":{"line":146,"column":4},"end":{"line":148,"column":5}},"45":{"start":{"line":147,"column":6},"end":{"line":147,"column":77}},"46":{"start":{"line":152,"column":21},"end":{"line":156,"column":20}},"47":{"start":{"line":158,"column":4},"end":{"line":158,"column":70}},"48":{"start":{"line":158,"column":15},"end":{"line":158,"column":70}},"49":{"start":{"line":159,"column":4},"end":{"line":159,"column":16}},"50":{"start":{"line":165,"column":16},"end":{"line":165,"column":58}},"51":{"start":{"line":166,"column":50},"end":{"line":166,"column":52}},"52":{"start":{"line":168,"column":4},"end":{"line":170,"column":5}},"53":{"start":{"line":169,"column":6},"end":{"line":169,"column":57}},"54":{"start":{"line":172,"column":4},"end":{"line":185,"column":5}},"55":{"start":{"line":173,"column":19},"end":{"line":173,"column":45}},"56":{"start":{"line":174,"column":6},"end":{"line":184,"column":7}},"57":{"start":{"line":175,"column":23},"end":{"line":175,"column":55}},"58":{"start":{"line":176,"column":8},"end":{"line":181,"column":9}},"59":{"start":{"line":177,"column":11},"end":{"line":177,"column":72}},"60":{"start":{"line":180,"column":10},"end":{"line":180,"column":27}},"61":{"start":{"line":183,"column":8},"end":{"line":183,"column":25}},"62":{"start":{"line":187,"column":4},"end":{"line":187,"column":17}},"63":{"start":{"line":12,"column":13},"end":{"line":12,"column":32}},"64":{"start":{"line":12,"column":13},"end":{"line":189,"column":null}}},"fnMap":{"0":{"name":"(anonymous_2)","decl":{"start":{"line":13,"column":2},"end":{"line":13,"column":31}},"loc":{"start":{"line":13,"column":56},"end":{"line":13,"column":60}}},"1":{"name":"(anonymous_3)","decl":{"start":{"line":19,"column":2},"end":{"line":19,"column":7}},"loc":{"start":{"line":19,"column":50},"end":{"line":33,"column":3}}},"2":{"name":"(anonymous_4)","decl":{"start":{"line":39,"column":2},"end":{"line":39,"column":7}},"loc":{"start":{"line":39,"column":52},"end":{"line":71,"column":3}}},"3":{"name":"(anonymous_5)","decl":{"start":{"line":77,"column":2},"end":{"line":77,"column":7}},"loc":{"start":{"line":77,"column":64},"end":{"line":97,"column":3}}},"4":{"name":"(anonymous_6)","decl":{"start":{"line":103,"column":2},"end":{"line":103,"column":7}},"loc":{"start":{"line":103,"column":45},"end":{"line":123,"column":3}}},"5":{"name":"(anonymous_7)","decl":{"start":{"line":129,"column":10},"end":{"line":129,"column":15}},"loc":{"start":{"line":129,"column":64},"end":{"line":149,"column":3}}},"6":{"name":"(anonymous_8)","decl":{"start":{"line":151,"column":10},"end":{"line":151,"column":15}},"loc":{"start":{"line":151,"column":41},"end":{"line":160,"column":3}}},"7":{"name":"(anonymous_9)","decl":{"start":{"line":162,"column":10},"end":{"line":162,"column":23}},"loc":{"start":{"line":163,"column":40},"end":{"line":188,"column":3}}}},"branchMap":{"0":{"loc":{"start":{"line":29,"column":4},"end":{"line":29,"column":60}},"type":"if","locations":[{"start":{"line":29,"column":4},"end":{"line":29,"column":60}}]},"1":{"loc":{"start":{"line":32,"column":30},"end":{"line":32,"column":40}},"type":"binary-expr","locations":[{"start":{"line":32,"column":30},"end":{"line":32,"column":34}},{"start":{"line":32,"column":38},"end":{"line":32,"column":40}}]},"2":{"loc":{"start":{"line":42,"column":4},"end":{"line":56,"column":5}},"type":"if","locations":[{"start":{"line":42,"column":4},"end":{"line":56,"column":5}}]},"3":{"loc":{"start":{"line":50,"column":6},"end":{"line":52,"column":7}},"type":"if","locations":[{"start":{"line":50,"column":6},"end":{"line":52,"column":7}}]},"4":{"loc":{"start":{"line":50,"column":10},"end":{"line":50,"column":51}},"type":"binary-expr","locations":[{"start":{"line":50,"column":10},"end":{"line":50,"column":17}},{"start":{"line":50,"column":21},"end":{"line":50,"column":51}}]},"5":{"loc":{"start":{"line":53,"column":6},"end":{"line":55,"column":7}},"type":"if","locations":[{"start":{"line":53,"column":6},"end":{"line":55,"column":7}}]},"6":{"loc":{"start":{"line":64,"column":19},"end":{"line":64,"column":40}},"type":"binary-expr","locations":[{"start":{"line":64,"column":19},"end":{"line":64,"column":32}},{"start":{"line":64,"column":36},"end":{"line":64,"column":40}}]},"7":{"loc":{"start":{"line":69,"column":4},"end":{"line":69,"column":60}},"type":"if","locations":[{"start":{"line":69,"column":4},"end":{"line":69,"column":60}}]},"8":{"loc":{"start":{"line":80,"column":4},"end":{"line":82,"column":5}},"type":"if","locations":[{"start":{"line":80,"column":4},"end":{"line":82,"column":5}}]},"9":{"loc":{"start":{"line":84,"column":4},"end":{"line":86,"column":5}},"type":"if","locations":[{"start":{"line":84,"column":4},"end":{"line":86,"column":5}}]},"10":{"loc":{"start":{"line":95,"column":4},"end":{"line":95,"column":60}},"type":"if","locations":[{"start":{"line":95,"column":4},"end":{"line":95,"column":60}}]},"11":{"loc":{"start":{"line":106,"column":4},"end":{"line":108,"column":5}},"type":"if","locations":[{"start":{"line":106,"column":4},"end":{"line":108,"column":5}}]},"12":{"loc":{"start":{"line":110,"column":4},"end":{"line":112,"column":5}},"type":"if","locations":[{"start":{"line":110,"column":4},"end":{"line":112,"column":5}}]},"13":{"loc":{"start":{"line":121,"column":4},"end":{"line":121,"column":60}},"type":"if","locations":[{"start":{"line":121,"column":4},"end":{"line":121,"column":60}}]},"14":{"loc":{"start":{"line":136,"column":4},"end":{"line":136,"column":71}},"type":"if","locations":[{"start":{"line":136,"column":4},"end":{"line":136,"column":71}}]},"15":{"loc":{"start":{"line":137,"column":4},"end":{"line":137,"column":40}},"type":"if","locations":[{"start":{"line":137,"column":4},"end":{"line":137,"column":40}}]},"16":{"loc":{"start":{"line":146,"column":4},"end":{"line":148,"column":5}},"type":"if","locations":[{"start":{"line":146,"column":4},"end":{"line":148,"column":5}}]},"17":{"loc":{"start":{"line":158,"column":4},"end":{"line":158,"column":70}},"type":"if","locations":[{"start":{"line":158,"column":4},"end":{"line":158,"column":70}}]},"18":{"loc":{"start":{"line":174,"column":6},"end":{"line":184,"column":7}},"type":"if","locations":[{"start":{"line":174,"column":6},"end":{"line":184,"column":7}},{"start":{"line":182,"column":13},"end":{"line":184,"column":7}}]},"19":{"loc":{"start":{"line":176,"column":8},"end":{"line":181,"column":9}},"type":"if","locations":[{"start":{"line":176,"column":8},"end":{"line":181,"column":9}},{"start":{"line":178,"column":15},"end":{"line":181,"column":9}}]}},"s":{"0":2,"1":2,"2":2,"3":15,"4":2,"5":2,"6":2,"7":0,"8":2,"9":6,"10":4,"11":2,"12":2,"13":1,"14":1,"15":1,"16":2,"17":2,"18":0,"19":2,"20":4,"21":3,"22":1,"23":2,"24":1,"25":1,"26":1,"27":0,"28":1,"29":3,"30":3,"31":1,"32":2,"33":1,"34":1,"35":1,"36":0,"37":1,"38":8,"39":8,"40":1,"41":7,"42":5,"43":2,"44":2,"45":1,"46":7,"47":7,"48":1,"49":6,"50":2,"51":2,"52":2,"53":3,"54":2,"55":3,"56":3,"57":2,"58":2,"59":1,"60":1,"61":1,"62":2,"63":2,"64":2},"f":{"0":15,"1":2,"2":6,"3":4,"4":3,"5":8,"6":7,"7":2},"b":{"0":[0],"1":[2,0],"2":[2],"3":[1],"4":[2,1],"5":[1],"6":[2,2],"7":[0],"8":[1],"9":[1],"10":[0],"11":[1],"12":[1],"13":[0],"14":[1],"15":[5],"16":[1],"17":[1],"18":[2,1],"19":[1,1]}}
,"/Users/rickyfelix/GitHub/Arisan-Digital/backend/src/bill-comments/dto/create-comment.dto.ts": {"path":"/Users/rickyfelix/GitHub/Arisan-Digital/backend/src/bill-comments/dto/create-comment.dto.ts","statementMap":{"0":{"start":{"line":1,"column":0},"end":{"line":1,"column":74}},"1":{"start":{"line":3,"column":0},"end":{"line":3,"column":13}},"2":{"start":{"line":5,"column":2},"end":{"line":5,"column":null}},"3":{"start":{"line":9,"column":2},"end":{"line":9,"column":null}},"4":{"start":{"line":14,"column":2},"end":{"line":14,"column":null}}},"fnMap":{},"branchMap":{},"s":{"0":1,"1":1,"2":1,"3":1,"4":1},"f":{},"b":{}}
,"/Users/rickyfelix/GitHub/Arisan-Digital/backend/src/bill-comments/dto/update-comment.dto.ts": {"path":"/Users/rickyfelix/GitHub/Arisan-Digital/backend/src/bill-comments/dto/update-comment.dto.ts","statementMap":{"0":{"start":{"line":1,"column":0},"end":{"line":1,"column":54}},"1":{"start":{"line":3,"column":0},"end":{"line":3,"column":13}},"2":{"start":{"line":6,"column":2},"end":{"line":6,"column":null}}},"fnMap":{},"branchMap":{},"s":{"0":1,"1":1,"2":1},"f":{},"b":{}}
,"/Users/rickyfelix/GitHub/Arisan-Digital/backend/src/bill-participants/bill-participants.controller.ts": {"path":"/Users/rickyfelix/GitHub/Arisan-Digital/backend/src/bill-participants/bill-participants.controller.ts","statementMap":{"0":{"start":{"line":1,"column":0},"end":{"line":1,"column":null}},"1":{"start":{"line":9,"column":0},"end":{"line":9,"column":56}},"2":{"start":{"line":10,"column":0},"end":{"line":10,"column":74}},"3":{"start":{"line":11,"column":0},"end":{"line":11,"column":70}},"4":{"start":{"line":12,"column":0},"end":{"line":12,"column":62}},"5":{"start":{"line":17,"column":7},"end":{"line":37,"column":null}},"6":{"start":{"line":18,"column":31},"end":{"line":18,"column":40}},"7":{"start":{"line":26,"column":4},"end":{"line":26,"column":61}},"8":{"start":{"line":35,"column":4},"end":{"line":35,"column":78}},"9":{"start":{"line":17,"column":13},"end":{"line":17,"column":39}},"10":{"start":{"line":21,"column":2},"end":{"line":27,"column":null}},"11":{"start":{"line":30,"column":2},"end":{"line":36,"column":null}},"12":{"start":{"line":17,"column":13},"end":{"line":37,"column":null}}},"fnMap":{"0":{"name":"(anonymous_4)","decl":{"start":{"line":18,"column":2},"end":{"line":18,"column":31}},"loc":{"start":{"line":18,"column":63},"end":{"line":18,"column":67}}},"1":{"name":"(anonymous_5)","decl":{"start":{"line":21,"column":2},"end":{"line":21,"column":16}},"loc":{"start":{"line":24,"column":33},"end":{"line":27,"column":3}}},"2":{"name":"(anonymous_6)","decl":{"start":{"line":30,"column":2},"end":{"line":30,"column":19}},"loc":{"start":{"line":33,"column":33},"end":{"line":36,"column":3}}}},"branchMap":{},"s":{"0":1,"1":1,"2":1,"3":1,"4":1,"5":1,"6":2,"7":1,"8":1,"9":1,"10":1,"11":1,"12":1},"f":{"0":2,"1":1,"2":1},"b":{}}
,"/Users/rickyfelix/GitHub/Arisan-Digital/backend/src/bill-participants/bill-participants.module.ts": {"path":"/Users/rickyfelix/GitHub/Arisan-Digital/backend/src/bill-participants/bill-participants.module.ts","statementMap":{"0":{"start":{"line":1,"column":0},"end":{"line":1,"column":40}},"1":{"start":{"line":2,"column":0},"end":{"line":2,"column":56}},"2":{"start":{"line":3,"column":0},"end":{"line":3,"column":76}},"3":{"start":{"line":4,"column":0},"end":{"line":4,"column":70}},"4":{"start":{"line":11,"column":7},"end":{"line":11,"column":null}},"5":{"start":{"line":11,"column":13},"end":{"line":11,"column":35}},"6":{"start":{"line":11,"column":13},"end":{"line":11,"column":null}}},"fnMap":{},"branchMap":{},"s":{"0":0,"1":0,"2":0,"3":0,"4":0,"5":0,"6":0},"f":{},"b":{}}
,"/Users/rickyfelix/GitHub/Arisan-Digital/backend/src/bill-participants/bill-participants.service.ts": {"path":"/Users/rickyfelix/GitHub/Arisan-Digital/backend/src/bill-participants/bill-participants.service.ts","statementMap":{"0":{"start":{"line":1,"column":0},"end":{"line":1,"column":null}},"1":{"start":{"line":7,"column":0},"end":{"line":7,"column":63}},"2":{"start":{"line":8,"column":0},"end":{"line":8,"column":73}},"3":{"start":{"line":14,"column":7},"end":{"line":145,"column":null}},"4":{"start":{"line":15,"column":31},"end":{"line":15,"column":41}},"5":{"start":{"line":18,"column":17},"end":{"line":18,"column":62}},"6":{"start":{"line":21,"column":31},"end":{"line":26,"column":20}},"7":{"start":{"line":28,"column":4},"end":{"line":32,"column":5}},"8":{"start":{"line":29,"column":6},"end":{"line":31,"column":8}},"9":{"start":{"line":34,"column":35},"end":{"line":41,"column":8}},"10":{"start":{"line":43,"column":4},"end":{"line":43,"column":72}},"11":{"start":{"line":43,"column":21},"end":{"line":43,"column":72}},"12":{"start":{"line":45,"column":4},"end":{"line":45,"column":116}},"13":{"start":{"line":47,"column":4},"end":{"line":47,"column":36}},"14":{"start":{"line":51,"column":17},"end":{"line":51,"column":62}},"15":{"start":{"line":53,"column":4},"end":{"line":55,"column":5}},"16":{"start":{"line":54,"column":6},"end":{"line":54,"column":86}},"17":{"start":{"line":57,"column":22},"end":{"line":61,"column":39}},"18":{"start":{"line":63,"column":4},"end":{"line":63,"column":60}},"19":{"start":{"line":63,"column":15},"end":{"line":63,"column":60}},"20":{"start":{"line":65,"column":4},"end":{"line":65,"column":116}},"21":{"start":{"line":67,"column":4},"end":{"line":67,"column":36}},"22":{"start":{"line":71,"column":28},"end":{"line":74,"column":28}},"23":{"start":{"line":76,"column":4},"end":{"line":76,"column":60}},"24":{"start":{"line":76,"column":15},"end":{"line":76,"column":60}},"25":{"start":{"line":77,"column":4},"end":{"line":77,"column":16}},"26":{"start":{"line":85,"column":27},"end":{"line":89,"column":20}},"27":{"start":{"line":91,"column":4},"end":{"line":91,"column":71}},"28":{"start":{"line":91,"column":15},"end":{"line":91,"column":71}},"29":{"start":{"line":92,"column":4},"end":{"line":94,"column":5}},"30":{"start":{"line":93,"column":6},"end":{"line":93,"column":82}},"31":{"start":{"line":95,"column":4},"end":{"line":95,"column":16}},"32":{"start":{"line":104,"column":35},"end":{"line":107,"column":28}},"33":{"start":{"line":109,"column":4},"end":{"line":109,"column":59}},"34":{"start":{"line":109,"column":52},"end":{"line":109,"column":59}},"35":{"start":{"line":111,"column":4},"end":{"line":114,"column":29}},"36":{"start":{"line":117,"column":6},"end":{"line":122,"column":7}},"37":{"start":{"line":118,"column":18},"end":{"line":122,"column":6}},"38":{"start":{"line":124,"column":21},"end":{"line":124,"column":45}},"39":{"start":{"line":125,"column":20},"end":{"line":125,"column":66}},"40":{"start":{"line":127,"column":29},"end":{"line":128,"column":null}},"41":{"start":{"line":128,"column":74},"end":{"line":128,"column":91}},"42":{"start":{"line":131,"column":22},"end":{"line":137,"column":7}},"43":{"start":{"line":131,"column":42},"end":{"line":137,"column":6}},"44":{"start":{"line":139,"column":22},"end":{"line":141,"column":24}},"45":{"start":{"line":143,"column":4},"end":{"line":143,"column":60}},"46":{"start":{"line":143,"column":15},"end":{"line":143,"column":60}},"47":{"start":{"line":14,"column":13},"end":{"line":14,"column":36}},"48":{"start":{"line":14,"column":13},"end":{"line":145,"column":null}}},"fnMap":{"0":{"name":"(anonymous_2)","decl":{"start":{"line":15,"column":2},"end":{"line":15,"column":31}},"loc":{"start":{"line":15,"column":56},"end":{"line":15,"column":60}}},"1":{"name":"(anonymous_3)","decl":{"start":{"line":17,"column":2},"end":{"line":17,"column":7}},"loc":{"start":{"line":17,"column":77},"end":{"line":48,"column":3}}},"2":{"name":"(anonymous_4)","decl":{"start":{"line":50,"column":2},"end":{"line":50,"column":7}},"loc":{"start":{"line":50,"column":83},"end":{"line":68,"column":3}}},"3":{"name":"(anonymous_5)","decl":{"start":{"line":70,"column":2},"end":{"line":70,"column":7}},"loc":{"start":{"line":70,"column":34},"end":{"line":78,"column":3}}},"4":{"name":"(anonymous_6)","decl":{"start":{"line":84,"column":10},"end":{"line":84,"column":15}},"loc":{"start":{"line":84,"column":65},"end":{"line":96,"column":3}}},"5":{"name":"(anonymous_7)","decl":{"start":{"line":98,"column":10},"end":{"line":98,"column":15}},"loc":{"start":{"line":102,"column":19},"end":{"line":144,"column":3}}},"6":{"name":"(anonymous_8)","decl":{"start":{"line":118,"column":10},"end":{"line":118,"column":11}},"loc":{"start":{"line":118,"column":18},"end":{"line":122,"column":6}}},"7":{"name":"(anonymous_9)","decl":{"start":{"line":128,"column":67},"end":{"line":128,"column":68}},"loc":{"start":{"line":128,"column":74},"end":{"line":128,"column":91}}},"8":{"name":"(anonymous_10)","decl":{"start":{"line":131,"column":34},"end":{"line":131,"column":35}},"loc":{"start":{"line":131,"column":42},"end":{"line":137,"column":6}}}},"branchMap":{"0":{"loc":{"start":{"line":28,"column":4},"end":{"line":32,"column":5}},"type":"if","locations":[{"start":{"line":28,"column":4},"end":{"line":32,"column":5}}]},"1":{"loc":{"start":{"line":39,"column":16},"end":{"line":39,"column":31}},"type":"binary-expr","locations":[{"start":{"line":39,"column":16},"end":{"line":39,"column":26}},{"start":{"line":39,"column":30},"end":{"line":39,"column":31}}]},"2":{"loc":{"start":{"line":40,"column":20},"end":{"line":40,"column":42}},"type":"binary-expr","locations":[{"start":{"line":40,"column":20},"end":{"line":40,"column":34}},{"start":{"line":40,"column":38},"end":{"line":40,"column":42}}]},"3":{"loc":{"start":{"line":43,"column":4},"end":{"line":43,"column":72}},"type":"if","locations":[{"start":{"line":43,"column":4},"end":{"line":43,"column":72}}]},"4":{"loc":{"start":{"line":53,"column":4},"end":{"line":55,"column":5}},"type":"if","locations":[{"start":{"line":53,"column":4},"end":{"line":55,"column":5}}]},"5":{"loc":{"start":{"line":63,"column":4},"end":{"line":63,"column":60}},"type":"if","locations":[{"start":{"line":63,"column":4},"end":{"line":63,"column":60}}]},"6":{"loc":{"start":{"line":76,"column":4},"end":{"line":76,"column":60}},"type":"if","locations":[{"start":{"line":76,"column":4},"end":{"line":76,"column":60}}]},"7":{"loc":{"start":{"line":91,"column":4},"end":{"line":91,"column":71}},"type":"if","locations":[{"start":{"line":91,"column":4},"end":{"line":91,"column":71}}]},"8":{"loc":{"start":{"line":92,"column":4},"end":{"line":94,"column":5}},"type":"if","locations":[{"start":{"line":92,"column":4},"end":{"line":94,"column":5}}]},"9":{"loc":{"start":{"line":109,"column":4},"end":{"line":109,"column":59}},"type":"if","locations":[{"start":{"line":109,"column":4},"end":{"line":109,"column":59}}]},"10":{"loc":{"start":{"line":109,"column":8},"end":{"line":109,"column":50}},"type":"binary-expr","locations":[{"start":{"line":109,"column":8},"end":{"line":109,"column":21}},{"start":{"line":109,"column":25},"end":{"line":109,"column":50}}]},"11":{"loc":{"start":{"line":121,"column":18},"end":{"line":121,"column":43}},"type":"binary-expr","locations":[{"start":{"line":121,"column":18},"end":{"line":121,"column":30}},{"start":{"line":121,"column":34},"end":{"line":121,"column":43}}]},"12":{"loc":{"start":{"line":133,"column":22},"end":{"line":133,"column":59}},"type":"binary-expr","locations":[{"start":{"line":133,"column":22},"end":{"line":133,"column":53}},{"start":{"line":133,"column":57},"end":{"line":133,"column":59}}]},"13":{"loc":{"start":{"line":143,"column":4},"end":{"line":143,"column":60}},"type":"if","locations":[{"start":{"line":143,"column":4},"end":{"line":143,"column":60}}]}},"s":{"0":2,"1":2,"2":2,"3":2,"4":7,"5":4,"6":2,"7":2,"8":1,"9":1,"10":1,"11":0,"12":1,"13":1,"14":3,"15":2,"16":1,"17":1,"18":1,"19":0,"20":1,"21":1,"22":2,"23":2,"24":0,"25":2,"26":7,"27":7,"28":1,"29":6,"30":2,"31":4,"32":2,"33":2,"34":0,"35":2,"36":2,"37":2,"38":2,"39":2,"40":2,"41":2,"42":2,"43":2,"44":2,"45":2,"46":0,"47":2,"48":2},"f":{"0":7,"1":4,"2":3,"3":2,"4":7,"5":2,"6":2,"7":2,"8":2},"b":{"0":[1],"1":[1,0],"2":[1,1],"3":[0],"4":[1],"5":[0],"6":[0],"7":[1],"8":[2],"9":[0],"10":[2,2],"11":[2,2],"12":[2,0],"13":[0]}}
,"/Users/rickyfelix/GitHub/Arisan-Digital/backend/src/bill-participants/dto/add-participant.dto.ts": {"path":"/Users/rickyfelix/GitHub/Arisan-Digital/backend/src/bill-participants/dto/add-participant.dto.ts","statementMap":{"0":{"start":{"line":1,"column":0},"end":{"line":1,"column":null}},"1":{"start":{"line":10,"column":0},"end":{"line":10,"column":13}},"2":{"start":{"line":12,"column":2},"end":{"line":12,"column":null}},"3":{"start":{"line":17,"column":2},"end":{"line":17,"column":null}},"4":{"start":{"line":23,"column":2},"end":{"line":23,"column":null}},"5":{"start":{"line":28,"column":2},"end":{"line":28,"column":null}}},"fnMap":{},"branchMap":{},"s":{"0":1,"1":1,"2":1,"3":1,"4":1,"5":1},"f":{},"b":{}}
,"/Users/rickyfelix/GitHub/Arisan-Digital/backend/src/bill-settlements/bill-settlements.controller.ts": {"path":"/Users/rickyfelix/GitHub/Arisan-Digital/backend/src/bill-settlements/bill-settlements.controller.ts","statementMap":{"0":{"start":{"line":1,"column":0},"end":{"line":1,"column":null}},"1":{"start":{"line":10,"column":0},"end":{"line":10,"column":56}},"2":{"start":{"line":11,"column":0},"end":{"line":11,"column":74}},"3":{"start":{"line":12,"column":0},"end":{"line":12,"column":68}},"4":{"start":{"line":13,"column":0},"end":{"line":13,"column":66}},"5":{"start":{"line":14,"column":0},"end":{"line":14,"column":66}},"6":{"start":{"line":19,"column":7},"end":{"line":50,"column":null}},"7":{"start":{"line":20,"column":31},"end":{"line":20,"column":40}},"8":{"start":{"line":24,"column":4},"end":{"line":24,"column":45}},"9":{"start":{"line":29,"column":4},"end":{"line":29,"column":45}},"10":{"start":{"line":38,"column":4},"end":{"line":38,"column":49}},"11":{"start":{"line":43,"column":4},"end":{"line":43,"column":53}},"12":{"start":{"line":48,"column":4},"end":{"line":48,"column":42}},"13":{"start":{"line":19,"column":13},"end":{"line":19,"column":38}},"14":{"start":{"line":23,"column":2},"end":{"line":25,"column":null}},"15":{"start":{"line":28,"column":2},"end":{"line":30,"column":null}},"16":{"start":{"line":33,"column":2},"end":{"line":39,"column":null}},"17":{"start":{"line":42,"column":2},"end":{"line":44,"column":null}},"18":{"start":{"line":47,"column":2},"end":{"line":49,"column":null}},"19":{"start":{"line":19,"column":13},"end":{"line":50,"column":null}}},"fnMap":{"0":{"name":"(anonymous_4)","decl":{"start":{"line":20,"column":2},"end":{"line":20,"column":31}},"loc":{"start":{"line":20,"column":62},"end":{"line":20,"column":66}}},"1":{"name":"(anonymous_5)","decl":{"start":{"line":23,"column":2},"end":{"line":23,"column":8}},"loc":{"start":{"line":23,"column":72},"end":{"line":25,"column":3}}},"2":{"name":"(anonymous_6)","decl":{"start":{"line":28,"column":2},"end":{"line":28,"column":9}},"loc":{"start":{"line":28,"column":64},"end":{"line":30,"column":3}}},"3":{"name":"(anonymous_7)","decl":{"start":{"line":33,"column":2},"end":{"line":33,"column":8}},"loc":{"start":{"line":36,"column":33},"end":{"line":39,"column":3}}},"4":{"name":"(anonymous_8)","decl":{"start":{"line":42,"column":2},"end":{"line":42,"column":13}},"loc":{"start":{"line":42,"column":76},"end":{"line":44,"column":3}}},"5":{"name":"(anonymous_9)","decl":{"start":{"line":47,"column":2},"end":{"line":47,"column":10}},"loc":{"start":{"line":47,"column":40},"end":{"line":49,"column":3}}}},"branchMap":{},"s":{"0":1,"1":1,"2":1,"3":1,"4":1,"5":1,"6":1,"7":5,"8":1,"9":1,"10":1,"11":1,"12":1,"13":1,"14":1,"15":1,"16":1,"17":1,"18":1,"19":1},"f":{"0":5,"1":1,"2":1,"3":1,"4":1,"5":1},"b":{}}
,"/Users/rickyfelix/GitHub/Arisan-Digital/backend/src/bill-settlements/bill-settlements.module.ts": {"path":"/Users/rickyfelix/GitHub/Arisan-Digital/backend/src/bill-settlements/bill-settlements.module.ts","statementMap":{"0":{"start":{"line":1,"column":0},"end":{"line":1,"column":40}},"1":{"start":{"line":2,"column":0},"end":{"line":2,"column":56}},"2":{"start":{"line":3,"column":0},"end":{"line":3,"column":76}},"3":{"start":{"line":4,"column":0},"end":{"line":4,"column":74}},"4":{"start":{"line":5,"column":0},"end":{"line":5,"column":68}},"5":{"start":{"line":13,"column":7},"end":{"line":13,"column":null}},"6":{"start":{"line":13,"column":13},"end":{"line":13,"column":34}},"7":{"start":{"line":13,"column":13},"end":{"line":13,"column":null}}},"fnMap":{},"branchMap":{},"s":{"0":0,"1":0,"2":0,"3":0,"4":0,"5":0,"6":0,"7":0},"f":{},"b":{}}
,"/Users/rickyfelix/GitHub/Arisan-Digital/backend/src/bill-settlements/bill-settlements.service.ts": {"path":"/Users/rickyfelix/GitHub/Arisan-Digital/backend/src/bill-settlements/bill-settlements.service.ts","statementMap":{"0":{"start":{"line":1,"column":0},"end":{"line":1,"column":null}},"1":{"start":{"line":7,"column":0},"end":{"line":7,"column":63}},"2":{"start":{"line":8,"column":0},"end":{"line":8,"column":78}},"3":{"start":{"line":13,"column":7},"end":{"line":265,"column":null}},"4":{"start":{"line":15,"column":21},"end":{"line":15,"column":31}},"5":{"start":{"line":16,"column":21},"end":{"line":16,"column":36}},"6":{"start":{"line":25,"column":37},"end":{"line":30,"column":20}},"7":{"start":{"line":32,"column":4},"end":{"line":34,"column":5}},"8":{"start":{"line":33,"column":6},"end":{"line":33,"column":77}},"9":{"start":{"line":37,"column":27},"end":{"line":41,"column":20}},"10":{"start":{"line":43,"column":4},"end":{"line":43,"column":76}},"11":{"start":{"line":43,"column":15},"end":{"line":43,"column":76}},"12":{"start":{"line":45,"column":4},"end":{"line":47,"column":5}},"13":{"start":{"line":46,"column":6},"end":{"line":46,"column":69}},"14":{"start":{"line":49,"column":4},"end":{"line":51,"column":5}},"15":{"start":{"line":50,"column":6},"end":{"line":50,"column":74}},"16":{"start":{"line":53,"column":4},"end":{"line":55,"column":5}},"17":{"start":{"line":54,"column":6},"end":{"line":54,"column":80}},"18":{"start":{"line":57,"column":40},"end":{"line":69,"column":15}},"19":{"start":{"line":71,"column":4},"end":{"line":71,"column":60}},"20":{"start":{"line":71,"column":15},"end":{"line":71,"column":60}},"21":{"start":{"line":72,"column":4},"end":{"line":72,"column":22}},"22":{"start":{"line":80,"column":23},"end":{"line":80,"column":55}},"23":{"start":{"line":82,"column":4},"end":{"line":84,"column":5}},"24":{"start":{"line":83,"column":6},"end":{"line":83,"column":82}},"25":{"start":{"line":86,"column":4},"end":{"line":88,"column":5}},"26":{"start":{"line":87,"column":6},"end":{"line":87,"column":92}},"27":{"start":{"line":90,"column":16},"end":{"line":90,"column":40}},"28":{"start":{"line":91,"column":37},"end":{"line":96,"column":15}},"29":{"start":{"line":98,"column":4},"end":{"line":98,"column":60}},"30":{"start":{"line":98,"column":15},"end":{"line":98,"column":60}},"31":{"start":{"line":101,"column":4},"end":{"line":101,"column":72}},"32":{"start":{"line":104,"column":4},"end":{"line":110,"column":7}},"33":{"start":{"line":112,"column":4},"end":{"line":112,"column":19}},"34":{"start":{"line":120,"column":23},"end":{"line":120,"column":55}},"35":{"start":{"line":122,"column":4},"end":{"line":124,"column":5}},"36":{"start":{"line":123,"column":6},"end":{"line":123,"column":81}},"37":{"start":{"line":126,"column":4},"end":{"line":128,"column":5}},"38":{"start":{"line":127,"column":6},"end":{"line":127,"column":92}},"39":{"start":{"line":132,"column":25},"end":{"line":132,"column":50}},"40":{"start":{"line":134,"column":37},"end":{"line":139,"column":15}},"41":{"start":{"line":141,"column":4},"end":{"line":141,"column":60}},"42":{"start":{"line":141,"column":15},"end":{"line":141,"column":60}},"43":{"start":{"line":144,"column":4},"end":{"line":150,"column":7}},"44":{"start":{"line":152,"column":4},"end":{"line":152,"column":19}},"45":{"start":{"line":161,"column":4},"end":{"line":161,"column":49}},"46":{"start":{"line":163,"column":28},"end":{"line":167,"column":48}},"47":{"start":{"line":169,"column":4},"end":{"line":169,"column":60}},"48":{"start":{"line":169,"column":15},"end":{"line":169,"column":60}},"49":{"start":{"line":170,"column":4},"end":{"line":170,"column":16}},"50":{"start":{"line":174,"column":28},"end":{"line":178,"column":48}},"51":{"start":{"line":180,"column":4},"end":{"line":180,"column":60}},"52":{"start":{"line":180,"column":15},"end":{"line":180,"column":60}},"53":{"start":{"line":181,"column":4},"end":{"line":181,"column":16}},"54":{"start":{"line":189,"column":21},"end":{"line":193,"column":20}},"55":{"start":{"line":195,"column":4},"end":{"line":195,"column":73}},"56":{"start":{"line":195,"column":15},"end":{"line":195,"column":73}},"57":{"start":{"line":196,"column":4},"end":{"line":196,"column":16}},"58":{"start":{"line":200,"column":27},"end":{"line":204,"column":20}},"59":{"start":{"line":206,"column":4},"end":{"line":206,"column":71}},"60":{"start":{"line":206,"column":15},"end":{"line":206,"column":71}},"61":{"start":{"line":208,"column":4},"end":{"line":208,"column":40}},"62":{"start":{"line":208,"column":33},"end":{"line":208,"column":40}},"63":{"start":{"line":210,"column":34},"end":{"line":215,"column":20}},"64":{"start":{"line":217,"column":4},"end":{"line":219,"column":5}},"65":{"start":{"line":218,"column":6},"end":{"line":218,"column":74}},"66":{"start":{"line":227,"column":27},"end":{"line":231,"column":20}},"67":{"start":{"line":233,"column":4},"end":{"line":233,"column":51}},"68":{"start":{"line":233,"column":44},"end":{"line":233,"column":51}},"69":{"start":{"line":235,"column":35},"end":{"line":239,"column":35}},"70":{"start":{"line":241,"column":4},"end":{"line":241,"column":59}},"71":{"start":{"line":241,"column":52},"end":{"line":241,"column":59}},"72":{"start":{"line":243,"column":25},"end":{"line":243,"column":90}},"73":{"start":{"line":243,"column":80},"end":{"line":243,"column":89}},"74":{"start":{"line":246,"column":43},"end":{"line":250,"column":32}},"75":{"start":{"line":252,"column":30},"end":{"line":253,"column":null}},"76":{"start":{"line":253,"column":68},"end":{"line":253,"column":78}},"77":{"start":{"line":256,"column":23},"end":{"line":256,"column":75}},"78":{"start":{"line":256,"column":49},"end":{"line":256,"column":74}},"79":{"start":{"line":258,"column":4},"end":{"line":263,"column":5}},"80":{"start":{"line":259,"column":6},"end":{"line":262,"column":26}},"81":{"start":{"line":13,"column":13},"end":{"line":13,"column":35}},"82":{"start":{"line":13,"column":13},"end":{"line":265,"column":null}}},"fnMap":{"0":{"name":"(anonymous_2)","decl":{"start":{"line":14,"column":2},"end":{"line":14,"column":null}},"loc":{"start":{"line":16,"column":56},"end":{"line":17,"column":6}}},"1":{"name":"(anonymous_3)","decl":{"start":{"line":23,"column":2},"end":{"line":23,"column":7}},"loc":{"start":{"line":23,"column":55},"end":{"line":73,"column":3}}},"2":{"name":"(anonymous_4)","decl":{"start":{"line":79,"column":2},"end":{"line":79,"column":7}},"loc":{"start":{"line":79,"column":42},"end":{"line":113,"column":3}}},"3":{"name":"(anonymous_5)","decl":{"start":{"line":119,"column":2},"end":{"line":119,"column":7}},"loc":{"start":{"line":119,"column":67},"end":{"line":153,"column":3}}},"4":{"name":"(anonymous_6)","decl":{"start":{"line":159,"column":2},"end":{"line":159,"column":7}},"loc":{"start":{"line":159,"column":50},"end":{"line":171,"column":3}}},"5":{"name":"(anonymous_7)","decl":{"start":{"line":173,"column":2},"end":{"line":173,"column":7}},"loc":{"start":{"line":173,"column":31},"end":{"line":182,"column":3}}},"6":{"name":"(anonymous_8)","decl":{"start":{"line":188,"column":10},"end":{"line":188,"column":15}},"loc":{"start":{"line":188,"column":44},"end":{"line":197,"column":3}}},"7":{"name":"(anonymous_9)","decl":{"start":{"line":199,"column":10},"end":{"line":199,"column":15}},"loc":{"start":{"line":199,"column":64},"end":{"line":220,"column":3}}},"8":{"name":"(anonymous_10)","decl":{"start":{"line":226,"column":10},"end":{"line":226,"column":15}},"loc":{"start":{"line":226,"column":71},"end":{"line":264,"column":3}}},"9":{"name":"(anonymous_11)","decl":{"start":{"line":243,"column":73},"end":{"line":243,"column":74}},"loc":{"start":{"line":243,"column":80},"end":{"line":243,"column":89}}},"10":{"name":"(anonymous_12)","decl":{"start":{"line":253,"column":39},"end":{"line":253,"column":40}},"loc":{"start":{"line":253,"column":68},"end":{"line":253,"column":78}}},"11":{"name":"(anonymous_13)","decl":{"start":{"line":256,"column":41},"end":{"line":256,"column":42}},"loc":{"start":{"line":256,"column":49},"end":{"line":256,"column":74}}}},"branchMap":{"0":{"loc":{"start":{"line":32,"column":4},"end":{"line":34,"column":5}},"type":"if","locations":[{"start":{"line":32,"column":4},"end":{"line":34,"column":5}}]},"1":{"loc":{"start":{"line":43,"column":4},"end":{"line":43,"column":76}},"type":"if","locations":[{"start":{"line":43,"column":4},"end":{"line":43,"column":76}}]},"2":{"loc":{"start":{"line":45,"column":4},"end":{"line":47,"column":5}},"type":"if","locations":[{"start":{"line":45,"column":4},"end":{"line":47,"column":5}}]},"3":{"loc":{"start":{"line":49,"column":4},"end":{"line":51,"column":5}},"type":"if","locations":[{"start":{"line":49,"column":4},"end":{"line":51,"column":5}}]},"4":{"loc":{"start":{"line":53,"column":4},"end":{"line":55,"column":5}},"type":"if","locations":[{"start":{"line":53,"column":4},"end":{"line":55,"column":5}}]},"5":{"loc":{"start":{"line":64,"column":19},"end":{"line":64,"column":40}},"type":"binary-expr","locations":[{"start":{"line":64,"column":19},"end":{"line":64,"column":32}},{"start":{"line":64,"column":36},"end":{"line":64,"column":40}}]},"6":{"loc":{"start":{"line":65,"column":15},"end":{"line":65,"column":32}},"type":"binary-expr","locations":[{"start":{"line":65,"column":15},"end":{"line":65,"column":24}},{"start":{"line":65,"column":28},"end":{"line":65,"column":32}}]},"7":{"loc":{"start":{"line":71,"column":4},"end":{"line":71,"column":60}},"type":"if","locations":[{"start":{"line":71,"column":4},"end":{"line":71,"column":60}}]},"8":{"loc":{"start":{"line":82,"column":4},"end":{"line":84,"column":5}},"type":"if","locations":[{"start":{"line":82,"column":4},"end":{"line":84,"column":5}}]},"9":{"loc":{"start":{"line":86,"column":4},"end":{"line":88,"column":5}},"type":"if","locations":[{"start":{"line":86,"column":4},"end":{"line":88,"column":5}}]},"10":{"loc":{"start":{"line":98,"column":4},"end":{"line":98,"column":60}},"type":"if","locations":[{"start":{"line":98,"column":4},"end":{"line":98,"column":60}}]},"11":{"loc":{"start":{"line":122,"column":4},"end":{"line":124,"column":5}},"type":"if","locations":[{"start":{"line":122,"column":4},"end":{"line":124,"column":5}}]},"12":{"loc":{"start":{"line":126,"column":4},"end":{"line":128,"column":5}},"type":"if","locations":[{"start":{"line":126,"column":4},"end":{"line":128,"column":5}}]},"13":{"loc":{"start":{"line":141,"column":4},"end":{"line":141,"column":60}},"type":"if","locations":[{"start":{"line":141,"column":4},"end":{"line":141,"column":60}}]},"14":{"loc":{"start":{"line":169,"column":4},"end":{"line":169,"column":60}},"type":"if","locations":[{"start":{"line":169,"column":4},"end":{"line":169,"column":60}}]},"15":{"loc":{"start":{"line":180,"column":4},"end":{"line":180,"column":60}},"type":"if","locations":[{"start":{"line":180,"column":4},"end":{"line":180,"column":60}}]},"16":{"loc":{"start":{"line":195,"column":4},"end":{"line":195,"column":73}},"type":"if","locations":[{"start":{"line":195,"column":4},"end":{"line":195,"column":73}}]},"17":{"loc":{"start":{"line":206,"column":4},"end":{"line":206,"column":71}},"type":"if","locations":[{"start":{"line":206,"column":4},"end":{"line":206,"column":71}}]},"18":{"loc":{"start":{"line":208,"column":4},"end":{"line":208,"column":40}},"type":"if","locations":[{"start":{"line":208,"column":4},"end":{"line":208,"column":40}}]},"19":{"loc":{"start":{"line":217,"column":4},"end":{"line":219,"column":5}},"type":"if","locations":[{"start":{"line":217,"column":4},"end":{"line":219,"column":5}}]},"20":{"loc":{"start":{"line":233,"column":4},"end":{"line":233,"column":51}},"type":"if","locations":[{"start":{"line":233,"column":4},"end":{"line":233,"column":51}}]},"21":{"loc":{"start":{"line":233,"column":8},"end":{"line":233,"column":42}},"type":"binary-expr","locations":[{"start":{"line":233,"column":8},"end":{"line":233,"column":13}},{"start":{"line":233,"column":17},"end":{"line":233,"column":42}}]},"22":{"loc":{"start":{"line":241,"column":4},"end":{"line":241,"column":59}},"type":"if","locations":[{"start":{"line":241,"column":4},"end":{"line":241,"column":59}}]},"23":{"loc":{"start":{"line":241,"column":8},"end":{"line":241,"column":50}},"type":"binary-expr","locations":[{"start":{"line":241,"column":8},"end":{"line":241,"column":21}},{"start":{"line":241,"column":25},"end":{"line":241,"column":50}}]},"24":{"loc":{"start":{"line":253,"column":7},"end":{"line":253,"column":33}},"type":"binary-expr","locations":[{"start":{"line":253,"column":7},"end":{"line":253,"column":27}},{"start":{"line":253,"column":31},"end":{"line":253,"column":33}}]},"25":{"loc":{"start":{"line":258,"column":4},"end":{"line":263,"column":5}},"type":"if","locations":[{"start":{"line":258,"column":4},"end":{"line":263,"column":5}}]}},"s":{"0":2,"1":2,"2":2,"3":2,"4":13,"5":13,"6":6,"7":6,"8":1,"9":5,"10":5,"11":1,"12":4,"13":1,"14":3,"15":1,"16":2,"17":1,"18":1,"19":1,"20":0,"21":1,"22":4,"23":3,"24":1,"25":2,"26":1,"27":1,"28":1,"29":1,"30":0,"31":1,"32":1,"33":1,"34":3,"35":3,"36":1,"37":2,"38":1,"39":1,"40":1,"41":1,"42":0,"43":1,"44":1,"45":0,"46":0,"47":0,"48":0,"49":0,"50":0,"51":0,"52":0,"53":0,"54":7,"55":7,"56":1,"57":6,"58":0,"59":0,"60":0,"61":0,"62":0,"63":0,"64":0,"65":0,"66":1,"67":1,"68":0,"69":1,"70":1,"71":0,"72":1,"73":1,"74":1,"75":1,"76":1,"77":1,"78":1,"79":1,"80":1,"81":2,"82":2},"f":{"0":13,"1":6,"2":4,"3":3,"4":0,"5":0,"6":7,"7":0,"8":1,"9":1,"10":1,"11":1},"b":{"0":[1],"1":[1],"2":[1],"3":[1],"4":[1],"5":[1,1],"6":[1,1],"7":[0],"8":[1],"9":[1],"10":[0],"11":[1],"12":[1],"13":[0],"14":[0],"15":[0],"16":[1],"17":[0],"18":[0],"19":[0],"20":[0],"21":[1,1],"22":[0],"23":[1,1],"24":[1,0],"25":[1]}}
,"/Users/rickyfelix/GitHub/Arisan-Digital/backend/src/bill-settlements/dto/create-settlement.dto.ts": {"path":"/Users/rickyfelix/GitHub/Arisan-Digital/backend/src/bill-settlements/dto/create-settlement.dto.ts","statementMap":{"0":{"start":{"line":1,"column":0},"end":{"line":1,"column":null}},"1":{"start":{"line":10,"column":0},"end":{"line":10,"column":13}},"2":{"start":{"line":12,"column":2},"end":{"line":12,"column":null}},"3":{"start":{"line":15,"column":2},"end":{"line":15,"column":null}},"4":{"start":{"line":20,"column":2},"end":{"line":20,"column":null}},"5":{"start":{"line":24,"column":2},"end":{"line":24,"column":null}},"6":{"start":{"line":28,"column":2},"end":{"line":28,"column":null}}},"fnMap":{},"branchMap":{},"s":{"0":1,"1":1,"2":1,"3":1,"4":1,"5":1,"6":1},"f":{},"b":{}}
,"/Users/rickyfelix/GitHub/Arisan-Digital/backend/src/bill-settlements/dto/reject-settlement.dto.ts": {"path":"/Users/rickyfelix/GitHub/Arisan-Digital/backend/src/bill-settlements/dto/reject-settlement.dto.ts","statementMap":{"0":{"start":{"line":1,"column":0},"end":{"line":1,"column":54}},"1":{"start":{"line":3,"column":0},"end":{"line":3,"column":13}},"2":{"start":{"line":6,"column":2},"end":{"line":6,"column":null}}},"fnMap":{},"branchMap":{},"s":{"0":1,"1":1,"2":1},"f":{},"b":{}}
,"/Users/rickyfelix/GitHub/Arisan-Digital/backend/src/billing/billing.module.ts": {"path":"/Users/rickyfelix/GitHub/Arisan-Digital/backend/src/billing/billing.module.ts","statementMap":{"0":{"start":{"line":1,"column":0},"end":{"line":1,"column":40}},"1":{"start":{"line":2,"column":0},"end":{"line":2,"column":96}},"2":{"start":{"line":3,"column":0},"end":{"line":3,"column":76}},"3":{"start":{"line":4,"column":0},"end":{"line":4,"column":51}},"4":{"start":{"line":5,"column":0},"end":{"line":5,"column":70}},"5":{"start":{"line":6,"column":0},"end":{"line":6,"column":74}},"6":{"start":{"line":29,"column":7},"end":{"line":29,"column":null}},"7":{"start":{"line":29,"column":13},"end":{"line":29,"column":26}},"8":{"start":{"line":29,"column":13},"end":{"line":29,"column":null}}},"fnMap":{},"branchMap":{},"s":{"0":0,"1":0,"2":0,"3":0,"4":0,"5":0,"6":0,"7":0,"8":0},"f":{},"b":{}}
,"/Users/rickyfelix/GitHub/Arisan-Digital/backend/src/billing/billing.service.ts": {"path":"/Users/rickyfelix/GitHub/Arisan-Digital/backend/src/billing/billing.service.ts","statementMap":{"0":{"start":{"line":1,"column":0},"end":{"line":1,"column":52}},"1":{"start":{"line":2,"column":0},"end":{"line":2,"column":63}},"2":{"start":{"line":3,"column":0},"end":{"line":3,"column":98}},"3":{"start":{"line":4,"column":0},"end":{"line":4,"column":78}},"4":{"start":{"line":16,"column":27},"end":{"line":133,"column":null}},"5":{"start":{"line":20,"column":21},"end":{"line":20,"column":31}},"6":{"start":{"line":21,"column":21},"end":{"line":21,"column":32}},"7":{"start":{"line":22,"column":21},"end":{"line":22,"column":43}},"8":{"start":{"line":17,"column":19},"end":{"line":17,"column":60}},"9":{"start":{"line":38,"column":15},"end":{"line":43,"column":6}},"10":{"start":{"line":45,"column":4},"end":{"line":50,"column":5}},"11":{"start":{"line":46,"column":6},"end":{"line":48,"column":8}},"12":{"start":{"line":49,"column":6},"end":{"line":49,"column":13}},"13":{"start":{"line":53,"column":4},"end":{"line":53,"column":40}},"14":{"start":{"line":53,"column":33},"end":{"line":53,"column":40}},"15":{"start":{"line":55,"column":30},"end":{"line":59,"column":6}},"16":{"start":{"line":61,"column":4},"end":{"line":61,"column":63}},"17":{"start":{"line":61,"column":56},"end":{"line":61,"column":63}},"18":{"start":{"line":64,"column":4},"end":{"line":84,"column":5}},"19":{"start":{"line":65,"column":6},"end":{"line":83,"column":7}},"20":{"start":{"line":66,"column":29},"end":{"line":68,"column":null}},"21":{"start":{"line":70,"column":8},"end":{"line":78,"column":9}},"22":{"start":{"line":71,"column":10},"end":{"line":74,"column":12}},"23":{"start":{"line":75,"column":10},"end":{"line":77,"column":12}},"24":{"start":{"line":80,"column":8},"end":{"line":82,"column":10}},"25":{"start":{"line":87,"column":4},"end":{"line":107,"column":5}},"26":{"start":{"line":88,"column":6},"end":{"line":106,"column":7}},"27":{"start":{"line":89,"column":29},"end":{"line":91,"column":null}},"28":{"start":{"line":93,"column":8},"end":{"line":101,"column":9}},"29":{"start":{"line":94,"column":10},"end":{"line":97,"column":12}},"30":{"start":{"line":98,"column":10},"end":{"line":100,"column":12}},"31":{"start":{"line":103,"column":8},"end":{"line":105,"column":10}},"32":{"start":{"line":118,"column":18},"end":{"line":118,"column":72}},"33":{"start":{"line":120,"column":28},"end":{"line":124,"column":20}},"34":{"start":{"line":126,"column":4},"end":{"line":129,"column":5}},"35":{"start":{"line":127,"column":6},"end":{"line":127,"column":92}},"36":{"start":{"line":128,"column":6},"end":{"line":128,"column":18}},"37":{"start":{"line":131,"column":4},"end":{"line":131,"column":65}},"38":{"start":{"line":16,"column":13},"end":{"line":16,"column":27}},"39":{"start":{"line":16,"column":13},"end":{"line":133,"column":null}}},"fnMap":{"0":{"name":"(anonymous_2)","decl":{"start":{"line":19,"column":2},"end":{"line":19,"column":null}},"loc":{"start":{"line":22,"column":63},"end":{"line":23,"column":6}}},"1":{"name":"(anonymous_3)","decl":{"start":{"line":36,"column":2},"end":{"line":36,"column":7}},"loc":{"start":{"line":36,"column":46},"end":{"line":108,"column":3}}},"2":{"name":"(anonymous_4)","decl":{"start":{"line":114,"column":10},"end":{"line":114,"column":15}},"loc":{"start":{"line":116,"column":20},"end":{"line":132,"column":3}}}},"branchMap":{"0":{"loc":{"start":{"line":42,"column":15},"end":{"line":42,"column":35}},"type":"binary-expr","locations":[{"start":{"line":42,"column":15},"end":{"line":42,"column":27}},{"start":{"line":42,"column":31},"end":{"line":42,"column":35}}]},"1":{"loc":{"start":{"line":45,"column":4},"end":{"line":50,"column":5}},"type":"if","locations":[{"start":{"line":45,"column":4},"end":{"line":50,"column":5}}]},"2":{"loc":{"start":{"line":53,"column":4},"end":{"line":53,"column":40}},"type":"if","locations":[{"start":{"line":53,"column":4},"end":{"line":53,"column":40}}]},"3":{"loc":{"start":{"line":61,"column":4},"end":{"line":61,"column":63}},"type":"if","locations":[{"start":{"line":61,"column":4},"end":{"line":61,"column":63}}]},"4":{"loc":{"start":{"line":64,"column":4},"end":{"line":84,"column":5}},"type":"if","locations":[{"start":{"line":64,"column":4},"end":{"line":84,"column":5}}]},"5":{"loc":{"start":{"line":70,"column":8},"end":{"line":78,"column":9}},"type":"if","locations":[{"start":{"line":70,"column":8},"end":{"line":78,"column":9}}]},"6":{"loc":{"start":{"line":87,"column":4},"end":{"line":107,"column":5}},"type":"if","locations":[{"start":{"line":87,"column":4},"end":{"line":107,"column":5}}]},"7":{"loc":{"start":{"line":93,"column":8},"end":{"line":101,"column":9}},"type":"if","locations":[{"start":{"line":93,"column":8},"end":{"line":101,"column":9}}]},"8":{"loc":{"start":{"line":118,"column":18},"end":{"line":118,"column":72}},"type":"cond-expr","locations":[{"start":{"line":118,"column":28},"end":{"line":118,"column":49}},{"start":{"line":118,"column":52},"end":{"line":118,"column":72}}]},"9":{"loc":{"start":{"line":126,"column":4},"end":{"line":129,"column":5}},"type":"if","locations":[{"start":{"line":126,"column":4},"end":{"line":129,"column":5}}]},"10":{"loc":{"start":{"line":131,"column":12},"end":{"line":131,"column":64}},"type":"binary-expr","locations":[{"start":{"line":131,"column":12},"end":{"line":131,"column":56}},{"start":{"line":131,"column":60},"end":{"line":131,"column":64}}]}},"s":{"0":3,"1":3,"2":3,"3":3,"4":3,"5":8,"6":8,"7":8,"8":8,"9":8,"10":8,"11":2,"12":2,"13":6,"14":1,"15":5,"16":5,"17":1,"18":4,"19":3,"20":3,"21":3,"22":2,"23":2,"24":0,"25":4,"26":1,"27":1,"28":1,"29":1,"30":1,"31":0,"32":4,"33":4,"34":4,"35":0,"36":0,"37":4,"38":3,"39":3},"f":{"0":8,"1":8,"2":4},"b":{"0":[8,0],"1":[2],"2":[1],"3":[1],"4":[3],"5":[2],"6":[1],"7":[1],"8":[1,3],"9":[0],"10":[4,1]}}
,"/Users/rickyfelix/GitHub/Arisan-Digital/backend/src/billing/midtrans-webhook.controller.ts": {"path":"/Users/rickyfelix/GitHub/Arisan-Digital/backend/src/billing/midtrans-webhook.controller.ts","statementMap":{"0":{"start":{"line":1,"column":0},"end":{"line":1,"column":null}},"1":{"start":{"line":9,"column":0},"end":{"line":9,"column":47}},"2":{"start":{"line":10,"column":0},"end":{"line":10,"column":36}},"3":{"start":{"line":11,"column":0},"end":{"line":11,"column":51}},"4":{"start":{"line":27,"column":2},"end":{"line":40,"column":3}},"5":{"start":{"line":30,"column":6},"end":{"line":30,"column":20}},"6":{"start":{"line":32,"column":6},"end":{"line":32,"column":23}},"7":{"start":{"line":36,"column":6},"end":{"line":36,"column":22}},"8":{"start":{"line":39,"column":6},"end":{"line":39,"column":23}},"9":{"start":{"line":44,"column":38},"end":{"line":115,"column":null}},"10":{"start":{"line":48,"column":21},"end":{"line":48,"column":29}},"11":{"start":{"line":49,"column":21},"end":{"line":49,"column":37}},"12":{"start":{"line":45,"column":19},"end":{"line":45,"column":71}},"13":{"start":{"line":76,"column":22},"end":{"line":76,"column":74}},"14":{"start":{"line":77,"column":21},"end":{"line":77,"column":51}},"15":{"start":{"line":78,"column":24},"end":{"line":78,"column":57}},"16":{"start":{"line":79,"column":25},"end":{"line":79,"column":59}},"17":{"start":{"line":80,"column":31},"end":{"line":80,"column":66}},"18":{"start":{"line":82,"column":30},"end":{"line":84,"column":20}},"19":{"start":{"line":86,"column":4},"end":{"line":88,"column":5}},"20":{"start":{"line":87,"column":6},"end":{"line":87,"column":68}},"21":{"start":{"line":91,"column":4},"end":{"line":111,"column":5}},"22":{"start":{"line":92,"column":24},"end":{"line":92,"column":64}},"23":{"start":{"line":93,"column":30},"end":{"line":93,"column":76}},"24":{"start":{"line":94,"column":21},"end":{"line":94,"column":48}},"25":{"start":{"line":96,"column":6},"end":{"line":99,"column":7}},"26":{"start":{"line":97,"column":8},"end":{"line":97,"column":72}},"27":{"start":{"line":98,"column":8},"end":{"line":98,"column":34}},"28":{"start":{"line":101,"column":6},"end":{"line":107,"column":9}},"29":{"start":{"line":110,"column":6},"end":{"line":110,"column":77}},"30":{"start":{"line":113,"column":4},"end":{"line":113,"column":30}},"31":{"start":{"line":44,"column":13},"end":{"line":44,"column":38}},"32":{"start":{"line":72,"column":8},"end":{"line":114,"column":null}},"33":{"start":{"line":44,"column":13},"end":{"line":115,"column":null}}},"fnMap":{"0":{"name":"mapMidtransStatus","decl":{"start":{"line":26,"column":9},"end":{"line":26,"column":26}},"loc":{"start":{"line":26,"column":43},"end":{"line":41,"column":1}}},"1":{"name":"(anonymous_5)","decl":{"start":{"line":47,"column":2},"end":{"line":47,"column":null}},"loc":{"start":{"line":49,"column":51},"end":{"line":50,"column":6}}},"2":{"name":"(anonymous_6)","decl":{"start":{"line":72,"column":2},"end":{"line":72,"column":7}},"loc":{"start":{"line":73,"column":41},"end":{"line":114,"column":3}}}},"branchMap":{"0":{"loc":{"start":{"line":27,"column":2},"end":{"line":40,"column":3}},"type":"switch","locations":[{"start":{"line":28,"column":4},"end":{"line":28,"column":22}},{"start":{"line":29,"column":4},"end":{"line":30,"column":20}},{"start":{"line":31,"column":4},"end":{"line":32,"column":23}},{"start":{"line":33,"column":4},"end":{"line":33,"column":16}},{"start":{"line":34,"column":4},"end":{"line":34,"column":18}},{"start":{"line":35,"column":4},"end":{"line":36,"column":22}},{"start":{"line":37,"column":4},"end":{"line":37,"column":19}},{"start":{"line":38,"column":4},"end":{"line":39,"column":23}}]},"1":{"loc":{"start":{"line":76,"column":22},"end":{"line":76,"column":74}},"type":"binary-expr","locations":[{"start":{"line":76,"column":22},"end":{"line":76,"column":68}},{"start":{"line":76,"column":72},"end":{"line":76,"column":74}}]},"2":{"loc":{"start":{"line":77,"column":21},"end":{"line":77,"column":51}},"type":"binary-expr","locations":[{"start":{"line":77,"column":21},"end":{"line":77,"column":45}},{"start":{"line":77,"column":49},"end":{"line":77,"column":51}}]},"3":{"loc":{"start":{"line":78,"column":24},"end":{"line":78,"column":57}},"type":"binary-expr","locations":[{"start":{"line":78,"column":24},"end":{"line":78,"column":51}},{"start":{"line":78,"column":55},"end":{"line":78,"column":57}}]},"4":{"loc":{"start":{"line":79,"column":25},"end":{"line":79,"column":59}},"type":"binary-expr","locations":[{"start":{"line":79,"column":25},"end":{"line":79,"column":53}},{"start":{"line":79,"column":57},"end":{"line":79,"column":59}}]},"5":{"loc":{"start":{"line":80,"column":31},"end":{"line":80,"column":66}},"type":"binary-expr","locations":[{"start":{"line":80,"column":31},"end":{"line":80,"column":60}},{"start":{"line":80,"column":64},"end":{"line":80,"column":66}}]},"6":{"loc":{"start":{"line":86,"column":4},"end":{"line":88,"column":5}},"type":"if","locations":[{"start":{"line":86,"column":4},"end":{"line":88,"column":5}}]},"7":{"loc":{"start":{"line":92,"column":24},"end":{"line":92,"column":64}},"type":"binary-expr","locations":[{"start":{"line":92,"column":24},"end":{"line":92,"column":58}},{"start":{"line":92,"column":62},"end":{"line":92,"column":64}}]},"8":{"loc":{"start":{"line":93,"column":30},"end":{"line":93,"column":76}},"type":"binary-expr","locations":[{"start":{"line":93,"column":30},"end":{"line":93,"column":68}},{"start":{"line":93,"column":72},"end":{"line":93,"column":76}}]},"9":{"loc":{"start":{"line":96,"column":6},"end":{"line":99,"column":7}},"type":"if","locations":[{"start":{"line":96,"column":6},"end":{"line":99,"column":7}}]},"10":{"loc":{"start":{"line":106,"column":16},"end":{"line":106,"column":57}},"type":"cond-expr","locations":[{"start":{"line":106,"column":36},"end":{"line":106,"column":50}},{"start":{"line":106,"column":53},"end":{"line":106,"column":57}}]}},"s":{"0":1,"1":1,"2":1,"3":1,"4":11,"5":5,"6":1,"7":3,"8":2,"9":1,"10":12,"11":12,"12":12,"13":12,"14":12,"15":12,"16":12,"17":12,"18":12,"19":12,"20":1,"21":11,"22":11,"23":11,"24":11,"25":11,"26":1,"27":1,"28":10,"29":1,"30":10,"31":1,"32":1,"33":1},"f":{"0":11,"1":12,"2":12},"b":{"0":[4,5,1,1,2,3,1,2],"1":[12,0],"2":[12,0],"3":[12,0],"4":[12,0],"5":[12,0],"6":[1],"7":[11,0],"8":[11,10],"9":[1],"10":[4,6]}}
,"/Users/rickyfelix/GitHub/Arisan-Digital/backend/src/billing/xendit-webhook.controller.ts": {"path":"/Users/rickyfelix/GitHub/Arisan-Digital/backend/src/billing/xendit-webhook.controller.ts","statementMap":{"0":{"start":{"line":1,"column":0},"end":{"line":1,"column":null}},"1":{"start":{"line":10,"column":0},"end":{"line":10,"column":47}},"2":{"start":{"line":11,"column":0},"end":{"line":11,"column":51}},"3":{"start":{"line":21,"column":2},"end":{"line":33,"column":3}},"4":{"start":{"line":24,"column":6},"end":{"line":24,"column":20}},"5":{"start":{"line":26,"column":6},"end":{"line":26,"column":23}},"6":{"start":{"line":28,"column":6},"end":{"line":28,"column":22}},"7":{"start":{"line":30,"column":6},"end":{"line":30,"column":23}},"8":{"start":{"line":32,"column":6},"end":{"line":32,"column":18}},"9":{"start":{"line":37,"column":36},"end":{"line":122,"column":null}},"10":{"start":{"line":41,"column":21},"end":{"line":41,"column":29}},"11":{"start":{"line":42,"column":21},"end":{"line":42,"column":37}},"12":{"start":{"line":38,"column":19},"end":{"line":38,"column":69}},"13":{"start":{"line":76,"column":26},"end":{"line":76,"column":73}},"14":{"start":{"line":77,"column":4},"end":{"line":79,"column":5}},"15":{"start":{"line":78,"column":6},"end":{"line":78,"column":70}},"16":{"start":{"line":82,"column":4},"end":{"line":118,"column":5}},"17":{"start":{"line":83,"column":21},"end":{"line":83,"column":48}},"18":{"start":{"line":84,"column":20},"end":{"line":84,"column":37}},"19":{"start":{"line":89,"column":9},"end":{"line":89,"column":68}},"20":{"start":{"line":91,"column":9},"end":{"line":91,"column":64}},"21":{"start":{"line":93,"column":9},"end":{"line":93,"column":82}},"22":{"start":{"line":95,"column":6},"end":{"line":98,"column":7}},"23":{"start":{"line":96,"column":8},"end":{"line":96,"column":84}},"24":{"start":{"line":97,"column":8},"end":{"line":97,"column":34}},"25":{"start":{"line":100,"column":21},"end":{"line":100,"column":47}},"26":{"start":{"line":101,"column":6},"end":{"line":106,"column":7}},"27":{"start":{"line":102,"column":8},"end":{"line":104,"column":10}},"28":{"start":{"line":105,"column":8},"end":{"line":105,"column":34}},"29":{"start":{"line":108,"column":6},"end":{"line":114,"column":9}},"30":{"start":{"line":117,"column":6},"end":{"line":117,"column":75}},"31":{"start":{"line":120,"column":4},"end":{"line":120,"column":30}},"32":{"start":{"line":37,"column":13},"end":{"line":37,"column":36}},"33":{"start":{"line":71,"column":8},"end":{"line":121,"column":null}},"34":{"start":{"line":37,"column":13},"end":{"line":122,"column":null}}},"fnMap":{"0":{"name":"mapXenditStatus","decl":{"start":{"line":20,"column":9},"end":{"line":20,"column":24}},"loc":{"start":{"line":20,"column":45},"end":{"line":34,"column":1}}},"1":{"name":"(anonymous_5)","decl":{"start":{"line":40,"column":2},"end":{"line":40,"column":null}},"loc":{"start":{"line":42,"column":51},"end":{"line":43,"column":6}}},"2":{"name":"(anonymous_6)","decl":{"start":{"line":71,"column":2},"end":{"line":71,"column":7}},"loc":{"start":{"line":73,"column":41},"end":{"line":121,"column":3}}}},"branchMap":{"0":{"loc":{"start":{"line":21,"column":2},"end":{"line":33,"column":3}},"type":"switch","locations":[{"start":{"line":22,"column":4},"end":{"line":22,"column":16}},{"start":{"line":23,"column":4},"end":{"line":24,"column":20}},{"start":{"line":25,"column":4},"end":{"line":26,"column":23}},{"start":{"line":27,"column":4},"end":{"line":28,"column":22}},{"start":{"line":29,"column":4},"end":{"line":30,"column":23}},{"start":{"line":31,"column":4},"end":{"line":32,"column":18}}]},"1":{"loc":{"start":{"line":77,"column":4},"end":{"line":79,"column":5}},"type":"if","locations":[{"start":{"line":77,"column":4},"end":{"line":79,"column":5}}]},"2":{"loc":{"start":{"line":77,"column":8},"end":{"line":77,"column":57}},"type":"binary-expr","locations":[{"start":{"line":77,"column":8},"end":{"line":77,"column":22}},{"start":{"line":77,"column":26},"end":{"line":77,"column":57}}]},"3":{"loc":{"start":{"line":83,"column":21},"end":{"line":83,"column":48}},"type":"binary-expr","locations":[{"start":{"line":83,"column":21},"end":{"line":83,"column":42}},{"start":{"line":83,"column":46},"end":{"line":83,"column":48}}]},"4":{"loc":{"start":{"line":84,"column":20},"end":{"line":84,"column":37}},"type":"binary-expr","locations":[{"start":{"line":84,"column":20},"end":{"line":84,"column":29}},{"start":{"line":84,"column":33},"end":{"line":84,"column":37}}]},"5":{"loc":{"start":{"line":89,"column":9},"end":{"line":89,"column":68}},"type":"binary-expr","locations":[{"start":{"line":89,"column":9},"end":{"line":89,"column":36}},{"start":{"line":89,"column":41},"end":{"line":89,"column":68}}]},"6":{"loc":{"start":{"line":91,"column":9},"end":{"line":91,"column":64}},"type":"binary-expr","locations":[{"start":{"line":91,"column":9},"end":{"line":91,"column":31}},{"start":{"line":91,"column":36},"end":{"line":91,"column":58}},{"start":{"line":91,"column":62},"end":{"line":91,"column":64}}]},"7":{"loc":{"start":{"line":93,"column":9},"end":{"line":93,"column":82}},"type":"binary-expr","locations":[{"start":{"line":93,"column":9},"end":{"line":93,"column":39}},{"start":{"line":93,"column":44},"end":{"line":93,"column":74}},{"start":{"line":93,"column":78},"end":{"line":93,"column":82}}]},"8":{"loc":{"start":{"line":95,"column":6},"end":{"line":98,"column":7}},"type":"if","locations":[{"start":{"line":95,"column":6},"end":{"line":98,"column":7}}]},"9":{"loc":{"start":{"line":101,"column":6},"end":{"line":106,"column":7}},"type":"if","locations":[{"start":{"line":101,"column":6},"end":{"line":106,"column":7}}]},"10":{"loc":{"start":{"line":113,"column":16},"end":{"line":113,"column":49}},"type":"cond-expr","locations":[{"start":{"line":113,"column":36},"end":{"line":113,"column":42}},{"start":{"line":113,"column":45},"end":{"line":113,"column":49}}]}},"s":{"0":1,"1":1,"2":1,"3":12,"4":6,"5":3,"6":1,"7":1,"8":1,"9":1,"10":15,"11":15,"12":15,"13":15,"14":15,"15":2,"16":13,"17":13,"18":13,"19":13,"20":13,"21":13,"22":13,"23":1,"24":1,"25":12,"26":12,"27":1,"28":1,"29":11,"30":1,"31":11,"32":1,"33":1,"34":1},"f":{"0":12,"1":15,"2":15},"b":{"0":[5,6,3,1,1,1],"1":[2],"2":[15,15],"3":[13,12],"4":[13,12],"5":[13,1],"6":[13,0,0],"7":[13,10,10],"8":[1],"9":[1],"10":[6,5]}}
,"/Users/rickyfelix/GitHub/Arisan-Digital/backend/src/bills/bills.controller.ts": {"path":"/Users/rickyfelix/GitHub/Arisan-Digital/backend/src/bills/bills.controller.ts","statementMap":{"0":{"start":{"line":1,"column":0},"end":{"line":1,"column":null}},"1":{"start":{"line":11,"column":0},"end":{"line":11,"column":56}},"2":{"start":{"line":12,"column":0},"end":{"line":12,"column":74}},"3":{"start":{"line":13,"column":0},"end":{"line":13,"column":58}},"4":{"start":{"line":14,"column":0},"end":{"line":14,"column":47}},"5":{"start":{"line":15,"column":0},"end":{"line":15,"column":54}},"6":{"start":{"line":16,"column":0},"end":{"line":16,"column":54}},"7":{"start":{"line":21,"column":7},"end":{"line":58,"column":null}},"8":{"start":{"line":22,"column":31},"end":{"line":22,"column":45}},"9":{"start":{"line":27,"column":4},"end":{"line":27,"column":50}},"10":{"start":{"line":32,"column":4},"end":{"line":32,"column":47}},"11":{"start":{"line":37,"column":4},"end":{"line":37,"column":50}},"12":{"start":{"line":46,"column":4},"end":{"line":46,"column":54}},"13":{"start":{"line":51,"column":4},"end":{"line":51,"column":49}},"14":{"start":{"line":56,"column":4},"end":{"line":56,"column":54}},"15":{"start":{"line":21,"column":13},"end":{"line":21,"column":28}},"16":{"start":{"line":26,"column":2},"end":{"line":28,"column":null}},"17":{"start":{"line":31,"column":2},"end":{"line":33,"column":null}},"18":{"start":{"line":36,"column":2},"end":{"line":38,"column":null}},"19":{"start":{"line":41,"column":2},"end":{"line":47,"column":null}},"20":{"start":{"line":50,"column":2},"end":{"line":52,"column":null}},"21":{"start":{"line":55,"column":2},"end":{"line":57,"column":null}},"22":{"start":{"line":21,"column":13},"end":{"line":58,"column":null}}},"fnMap":{"0":{"name":"(anonymous_4)","decl":{"start":{"line":22,"column":2},"end":{"line":22,"column":31}},"loc":{"start":{"line":22,"column":57},"end":{"line":22,"column":61}}},"1":{"name":"(anonymous_5)","decl":{"start":{"line":26,"column":2},"end":{"line":26,"column":8}},"loc":{"start":{"line":26,"column":66},"end":{"line":28,"column":3}}},"2":{"name":"(anonymous_6)","decl":{"start":{"line":31,"column":2},"end":{"line":31,"column":10}},"loc":{"start":{"line":31,"column":40},"end":{"line":33,"column":3}}},"3":{"name":"(anonymous_7)","decl":{"start":{"line":36,"column":2},"end":{"line":36,"column":9}},"loc":{"start":{"line":36,"column":64},"end":{"line":38,"column":3}}},"4":{"name":"(anonymous_8)","decl":{"start":{"line":41,"column":2},"end":{"line":41,"column":8}},"loc":{"start":{"line":44,"column":33},"end":{"line":47,"column":3}}},"5":{"name":"(anonymous_9)","decl":{"start":{"line":50,"column":2},"end":{"line":50,"column":8}},"loc":{"start":{"line":50,"column":63},"end":{"line":52,"column":3}}},"6":{"name":"(anonymous_10)","decl":{"start":{"line":55,"column":2},"end":{"line":55,"column":13}},"loc":{"start":{"line":55,"column":68},"end":{"line":57,"column":3}}}},"branchMap":{},"s":{"0":1,"1":1,"2":1,"3":1,"4":1,"5":1,"6":1,"7":1,"8":6,"9":1,"10":1,"11":1,"12":1,"13":1,"14":1,"15":1,"16":1,"17":1,"18":1,"19":1,"20":1,"21":1,"22":1},"f":{"0":6,"1":1,"2":1,"3":1,"4":1,"5":1,"6":1},"b":{}}
,"/Users/rickyfelix/GitHub/Arisan-Digital/backend/src/bills/bills.module.ts": {"path":"/Users/rickyfelix/GitHub/Arisan-Digital/backend/src/bills/bills.module.ts","statementMap":{"0":{"start":{"line":1,"column":0},"end":{"line":1,"column":52}},"1":{"start":{"line":2,"column":0},"end":{"line":2,"column":56}},"2":{"start":{"line":3,"column":0},"end":{"line":3,"column":76}},"3":{"start":{"line":4,"column":0},"end":{"line":4,"column":53}},"4":{"start":{"line":5,"column":0},"end":{"line":5,"column":47}},"5":{"start":{"line":6,"column":0},"end":{"line":6,"column":81}},"6":{"start":{"line":18,"column":7},"end":{"line":18,"column":null}},"7":{"start":{"line":18,"column":13},"end":{"line":18,"column":24}},"8":{"start":{"line":18,"column":13},"end":{"line":18,"column":null}},"9":{"start":{"line":12,"column":21},"end":{"line":12,"column":41}}},"fnMap":{"0":{"name":"(anonymous_1)","decl":{"start":{"line":12,"column":15},"end":{"line":12,"column":18}},"loc":{"start":{"line":12,"column":21},"end":{"line":12,"column":41}}}},"branchMap":{},"s":{"0":0,"1":0,"2":0,"3":0,"4":0,"5":0,"6":0,"7":0,"8":0,"9":0},"f":{"0":0},"b":{}}
,"/Users/rickyfelix/GitHub/Arisan-Digital/backend/src/bills/bills.service.ts": {"path":"/Users/rickyfelix/GitHub/Arisan-Digital/backend/src/bills/bills.service.ts","statementMap":{"0":{"start":{"line":1,"column":0},"end":{"line":1,"column":null}},"1":{"start":{"line":7,"column":0},"end":{"line":7,"column":63}},"2":{"start":{"line":8,"column":0},"end":{"line":8,"column":78}},"3":{"start":{"line":9,"column":0},"end":{"line":9,"column":66}},"4":{"start":{"line":16,"column":7},"end":{"line":426,"column":null}},"5":{"start":{"line":18,"column":21},"end":{"line":18,"column":31}},"6":{"start":{"line":19,"column":21},"end":{"line":19,"column":36}},"7":{"start":{"line":28,"column":45},"end":{"line":41,"column":15}},"8":{"start":{"line":43,"column":4},"end":{"line":43,"column":68}},"9":{"start":{"line":43,"column":19},"end":{"line":43,"column":68}},"10":{"start":{"line":46,"column":25},"end":{"line":46,"column":81}},"11":{"start":{"line":49,"column":28},"end":{"line":54,"column":7}},"12":{"start":{"line":49,"column":53},"end":{"line":54,"column":6}},"13":{"start":{"line":56,"column":58},"end":{"line":59,"column":15}},"14":{"start":{"line":61,"column":4},"end":{"line":61,"column":62}},"15":{"start":{"line":61,"column":16},"end":{"line":61,"column":62}},"16":{"start":{"line":64,"column":4},"end":{"line":71,"column":6}},"17":{"start":{"line":74,"column":22},"end":{"line":74,"column":70}},"18":{"start":{"line":74,"column":49},"end":{"line":74,"column":69}},"19":{"start":{"line":75,"column":4},"end":{"line":83,"column":6}},"20":{"start":{"line":76,"column":28},"end":{"line":82,"column":8}},"21":{"start":{"line":85,"column":4},"end":{"line":85,"column":41}},"22":{"start":{"line":93,"column":34},"end":{"line":97,"column":15}},"23":{"start":{"line":99,"column":4},"end":{"line":99,"column":76}},"24":{"start":{"line":99,"column":24},"end":{"line":99,"column":76}},"25":{"start":{"line":103,"column":6},"end":{"line":105,"column":null}},"26":{"start":{"line":105,"column":15},"end":{"line":105,"column":35}},"27":{"start":{"line":108,"column":4},"end":{"line":110,"column":5}},"28":{"start":{"line":109,"column":6},"end":{"line":109,"column":74}},"29":{"start":{"line":112,"column":4},"end":{"line":112,"column":16}},"30":{"start":{"line":117,"column":41},"end":{"line":120,"column":28}},"31":{"start":{"line":122,"column":4},"end":{"line":122,"column":54}},"32":{"start":{"line":122,"column":12},"end":{"line":122,"column":54}},"33":{"start":{"line":125,"column":47},"end":{"line":128,"column":28}},"34":{"start":{"line":130,"column":4},"end":{"line":130,"column":54}},"35":{"start":{"line":130,"column":12},"end":{"line":130,"column":54}},"36":{"start":{"line":132,"column":31},"end":{"line":134,"column":80}},"37":{"start":{"line":133,"column":41},"end":{"line":133,"column":52}},"38":{"start":{"line":134,"column":22},"end":{"line":134,"column":79}},"39":{"start":{"line":134,"column":67},"end":{"line":134,"column":78}},"40":{"start":{"line":136,"column":40},"end":{"line":136,"column":42}},"41":{"start":{"line":137,"column":4},"end":{"line":145,"column":5}},"42":{"start":{"line":138,"column":34},"end":{"line":141,"column":37}},"43":{"start":{"line":143,"column":6},"end":{"line":143,"column":56}},"44":{"start":{"line":143,"column":14},"end":{"line":143,"column":56}},"45":{"start":{"line":144,"column":6},"end":{"line":144,"column":38}},"46":{"start":{"line":147,"column":4},"end":{"line":147,"column":55}},"47":{"start":{"line":155,"column":17},"end":{"line":155,"column":47}},"48":{"start":{"line":157,"column":4},"end":{"line":159,"column":5}},"49":{"start":{"line":158,"column":6},"end":{"line":158,"column":72}},"50":{"start":{"line":162,"column":6},"end":{"line":164,"column":36}},"51":{"start":{"line":167,"column":43},"end":{"line":167,"column":45}},"52":{"start":{"line":168,"column":4},"end":{"line":168,"column":57}},"53":{"start":{"line":168,"column":33},"end":{"line":168,"column":57}},"54":{"start":{"line":169,"column":4},"end":{"line":169,"column":75}},"55":{"start":{"line":169,"column":39},"end":{"line":169,"column":75}},"56":{"start":{"line":170,"column":4},"end":{"line":170,"column":66}},"57":{"start":{"line":170,"column":36},"end":{"line":170,"column":66}},"58":{"start":{"line":171,"column":4},"end":{"line":171,"column":75}},"59":{"start":{"line":171,"column":39},"end":{"line":171,"column":75}},"60":{"start":{"line":172,"column":4},"end":{"line":172,"column":78}},"61":{"start":{"line":172,"column":40},"end":{"line":172,"column":78}},"62":{"start":{"line":173,"column":4},"end":{"line":173,"column":78}},"63":{"start":{"line":173,"column":40},"end":{"line":173,"column":78}},"64":{"start":{"line":175,"column":4},"end":{"line":182,"column":5}},"65":{"start":{"line":176,"column":24},"end":{"line":179,"column":21}},"66":{"start":{"line":181,"column":6},"end":{"line":181,"column":62}},"67":{"start":{"line":181,"column":17},"end":{"line":181,"column":62}},"68":{"start":{"line":184,"column":4},"end":{"line":259,"column":5}},"69":{"start":{"line":185,"column":29},"end":{"line":185,"column":66}},"70":{"start":{"line":186,"column":31},"end":{"line":186,"column":68}},"71":{"start":{"line":187,"column":60},"end":{"line":189,"column":60}},"72":{"start":{"line":192,"column"
[...]
rt":{"line":13,"column":0},"end":{"line":13,"column":61}},"4":{"start":{"line":14,"column":0},"end":{"line":14,"column":74}},"5":{"start":{"line":15,"column":0},"end":{"line":15,"column":47}},"6":{"start":{"line":16,"column":0},"end":{"line":16,"column":54}},"7":{"start":{"line":17,"column":0},"end":{"line":17,"column":46}},"8":{"start":{"line":18,"column":0},"end":{"line":18,"column":52}},"9":{"start":{"line":19,"column":0},"end":{"line":19,"column":62}},"10":{"start":{"line":20,"column":0},"end":{"line":20,"column":69}},"11":{"start":{"line":25,"column":7},"end":{"line":94,"column":null}},"12":{"start":{"line":26,"column":31},"end":{"line":26,"column":45}},"13":{"start":{"line":30,"column":4},"end":{"line":30,"column":49}},"14":{"start":{"line":35,"column":4},"end":{"line":35,"column":57}},"15":{"start":{"line":42,"column":4},"end":{"line":42,"column":39}},"16":{"start":{"line":52,"column":4},"end":{"line":52,"column":50}},"17":{"start":{"line":58,"column":4},"end":{"line":58,"column":53}},"18":{"start":{"line":64,"column":4},"end":{"line":64,"column":50}},"19":{"start":{"line":70,"column":4},"end":{"line":70,"column":58}},"20":{"start":{"line":80,"column":4},"end":{"line":80,"column":53}},"21":{"start":{"line":86,"column":4},"end":{"line":86,"column":61}},"22":{"start":{"line":92,"column":4},"end":{"line":92,"column":56}},"23":{"start":{"line":25,"column":13},"end":{"line":25,"column":28}},"24":{"start":{"line":29,"column":2},"end":{"line":31,"column":null}},"25":{"start":{"line":34,"column":2},"end":{"line":36,"column":null}},"26":{"start":{"line":41,"column":2},"end":{"line":43,"column":null}},"27":{"start":{"line":51,"column":2},"end":{"line":53,"column":null}},"28":{"start":{"line":57,"column":2},"end":{"line":59,"column":null}},"29":{"start":{"line":63,"column":2},"end":{"line":65,"column":null}},"30":{"start":{"line":69,"column":2},"end":{"line":71,"column":null}},"31":{"start":{"line":79,"column":2},"end":{"line":81,"column":null}},"32":{"start":{"line":85,"column":2},"end":{"line":87,"column":null}},"33":{"start":{"line":91,"column":2},"end":{"line":93,"column":null}},"34":{"start":{"line":25,"column":13},"end":{"line":94,"column":null}}},"fnMap":{"0":{"name":"(anonymous_4)","decl":{"start":{"line":26,"column":2},"end":{"line":26,"column":31}},"loc":{"start":{"line":26,"column":57},"end":{"line":26,"column":61}}},"1":{"name":"(anonymous_5)","decl":{"start":{"line":29,"column":2},"end":{"line":29,"column":12}},"loc":{"start":{"line":29,"column":42},"end":{"line":31,"column":3}}},"2":{"name":"(anonymous_6)","decl":{"start":{"line":34,"column":2},"end":{"line":34,"column":15}},"loc":{"start":{"line":34,"column":73},"end":{"line":36,"column":3}}},"3":{"name":"(anonymous_7)","decl":{"start":{"line":41,"column":2},"end":{"line":41,"column":9}},"loc":{"start":{"line":41,"column":9},"end":{"line":43,"column":3}}},"4":{"name":"(anonymous_8)","decl":{"start":{"line":51,"column":2},"end":{"line":51,"column":8}},"loc":{"start":{"line":51,"column":62},"end":{"line":53,"column":3}}},"5":{"name":"(anonymous_9)","decl":{"start":{"line":57,"column":2},"end":{"line":57,"column":11}},"loc":{"start":{"line":57,"column":68},"end":{"line":59,"column":3}}},"6":{"name":"(anonymous_10)","decl":{"start":{"line":63,"column":2},"end":{"line":63,"column":13}},"loc":{"start":{"line":63,"column":43},"end":{"line":65,"column":3}}},"7":{"name":"(anonymous_11)","decl":{"start":{"line":69,"column":2},"end":{"line":69,"column":16}},"loc":{"start":{"line":69,"column":78},"end":{"line":71,"column":3}}},"8":{"name":"(anonymous_12)","decl":{"start":{"line":79,"column":2},"end":{"line":79,"column":16}},"loc":{"start":{"line":79,"column":46},"end":{"line":81,"column":3}}},"9":{"name":"(anonymous_13)","decl":{"start":{"line":85,"column":2},"end":{"line":85,"column":19}},"loc":{"start":{"line":85,"column":84},"end":{"line":87,"column":3}}},"10":{"name":"(anonymous_14)","decl":{"start":{"line":91,"column":2},"end":{"line":91,"column":19}},"loc":{"start":{"line":91,"column":49},"end":{"line":93,"column":3}}}},"branchMap":{},"s":{"0":1,"1":1,"2":1,"3":1,"4":1,"5":1,"6":1,"7":1,"8":1,"9":1,"10":1,"11":1,"12":10,"13":1,"14":1,"15":1,"16":1,"17":1,"18":1,"19":1,"20":1,"21":1,"22":1,"23":1,"24":1,"25":1,"26":1,"27":1,"28":1,"29":1,"30":1,"31":1,"32":1,"33":1,"34":1},"f":{"0":10,"1":1,"2":1,"3":1,"4":1,"5":1,"6":1,"7":1,"8":1,"9":1,"10":1},"b":{}}
,"/Users/rickyfelix/GitHub/Arisan-Digital/backend/src/users/users.module.ts": {"path":"/Users/rickyfelix/GitHub/Arisan-Digital/backend/src/users/users.module.ts","statementMap":{"0":{"start":{"line":1,"column":0},"end":{"line":1,"column":40}},"1":{"start":{"line":2,"column":0},"end":{"line":2,"column":56}},"2":{"start":{"line":3,"column":0},"end":{"line":3,"column":58}},"3":{"start":{"line":4,"column":0},"end":{"line":4,"column":53}},"4":{"start":{"line":5,"column":0},"end":{"line":5,"column":47}},"5":{"start":{"line":6,"column":0},"end":{"line":6,"column":72}},"6":{"start":{"line":7,"column":0},"end":{"line":7,"column":66}},"7":{"start":{"line":14,"column":7},"end":{"line":14,"column":null}},"8":{"start":{"line":14,"column":13},"end":{"line":14,"column":24}},"9":{"start":{"line":14,"column":13},"end":{"line":14,"column":null}}},"fnMap":{},"branchMap":{},"s":{"0":0,"1":0,"2":0,"3":0,"4":0,"5":0,"6":0,"7":0,"8":0,"9":0},"f":{},"b":{}}
,"/Users/rickyfelix/GitHub/Arisan-Digital/backend/src/users/users.service.ts": {"path":"/Users/rickyfelix/GitHub/Arisan-Digital/backend/src/users/users.service.ts","statementMap":{"0":{"start":{"line":1,"column":0},"end":{"line":1,"column":86}},"1":{"start":{"line":2,"column":0},"end":{"line":2,"column":33}},"2":{"start":{"line":3,"column":0},"end":{"line":3,"column":63}},"3":{"start":{"line":10,"column":22},"end":{"line":10,"column":24}},"4":{"start":{"line":13,"column":7},"end":{"line":170,"column":null}},"5":{"start":{"line":14,"column":31},"end":{"line":14,"column":41}},"6":{"start":{"line":17,"column":28},"end":{"line":21,"column":15}},"7":{"start":{"line":23,"column":4},"end":{"line":23,"column":71}},"8":{"start":{"line":23,"column":15},"end":{"line":23,"column":71}},"9":{"start":{"line":24,"column":4},"end":{"line":24,"column":16}},"10":{"start":{"line":29,"column":28},"end":{"line":36,"column":15}},"11":{"start":{"line":38,"column":4},"end":{"line":38,"column":27}},"12":{"start":{"line":38,"column":15},"end":{"line":38,"column":27}},"13":{"start":{"line":39,"column":4},"end":{"line":39,"column":16}},"14":{"start":{"line":43,"column":28},"end":{"line":48,"column":15}},"15":{"start":{"line":50,"column":4},"end":{"line":50,"column":27}},"16":{"start":{"line":50,"column":15},"end":{"line":50,"column":27}},"17":{"start":{"line":51,"column":4},"end":{"line":51,"column":16}},"18":{"start":{"line":55,"column":28},"end":{"line":58,"column":48}},"19":{"start":{"line":60,"column":4},"end":{"line":60,"column":27}},"20":{"start":{"line":60,"column":15},"end":{"line":60,"column":27}},"21":{"start":{"line":61,"column":4},"end":{"line":61,"column":16}},"22":{"start":{"line":69,"column":21},"end":{"line":69,"column":62}},"23":{"start":{"line":71,"column":22},"end":{"line":74,"column":23}},"24":{"start":{"line":76,"column":4},"end":{"line":76,"column":27}},"25":{"start":{"line":76,"column":15},"end":{"line":76,"column":27}},"26":{"start":{"line":77,"column":4},"end":{"line":77,"column":29}},"27":{"start":{"line":81,"column":28},"end":{"line":85,"column":15}},"28":{"start":{"line":87,"column":4},"end":{"line":87,"column":71}},"29":{"start":{"line":87,"column":15},"end":{"line":87,"column":71}},"30":{"start":{"line":89,"column":4},"end":{"line":91,"column":5}},"31":{"start":{"line":90,"column":6},"end":{"line":90,"column":30}},"32":{"start":{"line":93,"column":18},"end":{"line":93,"column":62}},"33":{"start":{"line":94,"column":4},"end":{"line":94,"column":21}},"34":{"start":{"line":98,"column":28},"end":{"line":102,"column":15}},"35":{"start":{"line":104,"column":4},"end":{"line":104,"column":71}},"36":{"start":{"line":104,"column":15},"end":{"line":104,"column":71}},"37":{"start":{"line":106,"column":4},"end":{"line":109,"column":6}},"38":{"start":{"line":116,"column":22},"end":{"line":119,"column":23}},"39":{"start":{"line":121,"column":4},"end":{"line":121,"column":27}},"40":{"start":{"line":121,"column":15},"end":{"line":121,"column":27}},"41":{"start":{"line":123,"column":4},"end":{"line":123,"column":36}},"42":{"start":{"line":131,"column":28},"end":{"line":135,"column":20}},"43":{"start":{"line":137,"column":4},"end":{"line":137,"column":27}},"44":{"start":{"line":137,"column":15},"end":{"line":137,"column":27}},"45":{"start":{"line":138,"column":4},"end":{"line":138,"column":16}},"46":{"start":{"line":142,"column":28},"end":{"line":155,"column":15}},"47":{"start":{"line":157,"column":4},"end":{"line":157,"column":27}},"48":{"start":{"line":157,"column":15},"end":{"line":157,"column":27}},"49":{"start":{"line":158,"column":4},"end":{"line":158,"column":16}},"50":{"start":{"line":162,"column":22},"end":{"line":165,"column":28}},"51":{"start":{"line":167,"column":4},"end":{"line":167,"column":27}},"52":{"start":{"line":167,"column":15},"end":{"line":167,"column":27}},"53":{"start":{"line":168,"column":4},"end":{"line":168,"column":29}},"54":{"start":{"line":13,"column":13},"end":{"line":13,"column":25}},"55":{"start":{"line":13,"column":13},"end":{"line":170,"column":null}}},"fnMap":{"0":{"name":"(anonymous_2)","decl":{"start":{"line":14,"column":2},"end":{"line":14,"column":31}},"loc":{"start":{"line":14,"column":56},"end":{"line":14,"column":60}}},"1":{"name":"(anonymous_3)","decl":{"start":{"line":16,"column":2},"end":{"line":16,"column":7}},"loc":{"start":{"line":16,"column":33},"end":{"line":25,"column":3}}},"2":{"name":"(anonymous_4)","decl":{"start":{"line":28,"column":2},"end":{"line":28,"column":7}},"loc":{"start":{"line":28,"column":80},"end":{"line":40,"column":3}}},"3":{"name":"(anonymous_5)","decl":{"start":{"line":42,"column":2},"end":{"line":42,"column":7}},"loc":{"start":{"line":42,"column":56},"end":{"line":52,"column":3}}},"4":{"name":"(anonymous_6)","decl":{"start":{"line":54,"column":2},"end":{"line":54,"column":7}},"loc":{"start":{"line":54,"column":15},"end":{"line":62,"column":3}}},"5":{"name":"(anonymous_7)","decl":{"start":{"line":68,"column":2},"end":{"line":68,"column":7}},"loc":{"start":{"line":68,"column":45},"end":{"line":78,"column":3}}},"6":{"name":"(anonymous_8)","decl":{"start":{"line":80,"column":2},"end":{"line":80,"column":7}},"loc":{"start":{"line":80,"column":51},"end":{"line":95,"column":3}}},"7":{"name":"(anonymous_9)","decl":{"start":{"line":97,"column":2},"end":{"line":97,"column":7}},"loc":{"start":{"line":97,"column":34},"end":{"line":110,"column":3}}},"8":{"name":"(anonymous_10)","decl":{"start":{"line":112,"column":2},"end":{"line":112,"column":7}},"loc":{"start":{"line":114,"column":26},"end":{"line":124,"column":3}}},"9":{"name":"(anonymous_11)","decl":{"start":{"line":130,"column":2},"end":{"line":130,"column":7}},"loc":{"start":{"line":130,"column":37},"end":{"line":139,"column":3}}},"10":{"name":"(anonymous_12)","decl":{"start":{"line":141,"column":2},"end":{"line":141,"column":7}},"loc":{"start":{"line":141,"column":67},"end":{"line":159,"column":3}}},"11":{"name":"(anonymous_13)","decl":{"start":{"line":161,"column":2},"end":{"line":161,"column":7}},"loc":{"start":{"line":161,"column":40},"end":{"line":169,"column":3}}}},"branchMap":{"0":{"loc":{"start":{"line":23,"column":4},"end":{"line":23,"column":71}},"type":"if","locations":[{"start":{"line":23,"column":4},"end":{"line":23,"column":71}}]},"1":{"loc":{"start":{"line":38,"column":4},"end":{"line":38,"column":27}},"type":"if","locations":[{"start":{"line":38,"column":4},"end":{"line":38,"column":27}}]},"2":{"loc":{"start":{"line":50,"column":4},"end":{"line":50,"column":27}},"type":"if","locations":[{"start":{"line":50,"column":4},"end":{"line":50,"column":27}}]},"3":{"loc":{"start":{"line":60,"column":4},"end":{"line":60,"column":27}},"type":"if","locations":[{"start":{"line":60,"column":4},"end":{"line":60,"column":27}}]},"4":{"loc":{"start":{"line":76,"column":4},"end":{"line":76,"column":27}},"type":"if","locations":[{"start":{"line":76,"column":4},"end":{"line":76,"column":27}}]},"5":{"loc":{"start":{"line":87,"column":4},"end":{"line":87,"column":71}},"type":"if","locations":[{"start":{"line":87,"column":4},"end":{"line":87,"column":71}}]},"6":{"loc":{"start":{"line":89,"column":4},"end":{"line":91,"column":5}},"type":"if","locations":[{"start":{"line":89,"column":4},"end":{"line":91,"column":5}}]},"7":{"loc":{"start":{"line":104,"column":4},"end":{"line":104,"column":71}},"type":"if","locations":[{"start":{"line":104,"column":4},"end":{"line":104,"column":71}}]},"8":{"loc":{"start":{"line":108,"column":24},"end":{"line":108,"column":54}},"type":"binary-expr","locations":[{"start":{"line":108,"column":24},"end":{"line":108,"column":45}},{"start":{"line":108,"column":49},"end":{"line":108,"column":54}}]},"9":{"loc":{"start":{"line":121,"column":4},"end":{"line":121,"column":27}},"type":"if","locations":[{"start":{"line":121,"column":4},"end":{"line":121,"column":27}}]},"10":{"loc":{"start":{"line":137,"column":4},"end":{"line":137,"column":27}},"type":"if","locations":[{"start":{"line":137,"column":4},"end":{"line":137,"column":27}}]},"11":{"loc":{"start":{"line":157,"column":4},"end":{"line":157,"column":27}},"type":"if","locations":[{"start":{"line":157,"column":4},"end":{"line":157,"column":27}}]},"12":{"loc":{"start":{"line":167,"column":4},"end":{"line":167,"column":27}},"type":"if","locations":[{"start":{"line":167,"column":4},"end":{"line":167,"column":27}}]}},"s":{"0":2,"1":2,"2":2,"3":2,"4":2,"5":10,"6":2,"7":2,"8":1,"9":1,"10":0,"11":0,"12":0,"13":0,"14":0,"15":0,"16":0,"17":0,"18":0,"19":0,"20":0,"21":0,"22":1,"23":1,"24":1,"25":0,"26":1,"27":3,"28":3,"29":0,"30":3,"31":1,"32":2,"33":2,"34":2,"35":2,"36":0,"37":2,"38":0,"39":0,"40":0,"41":0,"42":0,"43":0,"44":0,"45":0,"46":1,"47":1,"48":0,"49":1,"50":1,"51":1,"52":0,"53":1,"54":2,"55":2},"f":{"0":10,"1":2,"2":0,"3":0,"4":0,"5":1,"6":3,"7":2,"8":0,"9":0,"10":1,"11":1},"b":{"0":[1],"1":[0],"2":[0],"3":[0],"4":[0],"5":[0],"6":[1],"7":[0],"8":[2,0],"9":[0],"10":[0],"11":[0],"12":[0]}}
,"/Users/rickyfelix/GitHub/Arisan-Digital/backend/src/users/dto/create-payment-method.dto.ts": {"path":"/Users/rickyfelix/GitHub/Arisan-Digital/backend/src/users/dto/create-payment-method.dto.ts","statementMap":{"0":{"start":{"line":1,"column":0},"end":{"line":1,"column":null}},"1":{"start":{"line":20,"column":0},"end":{"line":20,"column":null}},"2":{"start":{"line":21,"column":2},"end":{"line":21,"column":null}},"3":{"start":{"line":22,"column":2},"end":{"line":22,"column":null}},"4":{"start":{"line":23,"column":2},"end":{"line":23,"column":null}},"5":{"start":{"line":24,"column":2},"end":{"line":24,"column":null}},"6":{"start":{"line":25,"column":2},"end":{"line":25,"column":null}},"7":{"start":{"line":29,"column":43},"end":{"line":35,"column":2}},"8":{"start":{"line":37,"column":0},"end":{"line":37,"column":13}},"9":{"start":{"line":47,"column":2},"end":{"line":47,"column":null}},"10":{"start":{"line":53,"column":2},"end":{"line":53,"column":null}},"11":{"start":{"line":64,"column":2},"end":{"line":64,"column":null}},"12":{"start":{"line":73,"column":2},"end":{"line":73,"column":null}},"13":{"start":{"line":85,"column":2},"end":{"line":85,"column":null}},"14":{"start":{"line":80,"column":21},"end":{"line":80,"column":51}},"15":{"start":{"line":94,"column":2},"end":{"line":94,"column":null}},"16":{"start":{"line":103,"column":2},"end":{"line":103,"column":null}}},"fnMap":{"0":{"name":"(anonymous_2)","decl":{"start":{"line":20,"column":0},"end":{"line":20,"column":12}},"loc":{"start":{"line":20,"column":29},"end":{"line":26,"column":1}}},"1":{"name":"(anonymous_3)","decl":{"start":{"line":80,"column":14},"end":{"line":80,"column":15}},"loc":{"start":{"line":80,"column":21},"end":{"line":80,"column":51}}}},"branchMap":{"0":{"loc":{"start":{"line":20,"column":12},"end":{"line":20,"column":null}},"type":"binary-expr","locations":[{"start":{"line":20,"column":12},"end":{"line":20,"column":29}},{"start":{"line":20,"column":29},"end":{"line":20,"column":null}}]}},"s":{"0":2,"1":2,"2":2,"3":2,"4":2,"5":2,"6":2,"7":2,"8":2,"9":2,"10":2,"11":2,"12":2,"13":2,"14":0,"15":2,"16":2},"f":{"0":2,"1":0},"b":{"0":[2,2]}}
,"/Users/rickyfelix/GitHub/Arisan-Digital/backend/src/users/dto/set-pin.dto.ts": {"path":"/Users/rickyfelix/GitHub/Arisan-Digital/backend/src/users/dto/set-pin.dto.ts","statementMap":{"0":{"start":{"line":1,"column":0},"end":{"line":1,"column":52}},"1":{"start":{"line":3,"column":0},"end":{"line":3,"column":13}},"2":{"start":{"line":6,"column":2},"end":{"line":6,"column":null}}},"fnMap":{},"branchMap":{},"s":{"0":1,"1":1,"2":1},"f":{},"b":{}}
,"/Users/rickyfelix/GitHub/Arisan-Digital/backend/src/users/dto/update-payment-method.dto.ts": {"path":"/Users/rickyfelix/GitHub/Arisan-Digital/backend/src/users/dto/update-payment-method.dto.ts","statementMap":{"0":{"start":{"line":1,"column":0},"end":{"line":1,"column":null}},"1":{"start":{"line":17,"column":0},"end":{"line":17,"column":13}},"2":{"start":{"line":23,"column":2},"end":{"line":23,"column":null}},"3":{"start":{"line":33,"column":2},"end":{"line":33,"column":null}},"4":{"start":{"line":43,"column":2},"end":{"line":43,"column":null}},"5":{"start":{"line":54,"column":2},"end":{"line":54,"column":null}},"6":{"start":{"line":63,"column":2},"end":{"line":63,"column":null}},"7":{"start":{"line":71,"column":2},"end":{"line":71,"column":null}}},"fnMap":{},"branchMap":{},"s":{"0":1,"1":1,"2":1,"3":1,"4":1,"5":1,"6":1,"7":1},"f":{},"b":{}}
,"/Users/rickyfelix/GitHub/Arisan-Digital/backend/src/users/dto/update-security.dto.ts": {"path":"/Users/rickyfelix/GitHub/Arisan-Digital/backend/src/users/dto/update-security.dto.ts","statementMap":{"0":{"start":{"line":1,"column":0},"end":{"line":1,"column":44}},"1":{"start":{"line":3,"column":0},"end":{"line":3,"column":13}},"2":{"start":{"line":5,"column":2},"end":{"line":5,"column":null}}},"fnMap":{},"branchMap":{},"s":{"0":1,"1":1,"2":1},"f":{},"b":{}}
,"/Users/rickyfelix/GitHub/Arisan-Digital/backend/src/users/dto/update-user.dto.ts": {"path":"/Users/rickyfelix/GitHub/Arisan-Digital/backend/src/users/dto/update-user.dto.ts","statementMap":{"0":{"start":{"line":1,"column":0},"end":{"line":1,"column":null}},"1":{"start":{"line":10,"column":0},"end":{"line":10,"column":13}},"2":{"start":{"line":15,"column":2},"end":{"line":15,"column":null}},"3":{"start":{"line":20,"column":2},"end":{"line":20,"column":null}},"4":{"start":{"line":24,"column":2},"end":{"line":24,"column":null}},"5":{"start":{"line":28,"column":2},"end":{"line":28,"column":null}},"6":{"start":{"line":32,"column":2},"end":{"line":32,"column":null}}},"fnMap":{},"branchMap":{},"s":{"0":1,"1":1,"2":1,"3":1,"4":1,"5":1,"6":1},"f":{},"b":{}}
,"/Users/rickyfelix/GitHub/Arisan-Digital/backend/src/users/dto/upsert-bank-account.dto.ts": {"path":"/Users/rickyfelix/GitHub/Arisan-Digital/backend/src/users/dto/upsert-bank-account.dto.ts","statementMap":{"0":{"start":{"line":1,"column":0},"end":{"line":1,"column":65}},"1":{"start":{"line":3,"column":0},"end":{"line":3,"column":13}},"2":{"start":{"line":7,"column":2},"end":{"line":7,"column":null}},"3":{"start":{"line":12,"column":2},"end":{"line":12,"column":null}},"4":{"start":{"line":17,"column":2},"end":{"line":17,"column":null}}},"fnMap":{},"branchMap":{},"s":{"0":1,"1":1,"2":1,"3":1,"4":1},"f":{},"b":{}}
,"/Users/rickyfelix/GitHub/Arisan-Digital/backend/src/users/dto/verify-pin.dto.ts": {"path":"/Users/rickyfelix/GitHub/Arisan-Digital/backend/src/users/dto/verify-pin.dto.ts","statementMap":{"0":{"start":{"line":1,"column":0},"end":{"line":1,"column":52}},"1":{"start":{"line":3,"column":0},"end":{"line":3,"column":13}},"2":{"start":{"line":6,"column":2},"end":{"line":6,"column":null}}},"fnMap":{},"branchMap":{},"s":{"0":1,"1":1,"2":1},"f":{},"b":{}}
}
