TN:
SF:src/app.controller.ts
FN:6,(anonymous_2)
FN:9,(anonymous_3)
FNF:2
FNH:2
FNDA:1,(anonymous_2)
FNDA:1,(anonymous_3)
DA:1,1
DA:2,1
DA:5,1
DA:6,1
DA:9,1
DA:10,1
LF:6
LH:6
BRF:0
BRH:0
end_of_record
TN:
SF:src/app.module.ts
FNF:0
FNH:0
DA:1,0
DA:2,0
DA:3,0
DA:4,0
DA:5,0
DA:7,0
DA:10,0
DA:13,0
DA:14,0
DA:15,0
DA:16,0
DA:17,0
DA:18,0
DA:21,0
DA:22,0
DA:23,0
DA:24,0
DA:25,0
DA:26,0
DA:29,0
DA:30,0
DA:31,0
DA:32,0
DA:33,0
DA:36,0
DA:37,0
DA:40,0
DA:78,0
LF:28
LH:0
BRF:0
BRH:0
end_of_record
TN:
SF:src/app.service.ts
FN:5,(anonymous_1)
FNF:1
FNH:1
FNDA:1,(anonymous_1)
DA:1,1
DA:4,1
DA:6,1
LF:3
LH:3
BRF:0
BRH:0
end_of_record
TN:
SF:src/main.ts
FN:5,bootstrap
FNF:1
FNH:0
FNDA:0,bootstrap
DA:1,0
DA:2,0
DA:3,0
DA:6,0
DA:8,0
DA:13,0
DA:14,0
DA:16,0
DA:17,0
DA:18,0
DA:20,0
LF:11
LH:0
BRDA:9,0,0,0
BRDA:9,0,1,0
BRDA:16,1,0,0
BRDA:16,1,1,0
BRF:4
BRH:0
end_of_record
TN:
SF:src/bill-comments/bill-comments.controller.ts
FN:21,(anonymous_4)
FN:24,(anonymous_5)
FN:29,(anonymous_6)
FN:34,(anonymous_7)
FN:43,(anonymous_8)
FNF:5
FNH:0
FNDA:0,(anonymous_4)
FNDA:0,(anonymous_5)
FNDA:0,(anonymous_6)
FNDA:0,(anonymous_7)
FNDA:0,(anonymous_8)
DA:1,0
DA:11,0
DA:12,0
DA:13,0
DA:14,0
DA:15,0
DA:20,0
DA:21,0
DA:24,0
DA:25,0
DA:29,0
DA:30,0
DA:34,0
DA:39,0
DA:43,0
DA:44,0
LF:16
LH:0
BRF:0
BRH:0
end_of_record
TN:
SF:src/bill-comments/bill-comments.module.ts
FNF:0
FNH:0
DA:1,0
DA:2,0
DA:3,0
DA:4,0
DA:11,0
LF:5
LH:0
BRF:0
BRH:0
end_of_record
TN:
SF:src/bill-comments/bill-comments.service.ts
FN:13,(anonymous_2)
FN:19,(anonymous_3)
FN:39,(anonymous_4)
FN:77,(anonymous_5)
FN:103,(anonymous_6)
FN:129,(anonymous_7)
FN:151,(anonymous_8)
FN:162,(anonymous_9)
FNF:8
FNH:8
FNDA:15,(anonymous_2)
FNDA:2,(anonymous_3)
FNDA:6,(anonymous_4)
FNDA:4,(anonymous_5)
FNDA:3,(anonymous_6)
FNDA:8,(anonymous_7)
FNDA:7,(anonymous_8)
FNDA:2,(anonymous_9)
DA:1,1
DA:7,1
DA:12,1
DA:13,15
DA:20,2
DA:22,2
DA:29,2
DA:32,2
DA:40,6
DA:42,4
DA:44,2
DA:50,2
DA:51,1
DA:53,1
DA:54,1
DA:58,2
DA:69,2
DA:70,2
DA:78,4
DA:80,3
DA:81,1
DA:84,2
DA:85,1
DA:88,1
DA:95,1
DA:96,1
DA:104,3
DA:106,3
DA:107,1
DA:110,2
DA:111,1
DA:114,1
DA:121,1
DA:122,1
DA:130,8
DA:136,8
DA:137,7
DA:139,2
DA:146,2
DA:147,1
DA:152,7
DA:158,7
DA:159,6
DA:165,2
DA:166,2
DA:168,2
DA:169,3
DA:172,2
DA:173,3
DA:174,3
DA:175,2
DA:176,2
DA:177,1
DA:180,1
DA:183,1
DA:187,2
LF:56
LH:56
BRDA:29,0,0,0
BRDA:32,1,0,2
BRDA:32,1,1,0
BRDA:42,2,0,2
BRDA:50,3,0,1
BRDA:50,4,0,2
BRDA:50,4,1,1
BRDA:53,5,0,1
BRDA:64,6,0,2
BRDA:64,6,1,2
BRDA:69,7,0,0
BRDA:80,8,0,1
BRDA:84,9,0,1
BRDA:95,10,0,0
BRDA:106,11,0,1
BRDA:110,12,0,1
BRDA:121,13,0,0
BRDA:136,14,0,1
BRDA:137,15,0,5
BRDA:146,16,0,1
BRDA:158,17,0,1
BRDA:174,18,0,2
BRDA:174,18,1,1
BRDA:176,19,0,1
BRDA:176,19,1,1
BRF:25
BRH:20
end_of_record
TN:
SF:src/bill-comments/dto/create-comment.dto.ts
FNF:0
FNH:0
DA:1,0
DA:3,0
DA:5,0
DA:9,0
DA:14,0
LF:5
LH:0
BRF:0
BRH:0
end_of_record
TN:
SF:src/bill-comments/dto/update-comment.dto.ts
FNF:0
FNH:0
DA:1,0
DA:3,0
DA:6,0
LF:3
LH:0
BRF:0
BRH:0
end_of_record
TN:
SF:src/bill-participants/bill-participants.controller.ts
FN:18,(anonymous_4)
FN:21,(anonymous_5)
FN:30,(anonymous_6)
FNF:3
FNH:0
FNDA:0,(anonymous_4)
FNDA:0,(anonymous_5)
FNDA:0,(anonymous_6)
DA:1,0
DA:9,0
DA:10,0
DA:11,0
DA:12,0
DA:17,0
DA:18,0
DA:21,0
DA:26,0
DA:30,0
DA:35,0
LF:11
LH:0
BRF:0
BRH:0
end_of_record
TN:
SF:src/bill-participants/bill-participants.module.ts
FNF:0
FNH:0
DA:1,0
DA:2,0
DA:3,0
DA:4,0
DA:11,0
LF:5
LH:0
BRF:0
BRH:0
end_of_record
TN:
SF:src/bill-participants/bill-participants.service.ts
FN:15,(anonymous_2)
FN:17,(anonymous_3)
FN:50,(anonymous_4)
FN:70,(anonymous_5)
FN:84,(anonymous_6)
FN:98,(anonymous_7)
FN:118,(anonymous_8)
FN:128,(anonymous_9)
FN:131,(anonymous_10)
FNF:9
FNH:9
FNDA:7,(anonymous_2)
FNDA:4,(anonymous_3)
FNDA:3,(anonymous_4)
FNDA:2,(anonymous_5)
FNDA:7,(anonymous_6)
FNDA:2,(anonymous_7)
FNDA:2,(anonymous_8)
FNDA:2,(anonymous_9)
FNDA:2,(anonymous_10)
DA:1,1
DA:7,1
DA:8,1
DA:14,1
DA:15,7
DA:18,4
DA:21,2
DA:28,2
DA:29,1
DA:34,1
DA:43,1
DA:45,1
DA:47,1
DA:51,3
DA:53,2
DA:54,1
DA:57,1
DA:63,1
DA:65,1
DA:67,1
DA:71,2
DA:76,2
DA:77,2
DA:85,7
DA:91,7
DA:92,6
DA:93,2
DA:95,4
DA:104,2
DA:109,2
DA:111,2
DA:117,2
DA:118,2
DA:124,2
DA:125,2
DA:127,2
DA:128,2
DA:131,2
DA:139,2
DA:143,2
LF:40
LH:40
BRDA:28,0,0,1
BRDA:39,1,0,1
BRDA:39,1,1,0
BRDA:40,2,0,1
BRDA:40,2,1,1
BRDA:43,3,0,0
BRDA:53,4,0,1
BRDA:63,5,0,0
BRDA:76,6,0,0
BRDA:91,7,0,1
BRDA:92,8,0,2
BRDA:109,9,0,0
BRDA:109,10,0,2
BRDA:109,10,1,2
BRDA:121,11,0,2
BRDA:121,11,1,2
BRDA:133,12,0,2
BRDA:133,12,1,0
BRDA:143,13,0,0
BRF:19
BRH:12
end_of_record
TN:
SF:src/bill-participants/dto/add-participant.dto.ts
FNF:0
FNH:0
DA:1,0
DA:10,0
DA:12,0
DA:17,0
DA:23,0
DA:28,0
LF:6
LH:0
BRF:0
BRH:0
end_of_record
TN:
SF:src/bill-settlements/bill-settlements.controller.ts
FN:20,(anonymous_4)
FN:23,(anonymous_5)
FN:28,(anonymous_6)
FN:33,(anonymous_7)
FN:42,(anonymous_8)
FN:47,(anonymous_9)
FNF:6
FNH:0
FNDA:0,(anonymous_4)
FNDA:0,(anonymous_5)
FNDA:0,(anonymous_6)
FNDA:0,(anonymous_7)
FNDA:0,(anonymous_8)
FNDA:0,(anonymous_9)
DA:1,0
DA:10,0
DA:11,0
DA:12,0
DA:13,0
DA:14,0
DA:19,0
DA:20,0
DA:23,0
DA:24,0
DA:28,0
DA:29,0
DA:33,0
DA:38,0
DA:42,0
DA:43,0
DA:47,0
DA:48,0
LF:18
LH:0
BRF:0
BRH:0
end_of_record
TN:
SF:src/bill-settlements/bill-settlements.module.ts
FNF:0
FNH:0
DA:1,0
DA:2,0
DA:3,0
DA:4,0
DA:5,0
DA:13,0
LF:6
LH:0
BRF:0
BRH:0
end_of_record
TN:
SF:src/bill-settlements/bill-settlements.service.ts
FN:14,(anonymous_2)
FN:23,(anonymous_3)
FN:79,(anonymous_4)
FN:119,(anonymous_5)
FN:159,(anonymous_6)
FN:173,(anonymous_7)
FN:188,(anonymous_8)
FN:199,(anonymous_9)
FN:226,(anonymous_10)
FN:243,(anonymous_11)
FN:253,(anonymous_12)
FN:256,(anonymous_13)
FNF:12
FNH:9
FNDA:13,(anonymous_2)
FNDA:6,(anonymous_3)
FNDA:4,(anonymous_4)
FNDA:3,(anonymous_5)
FNDA:0,(anonymous_6)
FNDA:0,(anonymous_7)
FNDA:7,(anonymous_8)
FNDA:0,(anonymous_9)
FNDA:1,(anonymous_10)
FNDA:1,(anonymous_11)
FNDA:1,(anonymous_12)
FNDA:1,(anonymous_13)
DA:1,1
DA:7,1
DA:8,1
DA:13,1
DA:15,13
DA:16,13
DA:25,6
DA:32,6
DA:33,1
DA:37,5
DA:43,5
DA:45,4
DA:46,1
DA:49,3
DA:50,1
DA:53,2
DA:54,1
DA:57,1
DA:71,1
DA:72,1
DA:80,4
DA:82,3
DA:83,1
DA:86,2
DA:87,1
DA:90,1
DA:91,1
DA:98,1
DA:101,1
DA:104,1
DA:112,1
DA:120,3
DA:122,3
DA:123,1
DA:126,2
DA:127,1
DA:132,1
DA:134,1
DA:141,1
DA:144,1
DA:152,1
DA:161,0
DA:163,0
DA:169,0
DA:170,0
DA:174,0
DA:180,0
DA:181,0
DA:189,7
DA:195,7
DA:196,6
DA:200,0
DA:206,0
DA:208,0
DA:210,0
DA:217,0
DA:218,0
DA:227,1
DA:233,1
DA:235,1
DA:241,1
DA:243,1
DA:246,1
DA:252,1
DA:253,1
DA:256,1
DA:258,1
DA:259,1
LF:68
LH:55
BRDA:32,0,0,1
BRDA:43,1,0,1
BRDA:45,2,0,1
BRDA:49,3,0,1
BRDA:53,4,0,1
BRDA:64,5,0,1
BRDA:64,5,1,1
BRDA:65,6,0,1
BRDA:65,6,1,1
BRDA:71,7,0,0
BRDA:82,8,0,1
BRDA:86,9,0,1
BRDA:98,10,0,0
BRDA:122,11,0,1
BRDA:126,12,0,1
BRDA:141,13,0,0
BRDA:169,14,0,0
BRDA:180,15,0,0
BRDA:195,16,0,1
BRDA:206,17,0,0
BRDA:208,18,0,0
BRDA:217,19,0,0
BRDA:233,20,0,0
BRDA:233,21,0,1
BRDA:233,21,1,1
BRDA:241,22,0,0
BRDA:241,23,0,1
BRDA:241,23,1,1
BRDA:253,24,0,1
BRDA:253,24,1,0
BRDA:258,25,0,1
BRF:31
BRH:20
end_of_record
TN:
SF:src/bill-settlements/dto/create-settlement.dto.ts
FNF:0
FNH:0
DA:1,0
DA:10,0
DA:12,0
DA:15,0
DA:20,0
DA:24,0
DA:28,0
LF:7
LH:0
BRF:0
BRH:0
end_of_record
TN:
SF:src/bill-settlements/dto/reject-settlement.dto.ts
FNF:0
FNH:0
DA:1,0
DA:3,0
DA:6,0
LF:3
LH:0
BRF:0
BRH:0
end_of_record
TN:
SF:src/billing/billing.module.ts
FNF:0
FNH:0
DA:1,0
DA:2,0
DA:3,0
DA:4,0
DA:5,0
DA:6,0
DA:29,0
LF:7
LH:0
BRF:0
BRH:0
end_of_record
TN:
SF:src/billing/billing.service.ts
FN:19,(anonymous_2)
FN:36,(anonymous_3)
FN:114,(anonymous_4)
FNF:3
FNH:0
FNDA:0,(anonymous_2)
FNDA:0,(anonymous_3)
FNDA:0,(anonymous_4)
DA:1,0
DA:2,0
DA:3,0
DA:4,0
DA:16,0
DA:17,0
DA:20,0
DA:21,0
DA:22,0
DA:38,0
DA:45,0
DA:46,0
DA:49,0
DA:53,0
DA:55,0
DA:61,0
DA:64,0
DA:65,0
DA:66,0
DA:70,0
DA:71,0
DA:75,0
DA:80,0
DA:87,0
DA:88,0
DA:89,0
DA:93,0
DA:94,0
DA:98,0
DA:103,0
DA:118,0
DA:120,0
DA:126,0
DA:127,0
DA:128,0
DA:131,0
LF:36
LH:0
BRDA:42,0,0,0
BRDA:42,0,1,0
BRDA:45,1,0,0
BRDA:53,2,0,0
BRDA:61,3,0,0
BRDA:64,4,0,0
BRDA:70,5,0,0
BRDA:87,6,0,0
BRDA:93,7,0,0
BRDA:118,8,0,0
BRDA:118,8,1,0
BRDA:126,9,0,0
BRDA:131,10,0,0
BRDA:131,10,1,0
BRF:14
BRH:0
end_of_record
TN:
SF:src/billing/midtrans-webhook.controller.ts
FN:26,mapMidtransStatus
FN:47,(anonymous_5)
FN:72,(anonymous_6)
FNF:3
FNH:0
FNDA:0,mapMidtransStatus
FNDA:0,(anonymous_5)
FNDA:0,(anonymous_6)
DA:1,0
DA:9,0
DA:10,0
DA:11,0
DA:27,0
DA:30,0
DA:32,0
DA:36,0
DA:39,0
DA:44,0
DA:45,0
DA:48,0
DA:49,0
DA:72,0
DA:76,0
DA:77,0
DA:78,0
DA:79,0
DA:80,0
DA:82,0
DA:86,0
DA:87,0
DA:91,0
DA:92,0
DA:93,0
DA:94,0
DA:96,0
DA:97,0
DA:98,0
DA:101,0
DA:110,0
DA:113,0
LF:32
LH:0
BRDA:27,0,0,0
BRDA:27,0,1,0
BRDA:27,0,2,0
BRDA:27,0,3,0
BRDA:27,0,4,0
BRDA:27,0,5,0
BRDA:27,0,6,0
BRDA:27,0,7,0
BRDA:76,1,0,0
BRDA:76,1,1,0
BRDA:77,2,0,0
BRDA:77,2,1,0
BRDA:78,3,0,0
BRDA:78,3,1,0
BRDA:79,4,0,0
BRDA:79,4,1,0
BRDA:80,5,0,0
BRDA:80,5,1,0
BRDA:86,6,0,0
BRDA:92,7,0,0
BRDA:92,7,1,0
BRDA:93,8,0,0
BRDA:93,8,1,0
BRDA:96,9,0,0
BRDA:106,10,0,0
BRDA:106,10,1,0
BRF:26
BRH:0
end_of_record
TN:
SF:src/billing/xendit-webhook.controller.ts
FN:20,mapXenditStatus
FN:40,(anonymous_5)
FN:71,(anonymous_6)
FNF:3
FNH:0
FNDA:0,mapXenditStatus
FNDA:0,(anonymous_5)
FNDA:0,(anonymous_6)
DA:1,0
DA:10,0
DA:11,0
DA:21,0
DA:24,0
DA:26,0
DA:28,0
DA:30,0
DA:32,0
DA:37,0
DA:38,0
DA:41,0
DA:42,0
DA:71,0
DA:76,0
DA:77,0
DA:78,0
DA:82,0
DA:83,0
DA:84,0
DA:89,0
DA:91,0
DA:93,0
DA:95,0
DA:96,0
DA:97,0
DA:100,0
DA:101,0
DA:102,0
DA:105,0
DA:108,0
DA:117,0
DA:120,0
LF:33
LH:0
BRDA:21,0,0,0
BRDA:21,0,1,0
BRDA:21,0,2,0
BRDA:21,0,3,0
BRDA:21,0,4,0
BRDA:21,0,5,0
BRDA:77,1,0,0
BRDA:77,2,0,0
BRDA:77,2,1,0
BRDA:83,3,0,0
BRDA:83,3,1,0
BRDA:84,4,0,0
BRDA:84,4,1,0
BRDA:89,5,0,0
BRDA:89,5,1,0
BRDA:91,6,0,0
BRDA:91,6,1,0
BRDA:91,6,2,0
BRDA:93,7,0,0
BRDA:93,7,1,0
BRDA:93,7,2,0
BRDA:95,8,0,0
BRDA:101,9,0,0
BRDA:113,10,0,0
BRDA:113,10,1,0
BRF:25
BRH:0
end_of_record
TN:
SF:src/bills/bills.controller.ts
FN:22,(anonymous_4)
FN:26,(anonymous_5)
FN:31,(anonymous_6)
FN:36,(anonymous_7)
FN:41,(anonymous_8)
FN:50,(anonymous_9)
FN:55,(anonymous_10)
FNF:7
FNH:0
FNDA:0,(anonymous_4)
FNDA:0,(anonymous_5)
FNDA:0,(anonymous_6)
FNDA:0,(anonymous_7)
FNDA:0,(anonymous_8)
FNDA:0,(anonymous_9)
FNDA:0,(anonymous_10)
DA:1,0
DA:11,0
DA:12,0
DA:13,0
DA:14,0
DA:15,0
DA:16,0
DA:21,0
DA:22,0
DA:26,0
DA:27,0
DA:31,0
DA:32,0
DA:36,0
DA:37,0
DA:41,0
DA:46,0
DA:50,0
DA:51,0
DA:55,0
DA:56,0
LF:21
LH:0
BRF:0
BRH:0
end_of_record
TN:
SF:src/bills/bills.module.ts
FN:12,(anonymous_1)
FNF:1
FNH:0
FNDA:0,(anonymous_1)
DA:1,0
DA:2,0
DA:3,0
DA:4,0
DA:5,0
DA:6,0
DA:12,0
DA:18,0
LF:8
LH:0
BRF:0
BRH:0
end_of_record
TN:
SF:src/bills/bills.service.ts
FN:17,(anonymous_2)
FN:26,(anonymous_3)
FN:49,(anonymous_4)
FN:74,(anonymous_5)
FN:76,(anonymous_6)
FN:92,(anonymous_7)
FN:105,(anonymous_8)
FN:115,(anonymous_9)
FN:133,(anonymous_10)
FN:134,(anonymous_11)
FN:134,(anonymous_12)
FN:154,(anonymous_13)
FN:198,(anonymous_14)
FN:244,(anonymous_15)
FN:268,(anonymous_16)
FN:300,(anonymous_17)
FN:330,(anonymous_18)
FN:355,(anonymous_19)
FN:385,(anonymous_20)
FN:389,(anonymous_21)
FN:396,(anonymous_22)
FN:409,(anonymous_23)
FN:412,(anonymous_24)
FNF:23
FNH:14
FNDA:10,(anonymous_2)
FNDA:1,(anonymous_3)
FNDA:2,(anonymous_4)
FNDA:2,(anonymous_5)
FNDA:1,(anonymous_6)
FNDA:10,(anonymous_7)
FNDA:5,(anonymous_8)
FNDA:0,(anonymous_9)
FNDA:0,(anonymous_10)
FNDA:0,(anonymous_11)
FNDA:0,(anonymous_12)
FNDA:0,(anonymous_13)
FNDA:0,(anonymous_14)
FNDA:0,(anonymous_15)
FNDA:2,(anonymous_16)
FNDA:3,(anonymous_17)
FNDA:0,(anonymous_18)
FNDA:0,(anonymous_19)
FNDA:1,(anonymous_20)
FNDA:1,(anonymous_21)
FNDA:1,(anonymous_22)
FNDA:2,(anonymous_23)
FNDA:2,(anonymous_24)
DA:1,2
DA:7,2
DA:8,2
DA:9,2
DA:16,2
DA:18,10
DA:19,10
DA:28,1
DA:43,1
DA:46,1
DA:49,2
DA:56,1
DA:61,1
DA:64,1
DA:74,2
DA:75,1
DA:76,1
DA:85,1
DA:93,10
DA:99,10
DA:103,9
DA:105,5
DA:108,9
DA:109,3
DA:112,6
DA:117,0
DA:122,0
DA:125,0
DA:130,0
DA:132,0
DA:133,0
DA:134,0
DA:136,0
DA:137,0
DA:138,0
DA:143,0
DA:144,0
DA:147,0
DA:155,0
DA:157,0
DA:158,0
DA:162,0
DA:167,0
DA:168,0
DA:169,0
DA:170,0
DA:171,0
DA:172,0
DA:173,0
DA:175,0
DA:176,0
DA:181,0
DA:184,0
DA:185,0
DA:186,0
DA:187,0
DA:192,0
DA:193,0
DA:198,0
DA:205,0
DA:210,0
DA:213,0
DA:218,0
DA:228,0
DA:233,0
DA:239,0
DA:244,0
DA:250,0
DA:261,0
DA:269,2
DA:271,1
DA:272,0
DA:276,1
DA:281,1
DA:282,1
DA:287,0
DA:292,0
DA:293,0
DA:301,3
DA:303,2
DA:304,0
DA:307,2
DA:308,1
DA:311,1
DA:318,1
DA:319,1
DA:335,0
DA:337,0
DA:353,0
DA:355,0
DA:362,0
DA:367,0
DA:369,0
DA:378,0
DA:389,1
DA:390,1
DA:391,1
DA:393,0
DA:404,1
DA:405,1
DA:408,1
DA:409,2
DA:412,2
DA:420,1
DA:424,1
LF:105
LH:47
BRDA:32,0,0,1
BRDA:32,0,1,1
BRDA:33,1,0,1
BRDA:33,1,1,1
BRDA:36,2,0,1
BRDA:36,2,1,1
BRDA:37,3,0,1
BRDA:37,3,1,1
BRDA:43,4,0,0
BRDA:52,5,0,2
BRDA:52,5,1,1
BRDA:53,6,0,2
BRDA:53,6,1,2
BRDA:61,7,0,0
BRDA:99,8,0,1
BRDA:99,9,0,10
BRDA:99,9,1,9
BRDA:103,10,0,9
BRDA:103,10,1,4
BRDA:108,11,0,3
BRDA:122,12,0,0
BRDA:130,13,0,0
BRDA:132,14,0,0
BRDA:132,14,1,0
BRDA:134,15,0,0
BRDA:134,15,1,0
BRDA:137,16,0,0
BRDA:143,17,0,0
BRDA:144,18,0,0
BRDA:144,18,1,0
BRDA:147,19,0,0
BRDA:147,19,1,0
BRDA:157,20,0,0
BRDA:162,21,0,0
BRDA:162,21,1,0
BRDA:162,21,2,0
BRDA:168,22,0,0
BRDA:169,23,0,0
BRDA:170,24,0,0
BRDA:171,25,0,0
BRDA:172,26,0,0
BRDA:173,27,0,0
BRDA:175,28,0,0
BRDA:181,29,0,0
BRDA:184,30,0,0
BRDA:185,31,0,0
BRDA:185,31,1,0
BRDA:186,32,0,0
BRDA:186,32,1,0
BRDA:187,33,0,0
BRDA:187,33,1,0
BRDA:192,34,0,0
BRDA:192,34,1,0
BRDA:201,35,0,0
BRDA:201,35,1,0
BRDA:202,36,0,0
BRDA:202,36,1,0
BRDA:210,37,0,0
BRDA:247,38,0,0
BRDA:247,38,1,0
BRDA:271,39,0,0
BRDA:281,40,0,1
BRDA:281,41,0,1
BRDA:281,41,1,0
BRDA:292,42,0,0
BRDA:303,43,0,0
BRDA:307,44,0,1
BRDA:318,45,0,0
BRDA:341,46,0,0
BRDA:341,46,1,0
BRDA:342,47,0,0
BRDA:342,47,1,0
BRDA:345,48,0,0
BRDA:345,48,1,0
BRDA:346,49,0,0
BRDA:346,49,1,0
BRDA:353,50,0,0
BRDA:358,51,0,0
BRDA:358,51,1,0
BRDA:359,52,0,0
BRDA:359,52,1,0
BRDA:367,53,0,0
BRDA:390,54,0,1
BRDA:414,55,0,2
BRDA:414,55,1,0
BRDA:424,56,0,0
BRF:86
BRH:23
end_of_record
TN:
SF:src/bills/dto/bill-participant-input.dto.ts
FNF:0
FNH:0
DA:1,0
DA:10,0
DA:12,0
DA:18,0
DA:25,0
DA:31,0
LF:6
LH:0
BRF:0
BRH:0
end_of_record
TN:
SF:src/bills/dto/create-bill.dto.ts
FN:55,(anonymous_2)
FNF:1
FNH:0
FNDA:0,(anonymous_2)
DA:1,0
DA:13,0
DA:15,0
DA:17,0
DA:22,0
DA:24,0
DA:26,0
DA:30,0
DA:34,0
DA:39,0
DA:42,0
DA:46,0
DA:50,0
DA:55,0
DA:56,0
LF:15
LH:0
BRF:0
BRH:0
end_of_record
TN:
SF:src/bills/dto/update-bill.dto.ts
FN:60,(anonymous_2)
FNF:1
FNH:0
FNDA:0,(anonymous_2)
DA:1,0
DA:12,0
DA:14,0
DA:16,0
DA:21,0
DA:27,0
DA:30,0
DA:34,0
DA:38,0
DA:42,0
DA:48,0
DA:53,0
DA:60,0
DA:61,0
LF:14
LH:0
BRF:0
BRH:0
end_of_record
TN:
SF:src/bills/strategies/equal.strategy.ts
FN:9,(anonymous_0)
FN:18,(anonymous_1)
FNF:2
FNH:2
FNDA:6,(anonymous_0)
FNDA:13,(anonymous_1)
DA:8,4
DA:14,6
DA:15,6
DA:16,6
DA:18,13
LF:5
LH:5
BRDA:20,0,0,1
BRDA:20,0,1,12
BRF:2
BRH:2
end_of_record
TN:
SF:src/bills/strategies/exact.strategy.ts
FN:9,(anonymous_0)
FN:14,(anonymous_1)
FN:29,(anonymous_2)
FNF:3
FNH:3
FNDA:3,(anonymous_0)
FNDA:6,(anonymous_1)
FNDA:2,(anonymous_2)
DA:1,4
DA:8,4
DA:14,3
DA:15,6
DA:16,1
DA:20,5
DA:23,2
DA:24,1
DA:29,2
LF:9
LH:9
BRDA:15,0,0,1
BRDA:23,1,0,1
BRF:2
BRH:2
end_of_record
TN:
SF:src/bills/strategies/percentage.strategy.ts
FN:11,(anonymous_0)
FN:16,(anonymous_1)
FN:32,(anonymous_2)
FN:39,(anonymous_3)
FNF:4
FNH:4
FNDA:4,(anonymous_0)
FNDA:10,(anonymous_1)
FNDA:6,(anonymous_2)
FNDA:6,(anonymous_3)
DA:1,4
DA:10,4
DA:16,4
DA:17,10
DA:18,1
DA:22,9
DA:26,3
DA:27,1
DA:32,6
DA:39,6
DA:40,2
DA:41,2
DA:42,1
DA:45,2
LF:14
LH:14
BRDA:17,0,0,1
BRDA:26,1,0,1
BRDA:41,2,0,1
BRF:3
BRH:3
end_of_record
TN:
SF:src/bills/strategies/shares.strategy.ts
FN:8,(anonymous_0)
FN:13,(anonymous_1)
FN:14,(anonymous_2)
FN:17,(anonymous_3)
FN:29,(anonymous_4)
FNF:5
FNH:5
FNDA:3,(anonymous_0)
FNDA:7,(anonymous_1)
FNDA:7,(anonymous_2)
FNDA:7,(anonymous_3)
FNDA:7,(anonymous_4)
DA:7,4
DA:13,7
DA:14,7
DA:16,3
DA:17,3
DA:18,7
DA:19,7
DA:20,7
DA:24,3
DA:25,3
DA:26,1
DA:29,7
LF:12
LH:12
BRDA:13,0,0,7
BRDA:13,0,1,2
BRF:2
BRH:2
end_of_record
TN:
SF:src/bills/strategies/split-strategy.factory.ts
FN:16,getStrategy
FNF:1
FNH:1
FNDA:8,getStrategy
DA:1,4
DA:3,4
DA:4,4
DA:5,4
DA:6,4
DA:9,4
DA:16,4
DA:17,8
DA:18,8
DA:19,1
DA:21,7
LF:11
LH:11
BRDA:18,0,0,1
BRF:1
BRH:1
end_of_record
TN:
SF:src/common/decorators/current-user.decorator.ts
FN:5,(anonymous_0)
FNF:1
FNH:0
FNDA:0,(anonymous_0)
DA:1,0
DA:4,0
DA:6,0
DA:7,0
DA:8,0
LF:5
LH:0
BRDA:8,0,0,0
BRDA:8,0,1,0
BRF:2
BRH:0
end_of_record
TN:
SF:src/common/decorators/roles.decorator.ts
FN:5,(anonymous_0)
FNF:1
FNH:0
FNDA:0,(anonymous_0)
DA:1,1
DA:4,1
DA:5,1
LF:3
LH:3
BRF:0
BRH:0
end_of_record
TN:
SF:src/common/guards/auth.guard.ts
FN:12,(anonymous_2)
FN:14,(anonymous_3)
FNF:2
FNH:2
FNDA:5,(anonymous_2)
FNDA:5,(anonymous_3)
DA:1,1
DA:7,1
DA:11,1
DA:12,5
DA:15,5
DA:16,5
DA:18,5
DA:19,2
DA:22,3
DA:24,3
DA:25,3
DA:27,1
DA:30,2
DA:36,2
DA:42,2
DA:43,2
DA:44,2
LF:17
LH:17
BRDA:18,0,0,2
BRDA:39,1,0,2
BRDA:39,1,1,1
BRF:3
BRH:3
end_of_record
TN:
SF:src/common/guards/plan.guard.ts
FN:17,(anonymous_2)
FN:36,(anonymous_3)
FN:41,(anonymous_4)
FN:80,(anonymous_5)
FN:102,(anonymous_6)
FNF:5
FNH:4
FNDA:0,(anonymous_2)
FNDA:7,(anonymous_3)
FNDA:7,(anonymous_4)
FNDA:5,(anonymous_5)
FNDA:3,(anonymous_6)
DA:1,1
DA:7,1
DA:8,1
DA:9,1
DA:13,1
DA:17,1
DA:18,0
DA:27,1
DA:35,1
DA:37,7
DA:38,7
DA:42,7
DA:46,7
DA:48,6
DA:49,6
DA:51,5
DA:55,5
DA:56,5
DA:58,3
DA:59,3
DA:67,3
DA:71,3
DA:72,1
DA:77,2
DA:81,5
DA:89,5
DA:90,5
DA:91,5
DA:93,3
DA:99,3
DA:103,3
DA:104,3
LF:32
LH:31
BRDA:46,0,0,1
BRDA:49,1,0,1
BRDA:55,2,0,2
BRDA:55,2,1,3
BRDA:56,3,0,2
BRDA:67,4,0,2
BRDA:67,4,1,1
BRDA:68,5,0,2
BRDA:68,5,1,0
BRDA:69,6,0,1
BRDA:69,6,1,1
BRDA:71,7,0,1
BRDA:90,8,0,1
BRDA:90,8,1,4
BRDA:91,9,0,2
BRDA:99,10,0,3
BRDA:99,10,1,0
BRF:17
BRH:15
end_of_record
TN:
SF:src/common/guards/roles.guard.ts
FN:13,(anonymous_2)
FN:15,(anonymous_3)
FNF:2
FNH:2
FNDA:5,(anonymous_2)
FNDA:5,(anonymous_3)
DA:1,1
DA:7,1
DA:8,1
DA:12,1
DA:13,5
DA:16,5
DA:21,5
DA:23,3
DA:24,3
DA:25,2
DA:26,1
DA:30,1
LF:12
LH:12
BRDA:21,0,0,2
BRDA:21,1,0,5
BRDA:21,1,1,4
BRDA:24,2,0,1
BRDA:25,3,0,1
BRF:5
BRH:5
end_of_record
TN:
SF:src/contacts/contacts.controller.ts
FN:26,(anonymous_4)
FN:37,(anonymous_5)
FN:67,(anonymous_6)
FN:76,(anonymous_7)
FN:86,(anonymous_8)
FN:101,(anonymous_9)
FN:114,(anonymous_10)
FNF:7
FNH:0
FNDA:0,(anonymous_4)
FNDA:0,(anonymous_5)
FNDA:0,(anonymous_6)
FNDA:0,(anonymous_7)
FNDA:0,(anonymous_8)
FNDA:0,(anonymous_9)
FNDA:0,(anonymous_10)
DA:1,0
DA:14,0
DA:15,0
DA:16,0
DA:18,0
DA:19,0
DA:20,0
DA:21,0
DA:25,0
DA:26,0
DA:37,0
DA:42,0
DA:44,0
DA:48,0
DA:49,0
DA:50,0
DA:53,0
DA:67,0
DA:68,0
DA:76,0
DA:77,0
DA:86,0
DA:87,0
DA:88,0
DA:89,0
DA:93,0
DA:101,0
DA:106,0
DA:114,0
DA:118,0
LF:30
LH:0
BRDA:44,0,0,0
BRDA:44,0,1,0
BRDA:44,1,0,0
BRDA:44,1,1,0
BRDA:48,2,0,0
BRDA:48,2,1,0
BRDA:49,3,0,0
BRDA:49,4,0,0
BRDA:49,4,1,0
BRDA:49,4,2,0
BRDA:87,5,0,0
BRDA:87,5,1,0
BRDA:88,6,0,0
BRF:13
BRH:0
end_of_record
TN:
SF:src/contacts/contacts.module.ts
FNF:0
FNH:0
DA:1,0
DA:2,0
DA:3,0
DA:4,0
DA:5,0
DA:17,0
LF:6
LH:0
BRF:0
BRH:0
end_of_record
TN:
SF:src/contacts/contacts.service.ts
FN:22,(anonymous_2)
FN:31,(anonymous_3)
FN:64,(anonymous_4)
FN:79,(anonymous_5)
FN:132,(anonymous_6)
FN:149,(anonymous_7)
FN:171,(anonymous_8)
FN:215,(anonymous_9)
FNF:8
FNH:2
FNDA:4,(anonymous_2)
FNDA:0,(anonymous_3)
FNDA:0,(anonymous_4)
FNDA:0,(anonymous_5)
FNDA:0,(anonymous_6)
FNDA:0,(anonymous_7)
FNDA:4,(anonymous_8)
FNDA:0,(anonymous_9)
DA:1,1
DA:7,1
DA:21,1
DA:22,4
DA:32,0
DA:34,0
DA:40,0
DA:42,0
DA:43,0
DA:45,0
DA:46,0
DA:50,0
DA:52,0
DA:55,0
DA:56,0
DA:57,0
DA:65,0
DA:80,0
DA:81,0
DA:86,0
DA:89,0
DA:90,0
DA:96,0
DA:97,0
DA:101,0
DA:107,0
DA:108,0
DA:111,0
DA:123,0
DA:124,0
DA:133,0
DA:135,0
DA:142,0
DA:143,0
DA:150,0
DA:152,0
DA:157,0
DA:172,4
DA:173,1
DA:180,3
DA:182,3
DA:187,3
DA:188,1
DA:190,2
DA:193,3
DA:196,3
DA:198,2
DA:206,2
DA:216,0
DA:222,0
DA:224,0
DA:225,0
DA:228,0
DA:229,0
DA:232,0
LF:55
LH:15
BRDA:31,0,0,0
BRDA:32,1,0,0
BRDA:32,2,0,0
BRDA:40,3,0,0
BRDA:40,3,1,0
BRDA:40,3,2,0
BRDA:40,3,3,0
BRDA:56,4,0,0
BRDA:64,5,0,0
BRDA:80,6,0,0
BRDA:80,7,0,0
BRDA:80,7,1,0
BRDA:86,8,0,0
BRDA:86,8,1,0
BRDA:89,9,0,0
BRDA:89,10,0,0
BRDA:89,10,1,0
BRDA:96,11,0,0
BRDA:107,12,0,0
BRDA:117,13,0,0
BRDA:117,13,1,0
BRDA:123,14,0,0
BRDA:142,15,0,0
BRDA:157,16,0,0
BRDA:172,17,0,1
BRDA:187,18,0,1
BRDA:187,18,1,2
BRDA:196,19,0,1
BRDA:206,20,0,0
BRDA:222,21,0,0
BRDA:224,22,0,0
BRDA:228,23,0,0
BRF:32
BRH:4
end_of_record
TN:
SF:src/contacts/dto/create-contact.dto.ts
FN:20,(anonymous_2)
FN:31,(anonymous_3)
FNF:2
FNH:0
FNDA:0,(anonymous_2)
FNDA:0,(anonymous_3)
DA:1,0
DA:9,0
DA:13,0
DA:20,0
DA:24,0
DA:31,0
DA:33,0
LF:7
LH:0
BRF:0
BRH:0
end_of_record
TN:
SF:src/contacts/dto/touch-contact.dto.ts
FN:14,(anonymous_2)
FN:24,(anonymous_3)
FNF:2
FNH:0
FNDA:0,(anonymous_2)
FNDA:0,(anonymous_3)
DA:1,0
DA:9,0
DA:14,0
DA:18,0
DA:24,0
DA:27,0
LF:6
LH:0
BRF:0
BRH:0
end_of_record
TN:
SF:src/contacts/dto/update-contact.dto.ts
FNF:0
FNH:0
DA:1,0
DA:8,0
DA:12,0
DA:17,0
DA:21,0
LF:5
LH:0
BRF:0
BRH:0
end_of_record
TN:
SF:src/debt-simplifications/debt-simplifications.controller.ts
FN:17,(anonymous_4)
FN:20,(anonymous_5)
FN:25,(anonymous_6)
FN:30,(anonymous_7)
FN:35,(anonymous_8)
FNF:5
FNH:0
FNDA:0,(anonymous_4)
FNDA:0,(anonymous_5)
FNDA:0,(anonymous_6)
FNDA:0,(anonymous_7)
FNDA:0,(anonymous_8)
DA:1,0
DA:9,0
DA:10,0
DA:11,0
DA:16,0
DA:17,0
DA:20,0
DA:21,0
DA:25,0
DA:26,0
DA:30,0
DA:31,0
DA:35,0
DA:36,0
LF:14
LH:0
BRF:0
BRH:0
end_of_record
TN:
SF:src/debt-simplifications/debt-simplifications.module.ts
FNF:0
FNH:0
DA:1,0
DA:2,0
DA:3,0
DA:4,0
DA:11,0
LF:5
LH:0
BRF:0
BRH:0
end_of_record
TN:
SF:src/debt-simplifications/debt-simplifications.service.ts
FN:18,(anonymous_2)
FN:35,(anonymous_3)
FN:51,(anonymous_4)
FN:80,(anonymous_5)
FN:102,(anonymous_6)
FN:119,(anonymous_7)
FN:145,(anonymous_8)
FN:176,(anonymous_9)
FN:181,(anonymous_10)
FN:224,(anonymous_11)
FN:246,(anonymous_12)
FNF:11
FNH:7
FNDA:4,(anonymous_2)
FNDA:4,(anonymous_3)
FNDA:10,(anonymous_4)
FNDA:6,(anonymous_5)
FNDA:0,(anonymous_6)
FNDA:0,(anonymous_7)
FNDA:0,(anonymous_8)
FNDA:4,(anonymous_9)
FNDA:30,(anonymous_10)
FNDA:4,(anonymous_11)
FNDA:0,(anonymous_12)
DA:1,1
DA:7,1
DA:17,1
DA:18,4
DA:36,4
DA:39,4
DA:44,4
DA:45,4
DA:46,0
DA:50,4
DA:51,10
DA:56,4
DA:57,4
DA:58,10
DA:60,4
DA:63,6
DA:67,4
DA:70,4
DA:76,4
DA:77,1
DA:80,6
DA:89,3
DA:94,3
DA:95,3
DA:103,0
DA:105,0
DA:111,0
DA:112,0
DA:120,0
DA:122,0
DA:123,0
DA:126,0
DA:127,0
DA:130,0
DA:137,0
DA:138,0
DA:146,0
DA:148,0
DA:149,0
DA:152,0
DA:153,0
DA:156,0
DA:163,0
DA:164,0
DA:177,4
DA:178,4
DA:181,30
DA:183,4
DA:184,4
DA:186,4
DA:188,10
DA:189,10
DA:190,10
DA:191,10
DA:193,10
DA:194,30
DA:195,16
DA:196,16
DA:199,10
DA:201,6
DA:202,6
DA:204,6
DA:213,6
DA:214,6
DA:217,4
DA:225,4
DA:231,4
DA:232,4
DA:234,0
DA:241,0
DA:242,0
DA:247,0
DA:253,0
DA:254,0
LF:74
LH:47
BRDA:44,0,0,0
BRDA:45,1,0,0
BRDA:45,2,0,4
BRDA:45,2,1,4
BRDA:58,3,0,4
BRDA:58,3,1,6
BRDA:76,4,0,1
BRDA:94,5,0,0
BRDA:111,6,0,0
BRDA:122,7,0,0
BRDA:122,8,0,0
BRDA:122,8,1,0
BRDA:126,9,0,0
BRDA:137,10,0,0
BRDA:148,11,0,0
BRDA:148,12,0,0
BRDA:148,12,1,0
BRDA:152,13,0,0
BRDA:163,14,0,0
BRDA:194,15,0,14
BRDA:195,16,0,6
BRDA:196,17,0,6
BRDA:199,18,0,4
BRDA:199,19,0,10
BRDA:199,19,1,6
BRDA:202,20,0,0
BRDA:231,21,0,0
BRDA:232,22,0,4
BRDA:241,23,0,0
BRDA:253,24,0,0
BRF:30
BRH:12
end_of_record
TN:
SF:src/group-members/group-members.controller.ts
FN:20,(anonymous_4)
FN:23,(anonymous_5)
FN:28,(anonymous_6)
FN:37,(anonymous_7)
FN:46,(anonymous_8)
FN:55,(anonymous_9)
FNF:6
FNH:0
FNDA:0,(anonymous_4)
FNDA:0,(anonymous_5)
FNDA:0,(anonymous_6)
FNDA:0,(anonymous_7)
FNDA:0,(anonymous_8)
FNDA:0,(anonymous_9)
DA:1,0
DA:10,0
DA:11,0
DA:13,0
DA:14,0
DA:15,0
DA:19,0
DA:20,0
DA:23,0
DA:24,0
DA:28,0
DA:33,0
DA:37,0
DA:42,0
DA:46,0
DA:51,0
DA:55,0
DA:59,0
LF:18
LH:0
BRF:0
BRH:0
end_of_record
TN:
SF:src/group-members/group-members.module.ts
FNF:0
FNH:0
DA:1,0
DA:2,0
DA:3,0
DA:4,0
DA:11,0
LF:5
LH:0
BRF:0
BRH:0
end_of_record
TN:
SF:src/group-members/group-members.service.ts
FN:13,(anonymous_2)
FN:15,(anonymous_3)
FN:26,(anonymous_4)
FN:53,(anonymous_5)
FN:81,(anonymous_6)
FN:97,(anonymous_7)
FN:116,(anonymous_8)
FN:130,(anonymous_9)
FN:156,(anonymous_10)
FNF:9
FNH:9
FNDA:14,(anonymous_2)
FNDA:2,(anonymous_3)
FNDA:4,(anonymous_4)
FNDA:3,(anonymous_5)
FNDA:4,(anonymous_6)
FNDA:4,(anonymous_7)
FNDA:3,(anonymous_8)
FNDA:3,(anonymous_9)
FNDA:14,(anonymous_10)
DA:1,1
DA:7,1
DA:12,1
DA:13,14
DA:16,2
DA:22,2
DA:23,2
DA:31,4
DA:33,2
DA:43,2
DA:44,1
DA:45,1
DA:47,0
DA:50,1
DA:58,3
DA:61,2
DA:67,2
DA:68,1
DA:71,1
DA:77,1
DA:78,1
DA:86,4
DA:88,2
DA:94,2
DA:97,4
DA:98,2
DA:99,1
DA:103,1
DA:104,2
DA:110,2
DA:113,1
DA:117,3
DA:119,2
DA:124,2
DA:125,2
DA:126,1
DA:130,3
DA:131,1
DA:132,2
DA:133,2
DA:137,1
DA:142,1
DA:143,3
DA:149,3
DA:152,1
DA:157,14
DA:163,14
DA:164,12
DA:166,4
DA:173,4
DA:174,4
LF:51
LH:50
BRDA:22,0,0,0
BRDA:38,1,0,2
BRDA:38,1,1,2
BRDA:43,2,0,1
BRDA:44,3,0,1
BRDA:67,4,0,1
BRDA:77,5,0,0
BRDA:94,6,0,0
BRDA:98,7,0,1
BRDA:110,8,0,0
BRDA:124,9,0,0
BRDA:125,10,0,1
BRDA:125,11,0,2
BRDA:125,11,1,2
BRDA:149,12,0,0
BRDA:163,13,0,2
BRDA:164,14,0,8
BRDA:173,15,0,4
BRF:18
BRH:12
end_of_record
TN:
SF:src/group-members/dto/add-member.dto.ts
FNF:0
FNH:0
DA:1,0
DA:4,0
DA:6,0
DA:10,0
LF:4
LH:0
BRF:0
BRH:0
end_of_record
TN:
SF:src/group-members/dto/assign-giliran.dto.ts
FN:24,(anonymous_2)
FNF:1
FNH:0
FNDA:0,(anonymous_2)
DA:1,0
DA:2,0
DA:11,0
DA:13,0
DA:17,0
DA:20,0
DA:24,0
DA:25,0
LF:8
LH:0
BRF:0
BRH:0
end_of_record
TN:
SF:src/groups/groups.controller.ts
FN:22,(anonymous_4)
FN:25,(anonymous_5)
FN:30,(anonymous_6)
FN:36,(anonymous_7)
FN:41,(anonymous_8)
FN:50,(anonymous_9)
FNF:6
FNH:0
FNDA:0,(anonymous_4)
FNDA:0,(anonymous_5)
FNDA:0,(anonymous_6)
FNDA:0,(anonymous_7)
FNDA:0,(anonymous_8)
FNDA:0,(anonymous_9)
DA:1,0
DA:11,0
DA:12,0
DA:13,0
DA:15,0
DA:16,0
DA:17,0
DA:21,0
DA:22,0
DA:25,0
DA:26,0
DA:30,0
DA:31,0
DA:36,0
DA:37,0
DA:41,0
DA:46,0
DA:50,0
DA:51,0
LF:19
LH:0
BRF:0
BRH:0
end_of_record
TN:
SF:src/groups/groups.module.ts
FNF:0
FNH:0
DA:1,0
DA:2,0
DA:3,0
DA:4,0
DA:11,0
LF:5
LH:0
BRF:0
BRH:0
end_of_record
TN:
SF:src/groups/groups.service.ts
FN:13,(anonymous_2)
FN:15,(anonymous_3)
FN:26,(anonymous_4)
FN:38,(anonymous_5)
FN:78,(anonymous_6)
FN:93,(anonymous_7)
FN:116,(anonymous_8)
FN:138,(anonymous_9)
FNF:8
FNH:4
FNDA:8,(anonymous_2)
FNDA:0,(anonymous_3)
FNDA:0,(anonymous_4)
FNDA:4,(anonymous_5)
FNDA:0,(anonymous_6)
FNDA:0,(anonymous_7)
FNDA:4,(anonymous_8)
FNDA:2,(anonymous_9)
DA:1,1
DA:6,1
DA:12,1
DA:13,8
DA:16,0
DA:22,0
DA:23,0
DA:27,0
DA:33,0
DA:34,0
DA:35,0
DA:39,4
DA:56,4
DA:59,4
DA:66,4
DA:67,2
DA:75,4
DA:79,0
DA:81,0
DA:88,0
DA:89,0
DA:90,0
DA:95,0
DA:101,0
DA:102,0
DA:103,0
DA:106,0
DA:111,0
DA:112,0
DA:117,4
DA:123,4
DA:124,3
DA:126,2
DA:133,2
DA:134,1
DA:144,2
DA:145,2
DA:147,2
DA:148,6
DA:155,6
DA:156,3
DA:159,3
DA:160,3
DA:161,3
DA:165,2
DA:166,2
LF:46
LH:27
BRDA:22,0,0,0
BRDA:33,1,0,0
BRDA:34,2,0,0
BRDA:43,3,0,4
BRDA:43,3,1,4
BRDA:44,4,0,4
BRDA:44,4,1,4
BRDA:56,5,0,0
BRDA:66,6,0,2
BRDA:88,7,0,0
BRDA:89,8,0,0
BRDA:101,9,0,0
BRDA:102,10,0,0
BRDA:111,11,0,0
BRDA:123,12,0,1
BRDA:124,13,0,1
BRDA:133,14,0,1
BRDA:155,15,0,3
BRDA:155,15,1,3
BRDA:166,16,0,0
BRF:20
BRH:10
end_of_record
TN:
SF:src/groups/dto/create-group.dto.ts
FNF:0
FNH:0
DA:1,0
DA:14,0
DA:18,0
DA:23,0
DA:27,0
DA:31,0
DA:34,0
DA:37,0
DA:40,0
DA:44,0
LF:10
LH:0
BRF:0
BRH:0
end_of_record
TN:
SF:src/groups/dto/update-group.dto.ts
FNF:0
FNH:0
DA:1,0
DA:14,0
DA:19,0
DA:24,0
DA:28,0
DA:33,0
DA:37,0
DA:41,0
DA:45,0
DA:50,0
LF:10
LH:0
BRF:0
BRH:0
end_of_record
TN:
SF:src/invite-links/invite-links.controller.ts
FN:19,(anonymous_4)
FN:22,(anonymous_5)
FN:27,(anonymous_6)
FN:35,(anonymous_7)
FN:40,(anonymous_8)
FNF:5
FNH:0
FNDA:0,(anonymous_4)
FNDA:0,(anonymous_5)
FNDA:0,(anonymous_6)
FNDA:0,(anonymous_7)
FNDA:0,(anonymous_8)
DA:1,0
DA:10,0
DA:11,0
DA:13,0
DA:14,0
DA:18,0
DA:19,0
DA:22,0
DA:23,0
DA:27,0
DA:31,0
DA:35,0
DA:36,0
DA:40,0
DA:41,0
LF:15
LH:0
BRF:0
BRH:0
end_of_record
TN:
SF:src/invite-links/invite-links.module.ts
FNF:0
FNH:0
DA:1,0
DA:2,0
DA:3,0
DA:4,0
DA:11,0
LF:5
LH:0
BRF:0
BRH:0
end_of_record
TN:
SF:src/invite-links/invite-links.service.ts
FN:12,(anonymous_2)
FN:14,(anonymous_3)
FN:33,(anonymous_4)
FN:46,(anonymous_5)
FN:67,(anonymous_6)
FN:125,(anonymous_7)
FNF:6
FNH:5
FNDA:11,(anonymous_2)
FNDA:3,(anonymous_3)
FNDA:0,(anonymous_4)
FNDA:2,(anonymous_5)
FNDA:6,(anonymous_6)
FNDA:4,(anonymous_7)
DA:1,1
DA:7,1
DA:11,1
DA:12,11
DA:15,3
DA:17,1
DA:29,1
DA:30,1
DA:34,0
DA:36,0
DA:42,0
DA:43,0
DA:47,2
DA:53,2
DA:54,1
DA:56,1
DA:63,1
DA:64,1
DA:69,6
DA:75,6
DA:76,6
DA:77,5
DA:78,1
DA:80,4
DA:81,1
DA:83,3
DA:84,1
DA:88,2
DA:95,2
DA:96,1
DA:100,1
DA:108,1
DA:111,1
DA:116,1
DA:118,1
DA:126,4
DA:132,4
DA:133,3
DA:135,1
DA:142,1
DA:143,1
LF:41
LH:37
BRDA:22,0,0,1
BRDA:22,0,1,0
BRDA:23,1,0,1
BRDA:23,1,1,1
BRDA:29,2,0,0
BRDA:42,3,0,0
BRDA:53,4,0,1
BRDA:63,5,0,0
BRDA:75,6,0,0
BRDA:76,7,0,1
BRDA:77,8,0,1
BRDA:80,9,0,1
BRDA:80,10,0,4
BRDA:80,10,1,1
BRDA:83,11,0,1
BRDA:83,12,0,3
BRDA:83,12,1,1
BRDA:95,13,0,1
BRDA:108,14,0,0
BRDA:116,15,0,0
BRDA:132,16,0,1
BRDA:133,17,0,2
BRDA:142,18,0,1
BRF:23
BRH:16
end_of_record
TN:
SF:src/invite-links/dto/create-invite.dto.ts
FNF:0
FNH:0
DA:1,0
DA:9,0
DA:11,0
DA:16,0
DA:20,0
LF:5
LH:0
BRF:0
BRH:0
end_of_record
TN:
SF:src/notifications/notifications.controller.ts
FN:10,(anonymous_4)
FN:13,(anonymous_5)
FN:18,(anonymous_6)
FN:23,(anonymous_7)
FN:28,(anonymous_8)
FNF:5
FNH:0
FNDA:0,(anonymous_4)
FNDA:0,(anonymous_5)
FNDA:0,(anonymous_6)
FNDA:0,(anonymous_7)
FNDA:0,(anonymous_8)
DA:1,0
DA:2,0
DA:3,0
DA:5,0
DA:9,0
DA:10,0
DA:13,0
DA:14,0
DA:18,0
DA:19,0
DA:23,0
DA:24,0
DA:28,0
DA:29,0
LF:14
LH:0
BRF:0
BRH:0
end_of_record
TN:
SF:src/notifications/notifications.module.ts
FNF:0
FNH:0
DA:1,0
DA:2,0
DA:3,0
DA:4,0
DA:11,0
LF:5
LH:0
BRF:0
BRH:0
end_of_record
TN:
SF:src/notifications/notifications.service.ts
FN:20,(anonymous_2)
FN:22,(anonymous_3)
FN:48,(anonymous_4)
FN:49,(anonymous_5)
FN:52,(anonymous_6)
FN:67,(anonymous_7)
FN:90,(anonymous_8)
FN:101,(anonymous_9)
FN:138,(anonymous_10)
FN:187,(anonymous_11)
FNF:10
FNH:6
FNDA:8,(anonymous_2)
FNDA:4,(anonymous_3)
FNDA:1,(anonymous_4)
FNDA:2,(anonymous_5)
FNDA:0,(anonymous_6)
FNDA:3,(anonymous_7)
FNDA:0,(anonymous_8)
FNDA:2,(anonymous_9)
FNDA:0,(anonymous_10)
FNDA:0,(anonymous_11)
DA:1,5
DA:2,5
DA:14,5
DA:17,5
DA:18,8
DA:20,8
DA:23,4
DA:37,4
DA:38,1
DA:39,1
DA:41,3
DA:49,2
DA:53,0
DA:54,0
DA:56,0
DA:63,0
DA:64,0
DA:68,3
DA:74,3
DA:75,2
DA:78,1
DA:86,1
DA:87,1
DA:91,0
DA:97,0
DA:98,0
DA:102,2
DA:108,2
DA:109,2
DA:139,0
DA:140,0
DA:143,0
DA:146,0
DA:148,0
DA:156,0
DA:157,0
DA:158,0
DA:159,0
DA:161,0
DA:166,0
DA:167,0
DA:170,0
DA:174,0
DA:180,0
DA:181,0
DA:184,0
DA:187,0
DA:189,0
DA:190,0
DA:194,0
DA:195,0
DA:198,0
DA:207,0
DA:209,0
DA:213,0
DA:227,0
DA:233,0
DA:238,0
DA:239,0
DA:243,0
DA:244,0
DA:246,0
DA:255,0
DA:257,0
DA:269,0
DA:273,0
LF:66
LH:21
BRDA:30,0,0,4
BRDA:30,0,1,4
BRDA:37,1,0,1
BRDA:53,2,0,0
BRDA:53,2,1,0
BRDA:54,3,0,0
BRDA:54,3,1,0
BRDA:63,4,0,0
BRDA:74,5,0,2
BRDA:74,6,0,3
BRDA:74,6,1,2
BRDA:86,7,0,0
BRDA:97,8,0,0
BRDA:108,9,0,0
BRDA:109,10,0,2
BRDA:109,10,1,0
BRDA:156,11,0,0
BRDA:156,11,1,0
BRDA:158,12,0,0
BRDA:158,13,0,0
BRDA:158,13,1,0
BRDA:166,14,0,0
BRDA:166,15,0,0
BRDA:166,15,1,0
BRDA:180,16,0,0
BRDA:187,17,0,0
BRDA:187,17,1,0
BRDA:190,18,0,0
BRDA:190,18,1,0
BRDA:195,19,0,0
BRDA:207,20,0,0
BRDA:209,21,0,0
BRDA:209,21,1,0
BRDA:227,22,0,0
BRDA:238,23,0,0
BRDA:238,23,1,0
BRDA:243,24,0,0
BRDA:243,25,0,0
BRDA:243,25,1,0
BRDA:255,26,0,0
BRDA:269,27,0,0
BRF:41
BRH:7
end_of_record
TN:
SF:src/notifications/dto/create-notification.dto.ts
FNF:0
FNH:0
DA:1,0
DA:4,0
DA:18,0
DA:20,0
DA:23,0
DA:26,0
DA:29,0
DA:33,0
LF:8
LH:0
BRF:0
BRH:0
end_of_record
TN:
SF:src/payment-transactions/payment-transactions.controller.ts
FN:17,(anonymous_4)
FN:25,(anonymous_5)
FN:35,(anonymous_6)
FNF:3
FNH:0
FNDA:0,(anonymous_4)
FNDA:0,(anonymous_5)
FNDA:0,(anonymous_6)
DA:1,0
DA:7,0
DA:8,0
DA:9,0
DA:10,0
DA:11,0
DA:16,0
DA:18,0
DA:25,0
DA:26,0
DA:35,0
DA:42,0
LF:12
LH:0
BRDA:46,0,0,0
BRDA:46,0,1,0
BRDA:47,1,0,0
BRDA:47,1,1,0
BRF:4
BRH:0
end_of_record
TN:
SF:src/payment-transactions/payment-transactions.module.ts
FNF:0
FNH:0
DA:1,0
DA:2,0
DA:3,0
DA:4,0
DA:5,0
DA:12,0
LF:6
LH:0
BRF:0
BRH:0
end_of_record
TN:
SF:src/payment-transactions/payment-transactions.service.ts
FN:33,(anonymous_2)
FN:39,(anonymous_3)
FN:68,(anonymous_4)
FN:105,(anonymous_5)
FN:121,(anonymous_6)
FN:135,(anonymous_7)
FN:150,(anonymous_8)
FNF:7
FNH:0
FNDA:0,(anonymous_2)
FNDA:0,(anonymous_3)
FNDA:0,(anonymous_4)
FNDA:0,(anonymous_5)
FNDA:0,(anonymous_6)
FNDA:0,(anonymous_7)
FNDA:0,(anonymous_8)
DA:1,2
DA:2,2
DA:32,2
DA:33,0
DA:40,0
DA:59,0
DA:60,0
DA:73,0
DA:79,0
DA:80,0
DA:82,0
DA:85,0
DA:86,0
DA:87,0
DA:88,0
DA:90,0
DA:97,0
DA:98,0
DA:106,0
DA:112,0
DA:113,0
DA:114,0
DA:122,0
DA:128,0
DA:129,0
DA:136,0
DA:142,0
DA:143,0
DA:159,0
DA:164,0
DA:165,0
DA:166,0
DA:168,0
DA:169,0
DA:170,0
DA:172,0
DA:173,0
DA:174,0
LF:38
LH:3
BRDA:47,0,0,0
BRDA:47,0,1,0
BRDA:48,1,0,0
BRDA:48,1,1,0
BRDA:49,2,0,0
BRDA:49,2,1,0
BRDA:50,3,0,0
BRDA:50,3,1,0
BRDA:51,4,0,0
BRDA:51,4,1,0
BRDA:52,5,0,0
BRDA:52,5,1,0
BRDA:53,6,0,0
BRDA:53,6,1,0
BRDA:54,7,0,0
BRDA:54,7,1,0
BRDA:59,8,0,0
BRDA:79,9,0,0
BRDA:80,10,0,0
BRDA:85,11,0,0
BRDA:86,12,0,0
BRDA:87,13,0,0
BRDA:88,14,0,0
BRDA:97,15,0,0
BRDA:112,16,0,0
BRDA:113,17,0,0
BRDA:128,18,0,0
BRDA:142,19,0,0
BRDA:151,20,0,0
BRDA:164,21,0,0
BRDA:165,22,0,0
BRDA:166,23,0,0
BRDA:168,24,0,0
BRDA:168,24,1,0
BRDA:169,25,0,0
BRDA:169,25,1,0
BRDA:173,26,0,0
BRF:37
BRH:0
end_of_record
TN:
SF:src/payments/payments.controller.ts
FN:20,(anonymous_4)
FN:23,(anonymous_5)
FN:28,(anonymous_6)
FN:33,(anonymous_7)
FN:38,(anonymous_8)
FN:43,(anonymous_9)
FN:48,(anonymous_10)
FNF:7
FNH:0
FNDA:0,(anonymous_4)
FNDA:0,(anonymous_5)
FNDA:0,(anonymous_6)
FNDA:0,(anonymous_7)
FNDA:0,(anonymous_8)
FNDA:0,(anonymous_9)
FNDA:0,(anonymous_10)
DA:1,0
DA:10,0
DA:11,0
DA:13,0
DA:14,0
DA:15,0
DA:19,0
DA:20,0
DA:23,0
DA:24,0
DA:28,0
DA:29,0
DA:33,0
DA:34,0
DA:38,0
DA:39,0
DA:43,0
DA:44,0
DA:48,0
DA:53,0
LF:20
LH:0
BRF:0
BRH:0
end_of_record
TN:
SF:src/payments/payments.module.ts
FNF:0
FNH:0
DA:1,0
DA:2,0
DA:3,0
DA:4,0
DA:5,0
DA:13,0
LF:6
LH:0
BRF:0
BRH:0
end_of_record
TN:
SF:src/payments/payments.service.ts
FN:16,(anonymous_2)
FN:21,(anonymous_3)
FN:32,(anonymous_4)
FN:43,(anonymous_5)
FN:54,(anonymous_6)
FN:92,(anonymous_7)
FN:126,(anonymous_8)
FN:160,(anonymous_9)
FN:173,(anonymous_10)
FNF:9
FNH:6
FNDA:9,(anonymous_2)
FNDA:0,(anonymous_3)
FNDA:0,(anonymous_4)
FNDA:0,(anonymous_5)
FNDA:3,(anonymous_6)
FNDA:4,(anonymous_7)
FNDA:2,(anonymous_8)
FNDA:6,(anonymous_9)
FNDA:5,(anonymous_10)
DA:1,1
DA:7,1
DA:8,1
DA:15,1
DA:17,9
DA:18,9
DA:22,0
DA:28,0
DA:29,0
DA:33,0
DA:39,0
DA:40,0
DA:44,0
DA:50,0
DA:51,0
DA:56,3
DA:62,3
DA:63,3
DA:65,2
DA:80,2
DA:81,1
DA:82,1
DA:86,0
DA:89,1
DA:93,4
DA:94,3
DA:96,2
DA:97,1
DA:102,1
DA:112,1
DA:115,1
DA:123,1
DA:127,2
DA:128,2
DA:130,2
DA:131,1
DA:136,1
DA:146,1
DA:149,1
DA:157,1
DA:161,6
DA:167,6
DA:168,6
DA:169,5
DA:174,5
DA:180,5
DA:181,5
DA:183,1
DA:190,1
DA:191,1
LF:50
LH:40
BRDA:28,0,0,0
BRDA:39,1,0,0
BRDA:50,2,0,0
BRDA:62,3,0,0
BRDA:63,4,0,1
BRDA:73,5,0,2
BRDA:73,5,1,2
BRDA:74,6,0,2
BRDA:74,6,1,2
BRDA:80,7,0,1
BRDA:81,8,0,1
BRDA:96,9,0,1
BRDA:112,10,0,0
BRDA:130,11,0,1
BRDA:146,12,0,0
BRDA:167,13,0,0
BRDA:168,14,0,1
BRDA:180,15,0,0
BRDA:181,16,0,4
BRDA:190,17,0,1
BRF:20
BRH:12
end_of_record
TN:
SF:src/payments/dto/create-payment.dto.ts
FNF:0
FNH:0
DA:1,0
DA:10,0
DA:12,0
DA:16,0
DA:20,0
DA:24,0
LF:6
LH:0
BRF:0
BRH:0
end_of_record
TN:
SF:src/payments/dto/reject-payment.dto.ts
FNF:0
FNH:0
DA:1,0
DA:3,0
DA:6,0
LF:3
LH:0
BRF:0
BRH:0
end_of_record
TN:
SF:src/plans/plans.controller.ts
FN:19,(anonymous_4)
FN:26,(anonymous_5)
FN:35,(anonymous_6)
FN:45,(anonymous_7)
FN:55,(anonymous_8)
FN:66,(anonymous_9)
FNF:6
FNH:0
FNDA:0,(anonymous_4)
FNDA:0,(anonymous_5)
FNDA:0,(anonymous_6)
FNDA:0,(anonymous_7)
FNDA:0,(anonymous_8)
FNDA:0,(anonymous_9)
DA:1,0
DA:11,0
DA:12,0
DA:13,0
DA:14,0
DA:15,0
DA:18,0
DA:19,0
DA:26,0
DA:27,0
DA:35,0
DA:36,0
DA:45,0
DA:46,0
DA:55,0
DA:56,0
DA:66,0
DA:67,0
LF:18
LH:0
BRF:0
BRH:0
end_of_record
TN:
SF:src/plans/plans.module.ts
FNF:0
FNH:0
DA:1,0
DA:2,0
DA:3,0
DA:4,0
DA:5,0
DA:12,0
LF:6
LH:0
BRF:0
BRH:0
end_of_record
TN:
SF:src/plans/plans.service.ts
FN:11,(anonymous_2)
FN:14,(anonymous_3)
FN:26,(anonymous_4)
FN:42,(anonymous_5)
FN:77,(anonymous_6)
FN:114,(anonymous_7)
FNF:6
FNH:5
FNDA:8,(anonymous_2)
FNDA:1,(anonymous_3)
FNDA:4,(anonymous_4)
FNDA:3,(anonymous_5)
FNDA:0,(anonymous_6)
FNDA:2,(anonymous_7)
DA:1,1
DA:6,1
DA:10,1
DA:11,8
DA:15,1
DA:21,1
DA:22,1
DA:27,4
DA:33,4
DA:34,4
DA:35,2
DA:43,3
DA:44,2
DA:46,1
DA:69,1
DA:70,1
DA:79,0
DA:82,0
DA:83,0
DA:84,0
DA:85,0
DA:86,0
DA:87,0
DA:88,0
DA:89,0
DA:90,0
DA:91,0
DA:92,0
DA:93,0
DA:94,0
DA:95,0
DA:96,0
DA:97,0
DA:99,0
DA:106,0
DA:107,0
DA:115,2
DA:117,1
DA:124,1
DA:125,1
LF:40
LH:20
BRDA:21,0,0,0
BRDA:33,1,0,0
BRDA:34,2,0,2
BRDA:43,3,0,1
BRDA:44,4,0,1
BRDA:51,5,0,1
BRDA:51,5,1,1
BRDA:52,6,0,1
BRDA:52,6,1,0
BRDA:53,7,0,1
BRDA:53,7,1,0
BRDA:54,8,0,1
BRDA:54,8,1,1
BRDA:55,9,0,1
BRDA:55,9,1,1
BRDA:56,10,0,1
BRDA:56,10,1,1
BRDA:57,11,0,1
BRDA:57,11,1,1
BRDA:58,12,0,1
BRDA:58,12,1,1
BRDA:59,13,0,1
BRDA:59,13,1,1
BRDA:60,14,0,1
BRDA:60,14,1,1
BRDA:61,15,0,1
BRDA:61,15,1,1
BRDA:62,16,0,1
BRDA:62,16,1,1
BRDA:63,17,0,1
BRDA:63,17,1,1
BRDA:64,18,0,1
BRDA:64,18,1,1
BRDA:69,19,0,0
BRDA:83,20,0,0
BRDA:84,21,0,0
BRDA:85,22,0,0
BRDA:86,23,0,0
BRDA:87,24,0,0
BRDA:88,25,0,0
BRDA:89,26,0,0
BRDA:90,27,0,0
BRDA:91,28,0,0
BRDA:92,29,0,0
BRDA:93,30,0,0
BRDA:94,31,0,0
BRDA:95,32,0,0
BRDA:96,33,0,0
BRDA:97,34,0,0
BRDA:106,35,0,0
BRDA:124,36,0,0
BRF:51
BRH:29
end_of_record
TN:
SF:src/plans/dto/upsert-plan.dto.ts
FNF:0
FNH:0
DA:1,0
DA:11,0
DA:19,0
DA:24,0
DA:29,0
DA:35,0
DA:41,0
DA:47,0
DA:53,0
DA:59,0
DA:63,0
DA:67,0
DA:71,0
DA:75,0
DA:79,0
DA:83,0
DA:87,0
DA:91,0
LF:18
LH:0
BRF:0
BRH:0
end_of_record
TN:
SF:src/recurring-bills/recurring-bills.controller.ts
FN:23,(anonymous_4)
FN:26,(anonymous_5)
FN:31,(anonymous_6)
FN:36,(anonymous_7)
FN:41,(anonymous_8)
FN:50,(anonymous_9)
FN:62,(anonymous_10)
FNF:7
FNH:0
FNDA:0,(anonymous_4)
FNDA:0,(anonymous_5)
FNDA:0,(anonymous_6)
FNDA:0,(anonymous_7)
FNDA:0,(anonymous_8)
FNDA:0,(anonymous_9)
FNDA:0,(anonymous_10)
DA:1,0
DA:11,0
DA:12,0
DA:13,0
DA:14,0
DA:15,0
DA:16,0
DA:17,0
DA:22,0
DA:23,0
DA:26,0
DA:27,0
DA:31,0
DA:32,0
DA:36,0
DA:37,0
DA:41,0
DA:46,0
DA:50,0
DA:51,0
DA:62,0
DA:63,0
LF:22
LH:0
BRF:0
BRH:0
end_of_record
TN:
SF:src/recurring-bills/recurring-bills.module.ts
FN:11,(anonymous_1)
FNF:1
FNH:0
FNDA:0,(anonymous_1)
DA:1,0
DA:2,0
DA:3,0
DA:4,0
DA:5,0
DA:6,0
DA:11,0
DA:17,0
LF:8
LH:0
BRF:0
BRH:0
end_of_record
TN:
SF:src/recurring-bills/recurring-bills.service.ts
FN:18,(anonymous_4)
FN:28,(anonymous_5)
FN:53,(anonymous_6)
FN:67,(anonymous_7)
FN:78,(anonymous_8)
FN:107,(anonymous_9)
FN:128,(anonymous_10)
FN:197,(anonymous_11)
FN:213,(anonymous_12)
FN:20,(anonymous_13)
FNF:10
FNH:0
FNDA:0,(anonymous_4)
FNDA:0,(anonymous_5)
FNDA:0,(anonymous_6)
FNDA:0,(anonymous_7)
FNDA:0,(anonymous_8)
FNDA:0,(anonymous_9)
FNDA:0,(anonymous_10)
FNDA:0,(anonymous_11)
FNDA:0,(anonymous_12)
FNDA:0,(anonymous_13)
DA:1,1
DA:9,1
DA:10,1
DA:17,1
DA:19,0
DA:20,0
DA:21,0
DA:29,0
DA:49,0
DA:50,0
DA:54,0
DA:60,0
DA:61,0
DA:62,0
DA:64,0
DA:68,0
DA:74,0
DA:75,0
DA:79,0
DA:81,0
DA:82,0
DA:83,0
DA:84,0
DA:85,0
DA:86,0
DA:87,0
DA:88,0
DA:89,0
DA:90,0
DA:91,0
DA:92,0
DA:93,0
DA:94,0
DA:96,0
DA:103,0
DA:104,0
DA:108,0
DA:110,0
DA:115,0
DA:116,0
DA:129,0
DA:131,0
DA:137,0
DA:138,0
DA:140,0
DA:142,0
DA:143,0
DA:146,0
DA:150,0
DA:165,0
DA:168,0
DA:173,0
DA:174,0
DA:176,0
DA:186,0
DA:190,0
DA:198,0
DA:199,0
DA:201,0
DA:202,0
DA:204,0
DA:205,0
DA:207,0
DA:208,0
DA:210,0
DA:214,0
LF:66
LH:4
BRDA:33,0,0,0
BRDA:33,0,1,0
BRDA:34,1,0,0
BRDA:34,1,1,0
BRDA:39,2,0,0
BRDA:39,2,1,0
BRDA:41,3,0,0
BRDA:41,3,1,0
BRDA:43,4,0,0
BRDA:43,4,1,0
BRDA:49,5,0,0
BRDA:60,6,0,0
BRDA:60,7,0,0
BRDA:60,7,1,0
BRDA:61,8,0,0
BRDA:74,9,0,0
BRDA:82,10,0,0
BRDA:83,11,0,0
BRDA:84,12,0,0
BRDA:85,13,0,0
BRDA:86,14,0,0
BRDA:87,15,0,0
BRDA:88,16,0,0
BRDA:89,17,0,0
BRDA:90,18,0,0
BRDA:91,19,0,0
BRDA:92,20,0,0
BRDA:93,21,0,0
BRDA:103,22,0,0
BRDA:115,23,0,0
BRDA:137,24,0,0
BRDA:138,25,0,0
BRDA:138,26,0,0
BRDA:138,26,1,0
BRDA:146,27,0,0
BRDA:146,27,1,0
BRDA:173,28,0,0
BRDA:173,28,1,0
BRDA:174,29,0,0
BRDA:174,29,1,0
BRDA:199,30,0,0
BRDA:199,30,1,0
BRDA:199,30,2,0
BRF:43
BRH:0
end_of_record
TN:
SF:src/recurring-bills/dto/create-recurring-bill.dto.ts
FN:72,(anonymous_2)
FNF:1
FNH:0
FNDA:0,(anonymous_2)
DA:1,0
DA:14,0
DA:16,0
DA:18,0
DA:22,0
DA:23,0
DA:25,0
DA:27,0
DA:31,0
DA:35,0
DA:40,0
DA:43,0
DA:46,0
DA:50,0
DA:55,0
DA:59,0
DA:63,0
DA:67,0
DA:72,0
DA:73,0
LF:20
LH:0
BRF:0
BRH:0
end_of_record
TN:
SF:src/recurring-bills/dto/update-recurring-bill.dto.ts
FN:75,(anonymous_2)
FNF:1
FNH:0
FNDA:0,(anonymous_2)
DA:1,0
DA:14,0
DA:16,0
DA:18,0
DA:22,0
DA:23,0
DA:25,0
DA:28,0
DA:32,0
DA:36,0
DA:41,0
DA:45,0
DA:49,0
DA:53,0
DA:57,0
DA:61,0
DA:65,0
DA:69,0
DA:75,0
DA:76,0
LF:20
LH:0
BRF:0
BRH:0
end_of_record
TN:
SF:src/rounds/rounds.controller.ts
FN:19,(anonymous_4)
FN:23,(anonymous_5)
FN:29,(anonymous_6)
FN:35,(anonymous_7)
FN:45,(anonymous_8)
FN:51,(anonymous_9)
FNF:6
FNH:0
FNDA:0,(anonymous_4)
FNDA:0,(anonymous_5)
FNDA:0,(anonymous_6)
FNDA:0,(anonymous_7)
FNDA:0,(anonymous_8)
FNDA:0,(anonymous_9)
DA:1,0
DA:10,0
DA:11,0
DA:13,0
DA:14,0
DA:18,0
DA:19,0
DA:23,0
DA:24,0
DA:29,0
DA:30,0
DA:35,0
DA:40,0
DA:45,0
DA:46,0
DA:51,0
DA:52,0
LF:17
LH:0
BRF:0
BRH:0
end_of_record
TN:
SF:src/rounds/rounds.module.ts
FNF:0
FNH:0
DA:1,0
DA:2,0
DA:3,0
DA:4,0
DA:11,0
LF:5
LH:0
BRF:0
BRH:0
end_of_record
TN:
SF:src/rounds/rounds.service.ts
FN:11,(anonymous_2)
FN:13,(anonymous_3)
FN:24,(anonymous_4)
FN:36,(anonymous_5)
FN:51,(anonymous_6)
FN:80,(anonymous_7)
FN:119,(anonymous_8)
FNF:7
FNH:6
FNDA:10,(anonymous_2)
FNDA:0,(anonymous_3)
FNDA:10,(anonymous_4)
FNDA:2,(anonymous_5)
FNDA:3,(anonymous_6)
FNDA:3,(anonymous_7)
FNDA:8,(anonymous_8)
DA:1,1
DA:7,1
DA:10,1
DA:11,10
DA:14,0
DA:20,0
DA:21,0
DA:25,10
DA:31,10
DA:32,10
DA:33,9
DA:37,2
DA:38,2
DA:40,1
DA:47,1
DA:48,1
DA:52,3
DA:53,3
DA:55,2
DA:56,1
DA:61,1
DA:68,1
DA:71,1
DA:77,1
DA:81,3
DA:82,3
DA:84,3
DA:85,1
DA:90,2
DA:92,2
DA:99,2
DA:102,2
DA:108,2
DA:109,1
DA:115,2
DA:120,8
DA:126,8
DA:127,8
DA:129,2
DA:136,2
DA:137,2
LF:41
LH:38
BRDA:20,0,0,0
BRDA:31,1,0,0
BRDA:32,2,0,1
BRDA:47,3,0,0
BRDA:55,4,0,1
BRDA:68,5,0,0
BRDA:84,6,0,1
BRDA:99,7,0,0
BRDA:108,8,0,1
BRDA:108,9,0,2
BRDA:108,9,1,2
BRDA:126,10,0,0
BRDA:127,11,0,6
BRDA:136,12,0,2
BRF:14
BRH:8
end_of_record
TN:
SF:src/rounds/dto/set-recipient.dto.ts
FNF:0
FNH:0
DA:1,0
DA:3,0
DA:5,0
LF:3
LH:0
BRF:0
BRH:0
end_of_record
TN:
SF:src/scheduler/scheduler.module.ts
FNF:0
FNH:0
DA:1,0
DA:2,0
DA:3,0
DA:4,0
DA:5,0
DA:11,0
LF:6
LH:0
BRF:0
BRH:0
end_of_record
TN:
SF:src/scheduler/scheduler.service.ts
FN:11,(anonymous_2)
FN:24,(anonymous_3)
FN:41,(anonymous_4)
FN:61,(anonymous_5)
FNF:4
FNH:4
FNDA:6,(anonymous_2)
FNDA:2,(anonymous_3)
FNDA:2,(anonymous_4)
FNDA:2,(anonymous_5)
DA:1,1
DA:2,1
DA:3,1
DA:4,1
DA:5,1
DA:8,1
DA:9,6
DA:12,6
DA:13,6
DA:14,6
DA:24,1
DA:25,2
DA:26,2
DA:27,2
DA:28,1
DA:30,1
DA:41,1
DA:42,2
DA:43,2
DA:44,2
DA:45,1
DA:49,1
DA:61,1
DA:62,2
DA:63,2
DA:64,2
DA:65,1
DA:67,1
LF:28
LH:28
BRDA:21,0,0,1
BRDA:21,0,1,1
BRDA:38,1,0,1
BRDA:38,1,1,1
BRDA:58,2,0,1
BRDA:58,2,1,1
BRF:6
BRH:6
end_of_record
TN:
SF:src/storage/storage.controller.ts
FN:20,(anonymous_4)
FN:30,(anonymous_5)
FN:47,(anonymous_6)
FN:63,(anonymous_7)
FNF:4
FNH:0
FNDA:0,(anonymous_4)
FNDA:0,(anonymous_5)
FNDA:0,(anonymous_6)
FNDA:0,(anonymous_7)
DA:1,0
DA:8,0
DA:9,0
DA:10,0
DA:12,0
DA:13,0
DA:14,0
DA:15,0
DA:19,0
DA:20,0
DA:30,0
DA:34,0
DA:47,0
DA:51,0
DA:52,0
DA:63,0
DA:67,0
DA:68,0
LF:18
LH:0
BRF:0
BRH:0
end_of_record
TN:
SF:src/storage/storage.module.ts
FNF:0
FNH:0
DA:1,0
DA:2,0
DA:3,0
DA:4,0
DA:5,0
DA:17,0
LF:6
LH:0
BRF:0
BRH:0
end_of_record
TN:
SF:src/storage/storage.service.ts
FN:20,(anonymous_2)
FN:35,(anonymous_3)
FN:70,(anonymous_4)
FN:104,(anonymous_5)
FN:131,(anonymous_6)
FN:144,(anonymous_7)
FN:168,(anonymous_8)
FNF:7
FNH:7
FNDA:14,(anonymous_2)
FNDA:7,(anonymous_3)
FNDA:4,(anonymous_4)
FNDA:3,(anonymous_5)
FNDA:14,(anonymous_6)
FNDA:7,(anonymous_7)
FNDA:6,(anonymous_8)
DA:1,1
DA:7,1
DA:8,1
DA:9,1
DA:10,1
DA:16,1
DA:19,1
DA:20,14
DA:39,7
DA:41,6
DA:42,6
DA:44,6
DA:48,6
DA:49,1
DA:54,5
DA:75,4
DA:76,4
DA:78,3
DA:80,3
DA:84,3
DA:85,1
DA:90,2
DA:92,2
DA:110,3
DA:111,3
DA:113,2
DA:117,2
DA:118,1
DA:132,14
DA:133,1
DA:149,7
DA:151,6
DA:152,2
DA:170,6
DA:173,6
DA:176,6
DA:179,6
LF:37
LH:37
BRDA:48,0,0,1
BRDA:48,1,0,6
BRDA:48,1,1,5
BRDA:50,2,0,1
BRDA:50,2,1,0
BRDA:78,3,0,3
BRDA:78,3,1,3
BRDA:84,4,0,1
BRDA:84,5,0,3
BRDA:84,5,1,2
BRDA:86,6,0,1
BRDA:86,6,1,0
BRDA:117,7,0,1
BRDA:132,8,0,1
BRDA:149,9,0,1
BRDA:151,10,0,2
BRDA:179,11,0,6
BRDA:179,11,1,0
BRF:18
BRH:15
end_of_record
TN:
SF:src/storage/dto/create-read-url.dto.ts
FNF:0
FNH:0
DA:1,0
DA:11,0
DA:13,0
DA:17,0
DA:26,0
DA:36,0
LF:6
LH:0
BRF:0
BRH:0
end_of_record
TN:
SF:src/storage/dto/create-upload-url.dto.ts
FNF:0
FNH:0
DA:1,1
DA:12,1
DA:15,1
DA:19,1
DA:28,1
DA:37,1
LF:6
LH:6
BRF:0
BRH:0
end_of_record
TN:
SF:src/storage/dto/delete-object.dto.ts
FNF:0
FNH:0
DA:1,0
DA:2,0
DA:4,0
DA:8,0
DA:17,0
LF:5
LH:0
BRF:0
BRH:0
end_of_record
TN:
SF:src/subscriptions/subscriptions.controller.ts
FN:23,(anonymous_4)
FN:32,(anonymous_5)
FN:41,(anonymous_6)
FN:53,(anonymous_7)
FN:67,(anonymous_8)
FN:76,(anonymous_9)
FN:92,(anonymous_10)
FN:109,(anonymous_11)
FNF:8
FNH:0
FNDA:0,(anonymous_4)
FNDA:0,(anonymous_5)
FNDA:0,(anonymous_6)
FNDA:0,(anonymous_7)
FNDA:0,(anonymous_8)
FNDA:0,(anonymous_9)
FNDA:0,(anonymous_10)
FNDA:0,(anonymous_11)
DA:1,0
DA:10,0
DA:11,0
DA:12,0
DA:13,0
DA:14,0
DA:15,0
DA:16,0
DA:17,0
DA:22,0
DA:23,0
DA:32,0
DA:33,0
DA:41,0
DA:45,0
DA:53,0
DA:57,0
DA:67,0
DA:68,0
DA:76,0
DA:82,0
DA:92,0
DA:97,0
DA:109,0
DA:110,0
LF:25
LH:0
BRF:0
BRH:0
end_of_record
TN:
SF:src/subscriptions/subscriptions.module.ts
FNF:0
FNH:0
DA:1,0
DA:2,0
DA:3,0
DA:4,0
DA:5,0
DA:6,0
DA:14,0
LF:7
LH:0
BRF:0
BRH:0
end_of_record
TN:
SF:src/subscriptions/subscriptions.service.ts
FN:14,computePeriodEnd
FN:26,(anonymous_3)
FN:38,(anonymous_4)
FN:56,(anonymous_5)
FN:110,(anonymous_6)
FN:137,(anonymous_7)
FN:171,(anonymous_8)
FN:188,(anonymous_9)
FN:244,(anonymous_10)
FN:280,(anonymous_11)
FN:305,(anonymous_12)
FN:325,(anonymous_13)
FN:340,(anonymous_14)
FNF:13
FNH:10
FNDA:1,computePeriodEnd
FNDA:11,(anonymous_3)
FNDA:8,(anonymous_4)
FNDA:4,(anonymous_5)
FNDA:2,(anonymous_6)
FNDA:1,(anonymous_7)
FNDA:1,(anonymous_8)
FNDA:2,(anonymous_9)
FNDA:0,(anonymous_10)
FNDA:0,(anonymous_11)
FNDA:0,(anonymous_12)
FNDA:3,(anonymous_13)
FNDA:2,(anonymous_14)
DA:1,2
DA:7,2
DA:8,2
DA:15,1
DA:16,1
DA:17,0
DA:19,1
DA:21,1
DA:25,2
DA:27,11
DA:28,11
DA:39,8
DA:46,8
DA:47,8
DA:58,4
DA:59,4
DA:60,1
DA:66,3
DA:68,1
DA:69,1
DA:70,1
DA:73,1
DA:89,1
DA:92,1
DA:103,1
DA:111,2
DA:112,2
DA:113,1
DA:116,1
DA:126,1
DA:127,1
DA:138,1
DA:140,1
DA:147,1
DA:149,1
DA:156,1
DA:159,1
DA:161,1
DA:172,1
DA:179,1
DA:180,1
DA:193,2
DA:196,1
DA:197,1
DA:198,1
DA:203,0
DA:205,0
DA:206,0
DA:207,0
DA:209,0
DA:225,0
DA:227,0
DA:238,0
DA:249,0
DA:251,0
DA:252,0
DA:253,0
DA:258,0
DA:268,0
DA:269,0
DA:284,0
DA:286,0
DA:297,0
DA:298,0
DA:309,0
DA:311,0
DA:321,0
DA:322,0
DA:326,3
DA:332,3
DA:333,3
DA:334,2
DA:335,1
DA:337,1
DA:341,2
DA:347,2
DA:348,2
DA:349,1
LF:78
LH:54
BRDA:16,0,0,0
BRDA:16,0,1,1
BRDA:46,1,0,0
BRDA:59,2,0,1
BRDA:70,3,0,1
BRDA:70,3,1,1
BRDA:80,4,0,1
BRDA:80,4,1,1
BRDA:89,5,0,0
BRDA:96,6,0,0
BRDA:96,6,1,1
BRDA:98,7,0,1
BRDA:98,7,1,1
BRDA:99,8,0,1
BRDA:99,8,1,0
BRDA:100,9,0,1
BRDA:100,9,1,0
BRDA:112,10,0,1
BRDA:126,11,0,0
BRDA:147,12,0,0
BRDA:156,13,0,0
BRDA:159,14,0,1
BRDA:159,14,1,0
BRDA:159,15,0,1
BRDA:159,15,1,0
BRDA:179,16,0,0
BRDA:197,17,0,1
BRDA:207,18,0,0
BRDA:207,18,1,0
BRDA:217,19,0,0
BRDA:217,19,1,0
BRDA:225,20,0,0
BRDA:231,21,0,0
BRDA:231,21,1,0
BRDA:233,22,0,0
BRDA:233,22,1,0
BRDA:234,23,0,0
BRDA:234,23,1,0
BRDA:235,24,0,0
BRDA:235,24,1,0
BRDA:252,25,0,0
BRDA:268,26,0,0
BRDA:297,27,0,0
BRDA:321,28,0,0
BRDA:332,29,0,0
BRDA:333,30,0,1
BRDA:334,31,0,1
BRDA:347,32,0,0
BRDA:348,33,0,1
BRF:49
BRH:18
end_of_record
TN:
SF:src/subscriptions/dto/cancel-subscription.dto.ts
FNF:0
FNH:0
DA:1,0
DA:3,0
DA:7,0
LF:3
LH:0
BRF:0
BRH:0
end_of_record
TN:
SF:src/subscriptions/dto/create-group-subscription.dto.ts
FNF:0
FNH:0
DA:1,0
DA:4,0
DA:6,0
DA:9,0
DA:12,0
DA:16,0
DA:21,0
LF:7
LH:0
BRF:0
BRH:0
end_of_record
TN:
SF:src/subscriptions/dto/create-user-subscription.dto.ts
FNF:0
FNH:0
DA:1,0
DA:4,0
DA:6,0
DA:9,0
DA:13,0
DA:18,0
LF:6
LH:0
BRF:0
BRH:0
end_of_record
TN:
SF:src/supabase/supabase.module.ts
FNF:0
FNH:0
DA:1,0
DA:2,0
DA:9,0
LF:3
LH:0
BRF:0
BRH:0
end_of_record
TN:
SF:src/supabase/supabase.service.ts
FN:9,(anonymous_2)
FN:11,(anonymous_3)
FN:18,(anonymous_4)
FN:23,(anonymous_5)
FN:33,(anonymous_6)
FNF:5
FNH:0
FNDA:0,(anonymous_2)
FNDA:0,(anonymous_3)
FNDA:0,(anonymous_4)
FNDA:0,(anonymous_5)
FNDA:0,(anonymous_6)
DA:1,21
DA:2,21
DA:3,21
DA:6,21
DA:9,0
DA:12,0
DA:19,0
DA:24,0
DA:34,0
DA:35,0
DA:36,0
LF:11
LH:4
BRDA:35,0,0,0
BRF:1
BRH:0
end_of_record
TN:
SF:src/usage/usage.controller.ts
FN:11,(anonymous_4)
FN:18,(anonymous_5)
FN:32,(anonymous_6)
FN:33,(anonymous_7)
FN:46,(anonymous_8)
FN:47,(anonymous_9)
FNF:6
FNH:0
FNDA:0,(anonymous_4)
FNDA:0,(anonymous_5)
FNDA:0,(anonymous_6)
FNDA:0,(anonymous_7)
FNDA:0,(anonymous_8)
FNDA:0,(anonymous_9)
DA:1,0
DA:2,0
DA:3,0
DA:4,0
DA:5,0
DA:10,0
DA:11,0
DA:18,0
DA:19,0
DA:32,0
DA:33,0
DA:46,0
DA:47,0
LF:13
LH:0
BRF:0
BRH:0
end_of_record
TN:
SF:src/usage/usage.interceptor.ts
FN:40,(anonymous_2)
FN:45,(anonymous_3)
FN:58,(anonymous_4)
FN:66,(anonymous_5)
FNF:4
FNH:0
FNDA:0,(anonymous_2)
FNDA:0,(anonymous_3)
FNDA:0,(anonymous_4)
FNDA:0,(anonymous_5)
DA:1,0
DA:8,0
DA:9,0
DA:10,0
DA:11,0
DA:37,0
DA:38,0
DA:41,0
DA:42,0
DA:46,0
DA:52,0
DA:54,0
DA:55,0
DA:57,0
DA:59,0
DA:62,0
DA:66,0
DA:68,0
LF:18
LH:0
BRDA:52,0,0,0
BRDA:59,1,0,0
BRDA:62,2,0,0
BRDA:62,2,1,0
BRF:4
BRH:0
end_of_record
TN:
SF:src/usage/usage.module.ts
FNF:0
FNH:0
DA:1,0
DA:2,0
DA:3,0
DA:4,0
DA:5,0
DA:36,0
LF:6
LH:0
BRF:0
BRH:0
end_of_record
TN:
SF:src/usage/usage.service.ts
FN:5,currentPeriodMonth
FN:12,(anonymous_3)
FN:22,(anonymous_4)
FN:75,(anonymous_5)
FN:127,(anonymous_6)
FN:179,(anonymous_7)
FNF:6
FNH:6
FNDA:6,currentPeriodMonth
FNDA:7,(anonymous_3)
FNDA:2,(anonymous_4)
FNDA:2,(anonymous_5)
FNDA:2,(anonymous_6)
FNDA:1,(anonymous_7)
DA:1,1
DA:2,1
DA:6,6
DA:7,6
DA:11,1
DA:12,7
DA:23,2
DA:25,2
DA:43,2
DA:47,2
DA:50,1
DA:57,1
DA:58,1
DA:76,2
DA:79,2
DA:94,2
DA:99,2
DA:103,1
DA:110,1
DA:128,2
DA:130,2
DA:143,2
DA:148,2
DA:150,1
DA:157,1
LF:25
LH:25
BRDA:43,0,0,0
BRDA:47,1,0,1
BRDA:57,2,0,0
BRDA:99,3,0,1
BRDA:113,4,0,1
BRDA:113,4,1,0
BRDA:148,5,0,1
BRDA:160,6,0,1
BRDA:160,6,1,0
BRF:9
BRH:5
end_of_record
TN:
SF:src/users/payment-methods.controller.ts
FN:32,(anonymous_4)
FN:47,(anonymous_5)
FN:60,(anonymous_6)
FN:76,(anonymous_7)
FN:94,(anonymous_8)
FN:123,(anonymous_9)
FNF:6
FNH:0
FNDA:0,(anonymous_4)
FNDA:0,(anonymous_5)
FNDA:0,(anonymous_6)
FNDA:0,(anonymous_7)
FNDA:0,(anonymous_8)
FNDA:0,(anonymous_9)
DA:1,0
DA:13,0
DA:14,0
DA:16,0
DA:17,0
DA:18,0
DA:31,0
DA:32,0
DA:47,0
DA:48,0
DA:60,0
DA:64,0
DA:76,0
DA:81,0
DA:94,0
DA:98,0
DA:123,0
DA:127,0
LF:18
LH:0
BRF:0
BRH:0
end_of_record
TN:
SF:src/users/payment-methods.service.ts
FN:19,generateMethodId
FN:26,now
FN:34,isLegacyV0
FN:44,maskForPeer
FN:64,(anonymous_6)
FN:71,(anonymous_7)
FN:87,(anonymous_8)
FN:106,(anonymous_9)
FN:126,(anonymous_10)
FN:153,(anonymous_11)
FN:178,(anonymous_12)
FN:190,(anonymous_13)
FN:226,(anonymous_14)
FN:249,(anonymous_15)
FN:264,(anonymous_16)
FN:272,(anonymous_17)
FN:283,(anonymous_18)
FN:316,(anonymous_19)
FN:320,(anonymous_20)
FN:328,(anonymous_21)
FN:333,(anonymous_22)
FN:336,(anonymous_23)
FNF:22
FNH:18
FNDA:2,generateMethodId
FNDA:5,now
FNDA:9,isLegacyV0
FNDA:0,maskForPeer
FNDA:11,(anonymous_6)
FNDA:11,(anonymous_7)
FNDA:6,(anonymous_8)
FNDA:11,(anonymous_9)
FNDA:0,(anonymous_10)
FNDA:0,(anonymous_11)
FNDA:3,(anonymous_12)
FNDA:0,(anonymous_13)
FNDA:2,(anonymous_14)
FNDA:1,(anonymous_15)
FNDA:3,(anonymous_16)
FNDA:4,(anonymous_17)
FNDA:2,(anonymous_18)
FNDA:3,(anonymous_19)
FNDA:3,(anonymous_20)
FNDA:4,(anonymous_21)
FNDA:1,(anonymous_22)
FNDA:1,(anonymous_23)
DA:1,1
DA:6,1
DA:20,2
DA:27,5
DA:35,9
DA:45,0
DA:46,0
DA:47,0
DA:63,1
DA:64,11
DA:72,11
DA:78,11
DA:79,11
DA:91,6
DA:96,6
DA:107,11
DA:109,9
DA:111,1
DA:115,1
DA:118,8
DA:131,0
DA:137,0
DA:140,0
DA:145,0
DA:147,0
DA:148,0
DA:153,0
DA:155,0
DA:161,0
DA:163,0
DA:164,0
DA:179,3
DA:180,3
DA:181,3
DA:195,0
DA:201,0
DA:202,0
DA:206,0
DA:207,0
DA:211,0
DA:213,0
DA:214,0
DA:217,0
DA:218,0
DA:230,2
DA:231,2
DA:233,2
DA:234,2
DA:248,2
DA:249,1
DA:252,2
DA:253,2
DA:255,2
DA:269,3
DA:270,3
DA:272,4
DA:273,3
DA:274,1
DA:279,2
DA:282,2
DA:283,2
DA:286,2
DA:303,2
DA:304,2
DA:306,2
DA:317,3
DA:318,3
DA:320,3
DA:321,3
DA:322,1
DA:327,2
DA:328,4
DA:331,2
DA:333,1
DA:334,1
DA:336,1
DA:337,1
DA:344,2
LF:78
LH:54
BRDA:35,0,0,9
BRDA:35,0,1,9
BRDA:49,1,0,0
BRDA:49,1,1,0
BRDA:52,2,0,0
BRDA:52,2,1,0
BRDA:78,3,0,0
BRDA:79,4,0,11
BRDA:79,4,1,0
BRDA:96,5,0,0
BRDA:107,6,0,2
BRDA:109,7,0,1
BRDA:137,8,0,0
BRDA:145,9,0,0
BRDA:147,10,0,0
BRDA:147,11,0,0
BRDA:147,11,1,0
BRDA:161,12,0,0
BRDA:163,13,0,0
BRDA:163,14,0,0
BRDA:163,14,1,0
BRDA:201,15,0,0
BRDA:201,16,0,0
BRDA:201,16,1,0
BRDA:206,17,0,0
BRDA:238,18,0,2
BRDA:238,18,1,2
BRDA:239,19,0,2
BRDA:239,19,1,2
BRDA:240,20,0,2
BRDA:240,20,1,0
BRDA:241,21,0,2
BRDA:241,21,1,2
BRDA:242,22,0,2
BRDA:242,22,1,0
BRDA:248,23,0,1
BRDA:273,24,0,1
BRDA:282,25,0,1
BRDA:288,26,0,2
BRDA:288,26,1,1
BRDA:289,27,0,2
BRDA:289,27,1,0
BRDA:290,28,0,0
BRDA:290,28,1,0
BRDA:292,29,0,2
BRDA:292,29,1,0
BRDA:293,30,0,0
BRDA:293,30,1,0
BRDA:295,31,0,2
BRDA:295,31,1,0
BRDA:295,32,0,0
BRDA:295,32,1,0
BRDA:296,33,0,2
BRDA:296,33,1,0
BRDA:299,34,0,2
BRDA:299,34,1,1
BRDA:321,35,0,1
BRDA:331,36,0,1
BRDA:331,37,0,2
BRDA:331,37,1,1
BRDA:334,38,0,1
BRDA:334,38,1,0
BRF:62
BRH:29
end_of_record
TN:
SF:src/users/users.controller.ts
FN:26,(anonymous_4)
FN:29,(anonymous_5)
FN:34,(anonymous_6)
FN:41,(anonymous_7)
FN:51,(anonymous_8)
FN:57,(anonymous_9)
FN:63,(anonymous_10)
FN:69,(anonymous_11)
FN:79,(anonymous_12)
FN:85,(anonymous_13)
FN:91,(anonymous_14)
FNF:11
FNH:0
FNDA:0,(anonymous_4)
FNDA:0,(anonymous_5)
FNDA:0,(anonymous_6)
FNDA:0,(anonymous_7)
FNDA:0,(anonymous_8)
FNDA:0,(anonymous_9)
FNDA:0,(anonymous_10)
FNDA:0,(anonymous_11)
FNDA:0,(anonymous_12)
FNDA:0,(anonymous_13)
FNDA:0,(anonymous_14)
DA:1,0
DA:11,0
DA:12,0
DA:13,0
DA:14,0
DA:15,0
DA:16,0
DA:17,0
DA:18,0
DA:19,0
DA:20,0
DA:25,0
DA:26,0
DA:29,0
DA:30,0
DA:34,0
DA:35,0
DA:41,0
DA:42,0
DA:51,0
DA:52,0
DA:57,0
DA:58,0
DA:63,0
DA:64,0
DA:69,0
DA:70,0
DA:79,0
DA:80,0
DA:85,0
DA:86,0
DA:91,0
DA:92,0
LF:33
LH:0
BRF:0
BRH:0
end_of_record
TN:
SF:src/users/users.module.ts
FNF:0
FNH:0
DA:1,0
DA:2,0
DA:3,0
DA:4,0
DA:5,0
DA:6,0
DA:7,0
DA:14,0
LF:8
LH:0
BRF:0
BRH:0
end_of_record
TN:
SF:src/users/users.service.ts
FN:14,(anonymous_2)
FN:16,(anonymous_3)
FN:28,(anonymous_4)
FN:42,(anonymous_5)
FN:54,(anonymous_6)
FN:68,(anonymous_7)
FN:80,(anonymous_8)
FN:97,(anonymous_9)
FN:112,(anonymous_10)
FN:130,(anonymous_11)
FN:141,(anonymous_12)
FN:161,(anonymous_13)
FNF:12
FNH:7
FNDA:10,(anonymous_2)
FNDA:2,(anonymous_3)
FNDA:0,(anonymous_4)
FNDA:0,(anonymous_5)
FNDA:0,(anonymous_6)
FNDA:1,(anonymous_7)
FNDA:3,(anonymous_8)
FNDA:2,(anonymous_9)
FNDA:0,(anonymous_10)
FNDA:0,(anonymous_11)
FNDA:1,(anonymous_12)
FNDA:1,(anonymous_13)
DA:1,1
DA:2,1
DA:3,1
DA:10,1
DA:13,1
DA:14,10
DA:17,2
DA:23,2
DA:24,1
DA:29,0
DA:38,0
DA:39,0
DA:43,0
DA:50,0
DA:51,0
DA:55,0
DA:60,0
DA:61,0
DA:69,1
DA:71,1
DA:76,1
DA:77,1
DA:81,3
DA:87,3
DA:89,3
DA:90,1
DA:93,2
DA:94,2
DA:98,2
DA:104,2
DA:106,2
DA:116,0
DA:121,0
DA:123,0
DA:131,0
DA:137,0
DA:138,0
DA:142,1
DA:157,1
DA:158,1
DA:162,1
DA:167,1
DA:168,1
LF:43
LH:28
BRDA:23,0,0,1
BRDA:38,1,0,0
BRDA:50,2,0,0
BRDA:60,3,0,0
BRDA:76,4,0,0
BRDA:87,5,0,0
BRDA:89,6,0,1
BRDA:104,7,0,0
BRDA:108,8,0,2
BRDA:108,8,1,0
BRDA:121,9,0,0
BRDA:137,10,0,0
BRDA:157,11,0,0
BRDA:167,12,0,0
BRF:14
BRH:3
end_of_record
TN:
SF:src/users/dto/create-payment-method.dto.ts
FN:20,(anonymous_2)
FN:80,(anonymous_3)
FNF:2
FNH:1
FNDA:1,(anonymous_2)
FNDA:0,(anonymous_3)
DA:1,1
DA:20,1
DA:21,1
DA:22,1
DA:23,1
DA:24,1
DA:25,1
DA:29,1
DA:37,1
DA:47,1
DA:53,1
DA:64,1
DA:73,1
DA:80,0
DA:85,1
DA:94,1
DA:103,1
LF:17
LH:16
BRDA:20,0,0,1
BRDA:20,0,1,1
BRF:2
BRH:2
end_of_record
TN:
SF:src/users/dto/set-pin.dto.ts
FNF:0
FNH:0
DA:1,0
DA:3,0
DA:6,0
LF:3
LH:0
BRF:0
BRH:0
end_of_record
TN:
SF:src/users/dto/update-payment-method.dto.ts
FNF:0
FNH:0
DA:1,0
DA:17,0
DA:23,0
DA:33,0
DA:43,0
DA:54,0
DA:63,0
DA:71,0
LF:8
LH:0
BRF:0
BRH:0
end_of_record
TN:
SF:src/users/dto/update-security.dto.ts
FNF:0
FNH:0
DA:1,0
DA:3,0
DA:5,0
LF:3
LH:0
BRF:0
BRH:0
end_of_record
TN:
SF:src/users/dto/update-user.dto.ts
FNF:0
FNH:0
DA:1,0
DA:10,0
DA:15,0
DA:20,0
DA:24,0
DA:28,0
DA:32,0
LF:7
LH:0
BRF:0
BRH:0
end_of_record
TN:
SF:src/users/dto/upsert-bank-account.dto.ts
FNF:0
FNH:0
DA:1,0
DA:3,0
DA:7,0
DA:12,0
DA:17,0
LF:5
LH:0
BRF:0
BRH:0
end_of_record
TN:
SF:src/users/dto/verify-pin.dto.ts
FNF:0
FNH:0
DA:1,0
DA:3,0
DA:6,0
LF:3
LH:0
BRF:0
BRH:0
end_of_record
